LogName=Security
SourceName=Microsoft Windows security auditing.
EventCode=4703
EventType=0
Type=Information
ComputerName=we5214srv.waynecorpinc.local
TaskCategory=Authorization Policy Change
OpCode=Info
RecordNumber=534426
Keywords=Audit Success
Message=A user right was adjusted.

Subject:
	Security ID:		NT AUTHORITY\SYSTEM
	Account Name:		we5214srv$
	Account Domain:		WAYNECORPINC
	Logon ID:		0x3E7

Target Account:
	Security ID:		NT AUTHORITY\SYSTEM
	Account Name:		we5214srv$
	Account Domain:		WAYNECORPINC
	Logon ID:		0x3E7

Process Information:
	Process ID:		0x15c4
	Process Name:		C:\Windows\WinSxS\amd64_microsoft-windows-servicingstack_31bf3856ad364e35_10.0.10586.486_none_7640e086266ea227\TiWorker.exe

Enabled Privileges:
			SeSecurityPrivilege

Disabled Privileges:
			-
",0,0,1,0,0,0,0,0,0,0,0
463,1470148659.0,"08/02/2016 20:37:39 PM
LogName=Security
SourceName=Microsoft Windows security auditing.
EventCode=4689
EventType=0
Type=Information
ComputerName=we5214srv.waynecorpinc.local
TaskCategory=Process Termination
OpCode=Info
RecordNumber=12297
Keywords=Audit Success
Message=A process has exited.

Subject:
	Security ID:		NT AUTHORITY\SYSTEM
	Account Name:		we5214srv$
	Account Domain:		WAYNECORPINC
	Logon ID:		0x3E7

Process Information:
	Process ID:	0x2a8
	Process Name:	C:\Program Files\SplunkUniversalForwarder\bin\splunk-powershell.exe
	Exit Status:	0x1
",1,0,0,0,0,0,0,0,0,0,0
464,1470148680.0,"08/02/2016 20:38:00 PM
LogName=Security
SourceName=Microsoft Windows security auditing.
EventCode=4689
EventType=0
Type=Information
ComputerName=we5214srv.waynecorpinc.local
TaskCategory=Process Termination
OpCode=Info
RecordNumber=14592
Keywords=Audit Success
Message=A process has exited.

Subject:
	Security ID:		NT AUTHORITY\SYSTEM
	Account Name:		we5214srv$
	Account Domain:		WAYNECORPINC
	Logon ID:		0x3E7

Process Information:
	Process ID:	0x620
	Process Name:	C:\Program Files\SplunkUniversalForwarder\bin\splunk-powershell.exe
	Exit Status:	0x1
",1,0,0,0,0,0,0,0,0,0,0
465,1470148740.0,"08/02/2016 20:39:00 PM
LogName=Security
SourceName=Microsoft Windows security auditing.
EventCode=4672
EventType=0
Type=Information
ComputerName=we5214srv.waynecorpinc.local
TaskCategory=Special Logon
OpCode=Info
RecordNumber=36599
Keywords=Audit Success
Message=Special privileges assigned to new logon.

Subject:
	Security ID:		NT AUTHORITY\SYSTEM
	Account Name:		we5214srv$
	Account Domain:		WAYNECORPINC
	Logon ID:		0x16F04B9

Privileges:		SeSecurityPrivilege
			SeBackupPrivilege
			SeRestorePrivilege
			SeTakeOwnershipPrivilege
			SeDebugPrivilege
			SeSystemEnvironmentPrivilege
			SeLoadDriverPrivilege
			SeImpersonatePrivilege
			SeEnableDelegationPrivilege
",0,0,0,1,0,0,0,0,0,0,0
466,1470148984.0,"08/02/2016 20:43:04 PM
LogName=Security
SourceName=Microsoft Windows security auditing.
EventCode=4703
EventType=0
Type=Information
ComputerName=we5214srv.waynecorpinc.local
TaskCategory=Authorization Policy Change
OpCode=Info
RecordNumber=533044
Keywords=Audit Success
Message=A user right was adjusted.

Subject:
	Security ID:		NT AUTHORITY\SYSTEM
	Account Name:		we5214srv$
	Account Domain:		WAYNECORPINC
	Logon ID:		0x3E7

Target Account:
	Security ID:		NT AUTHORITY\SYSTEM
	Account Name:		we5214srv$
	Account Domain:		WAYNECORPINC
	Logon ID:		0x3E7

Process Information:
	Process ID:		0x15c4
	Process Name:		C:\Windows\WinSxS\amd64_microsoft-windows-servicingstack_31bf3856ad364e35_10.0.10586.486_none_7640e086266ea227\TiWorker.exe

Enabled Privileges:
			SeSecurityPrivilege

Disabled Privileges:
			-
",0,0,1,0,0,0,0,0,0,0,0
467,1470149150.0,"08/02/2016 20:45:50 PM
LogName=Security
SourceName=Microsoft Windows security auditing.
EventCode=4689
EventType=0
Type=Information
ComputerName=we5214srv.waynecorpinc.local
TaskCategory=Process Termination
OpCode=Info
RecordNumber=23233
Keywords=Audit Success
Message=A process has exited.

Subject:
	Security ID:		NT AUTHORITY\SYSTEM
	Account Name:		we5214srv$
	Account Domain:		WAYNECORPINC
	Logon ID:		0x3E7

Process Information:
	Process ID:	0x854
	Process Name:	C:\Program Files\SplunkUniversalForwarder\bin\splunk-admon.exe
	Exit Status:	0x1
",1,0,0,0,0,0,0,0,0,0,0
468,1470149276.0,"08/02/2016 20:47:56 PM
LogName=Security
SourceName=Microsoft Windows security auditing.
EventCode=4634
EventType=0
Type=Information
ComputerName=we5214srv.waynecorpinc.local
TaskCategory=Logoff
OpCode=Info
RecordNumber=49772
Keywords=Audit Success
Message=An account was logged off.

Subject:
	Security ID:		NT AUTHORITY\SYSTEM
	Account Name:		we5214srv$
	Account Domain:		WAYNECORPINC
	Logon ID:		0x1EA02BE

Logon Type:			3

This event is generated when a logon session is destroyed. It may be positively correlated with a logon event using the Logon ID value. Logon IDs are only unique between reboots on the same computer.
",0,0,0,0,0,0,1,0,0,0,0
469,1470149801.0,"08/02/2016 20:56:41 PM
LogName=Security
SourceName=Microsoft Windows security auditing.
EventCode=4634
EventType=0
Type=Information
ComputerName=we5214srv.waynecorpinc.local
TaskCategory=Logoff
OpCode=Info
RecordNumber=35427
Keywords=Audit Success
Message=An account was logged off.

Subject:
	Security ID:		NT AUTHORITY\SYSTEM
	Account Name:		we5214srv$
	Account Domain:		WAYNECORPINC
	Logon ID:		0x1640B5A

Logon Type:			3

This event is generated when a logon session is destroyed. It may be positively correlated with a logon event using the Logon ID value. Logon IDs are only unique between reboots on the same computer.
",0,0,0,0,0,0,1,0,0,0,0
470,1470149890.0,"08/02/2016 20:58:10 PM
LogName=Security
SourceName=Microsoft Windows security auditing.
EventCode=4689
EventType=0
Type=Information
ComputerName=we5214srv.waynecorpinc.local
TaskCategory=Process Termination
OpCode=Info
RecordNumber=45769
Keywords=Audit Success
Message=A process has exited.

Subject:
	Security ID:		NT AUTHORITY\SYSTEM
	Account Name:		we5214srv$
	Account Domain:		WAYNECORPINC
	Logon ID:		0x3E7

Process Information:
	Process ID:	0xb0c
	Process Name:	C:\Program Files\SplunkUniversalForwarder\bin\splunk-winprintmon.exe
	Exit Status:	0x1
",1,0,0,0,0,0,0,0,0,0,0
471,1470150033.0,"08/02/2016 21:00:33 PM
LogName=Security
SourceName=Microsoft Windows security auditing.
EventCode=4689
EventType=0
Type=Information
ComputerName=we5214srv.waynecorpinc.local
TaskCategory=Process Termination
OpCode=Info
RecordNumber=16902
Keywords=Audit Success
Message=A process has exited.

Subject:
	Security ID:		NT AUTHORITY\SYSTEM
	Account Name:		we5214srv$
	Account Domain:		WAYNECORPINC
	Logon ID:		0x3E7

Process Information:
	Process ID:	0x8c8
	Process Name:	C:\Program Files\SplunkUniversalForwarder\bin\splunk-powershell.exe
	Exit Status:	0x1
",1,0,0,0,0,0,0,0,0,0,0
472,1470150215.0,"08/02/2016 21:03:35 PM
LogName=Security
SourceName=Microsoft Windows security auditing.
EventCode=4689
EventType=0
Type=Information
ComputerName=we5214srv.waynecorpinc.local
TaskCategory=Process Termination
OpCode=Info
RecordNumber=523036
Keywords=Audit Success
Message=A process has exited.

Subject:
	Security ID:		NT AUTHORITY\SYSTEM
	Account Name:		we5214srv$
	Account Domain:		WAYNECORPINC
	Logon ID:		0x3E7

Process Information:
	Process ID:	0x17c8
	Process Name:	C:\Program Files\SplunkUniversalForwarder\bin\splunk-regmon.exe
	Exit Status:	0x1
",1,0,0,0,0,0,0,0,0,0,0
473,1470150476.0,"08/02/2016 21:07:56 PM
LogName=Security
SourceName=Microsoft Windows security auditing.
EventCode=4703
EventType=0
Type=Information
ComputerName=we5214srv.waynecorpinc.local
TaskCategory=Authorization Policy Change
OpCode=Info
RecordNumber=527794
Keywords=Audit Success
Message=A user right was adjusted.

Subject:
	Security ID:		NT AUTHORITY\SYSTEM
	Account Name:		we5214srv$
	Account Domain:		WAYNECORPINC
	Logon ID:		0x3E7

Target Account:
	Security ID:		NT AUTHORITY\SYSTEM
	Account Name:		we5214srv$
	Account Domain:		WAYNECORPINC
	Logon ID:		0x3E7

Process Information:
	Process ID:		0x15c4
	Process Name:		C:\Windows\WinSxS\amd64_microsoft-windows-servicingstack_31bf3856ad364e35_10.0.10586.486_none_7640e086266ea227\TiWorker.exe

Enabled Privileges:
			SeSecurityPrivilege

Disabled Privileges:
			-
",0,0,1,0,0,0,0,0,0,0,0
474,1470150526.0,"08/02/2016 21:08:46 PM
LogName=Security
SourceName=Microsoft Windows security auditing.
EventCode=4656
EventType=0
Type=Information
ComputerName=we5214srv.waynecorpinc.local
TaskCategory=Removable Storage
OpCode=Info
RecordNumber=20137
Keywords=Audit Success
Message=A handle to an object was requested.

Subject:
	Security ID:		NT AUTHORITY\SYSTEM
	Account Name:		we5214srv$
	Account Domain:		WAYNECORPINC
	Logon ID:		0x3E7

Object:
	Object Server:		Security
	Object Type:		File
	Object Name:		\Device\Floppy0
	Handle ID:		0x154
	Resource Attributes:	-

Process Information:
	Process ID:		0x574
	Process Name:		C:\Program Files\VMware\VMware Tools\vmtoolsd.exe

Access Request Information:
	Transaction ID:		{00000000-0000-0000-0000-000000000000}
	Accesses:		READ_CONTROL
				SYNCHRONIZE
				ReadData (or ListDirectory)
				ReadEA
				ReadAttributes
				
	Access Reasons:		-
	Access Mask:		0x120089
	Privileges Used for Access Check:	-
	Restricted SID Count:	0
",0,1,0,0,0,0,0,0,0,0,0
475,1470150659.0,"08/02/2016 21:10:59 PM
LogName=Security
SourceName=Microsoft Windows security auditing.
EventCode=4703
EventType=0
Type=Information
ComputerName=we5214srv.waynecorpinc.local
TaskCategory=Authorization Policy Change
OpCode=Info
RecordNumber=542862
Keywords=Audit Success
Message=A user right was adjusted.

Subject:
	Security ID:		NT AUTHORITY\SYSTEM
	Account Name:		we5214srv$
	Account Domain:		WAYNECORPINC
	Logon ID:		0x3E7

Target Account:
	Security ID:		NT AUTHORITY\SYSTEM
	Account Name:		we5214srv$
	Account Domain:		WAYNECORPINC
	Logon ID:		0x3E7

Process Information:
	Process ID:		0x15c4
	Process Name:		C:\Windows\WinSxS\amd64_microsoft-windows-servicingstack_31bf3856ad364e35_10.0.10586.486_none_7640e086266ea227\TiWorker.exe

Enabled Privileges:
			SeSecurityPrivilege

Disabled Privileges:
			-
",0,0,1,0,0,0,0,0,0,0,0
476,1470150890.0,"08/02/2016 21:14:50 PM
LogName=Security
SourceName=Microsoft Windows security auditing.
EventCode=4689
EventType=0
Type=Information
ComputerName=we5214srv.waynecorpinc.local
TaskCategory=Process Termination
OpCode=Info
RecordNumber=16520
Keywords=Audit Success
Message=A process has exited.

Subject:
	Security ID:		NT AUTHORITY\SYSTEM
	Account Name:		we5214srv$
	Account Domain:		WAYNECORPINC
	Logon ID:		0x3E7

Process Information:
	Process ID:	0xb7c
	Process Name:	C:\Program Files\SplunkUniversalForwarder\bin\splunk-MonitorNoHandle.exe
	Exit Status:	0x1
",1,0,0,0,0,0,0,0,0,0,0
477,1470151211.0,"08/02/2016 21:20:11 PM
LogName=Security
SourceName=Microsoft Windows security auditing.
EventCode=4656
EventType=0
Type=Information
ComputerName=we5214srv.waynecorpinc.local
TaskCategory=Removable Storage
OpCode=Info
RecordNumber=13679
Keywords=Audit Success
Message=A handle to an object was requested.

Subject:
	Security ID:		NT AUTHORITY\SYSTEM
	Account Name:		we5214srv$
	Account Domain:		WAYNECORPINC
	Logon ID:		0x3E7

Object:
	Object Server:		Security
	Object Type:		File
	Object Name:		\Device\Floppy0
	Handle ID:		0x330
	Resource Attributes:	-

Process Information:
	Process ID:		0x574
	Process Name:		C:\Program Files\VMware\VMware Tools\vmtoolsd.exe

Access Request Information:
	Transaction ID:		{00000000-0000-0000-0000-000000000000}
	Accesses:		READ_CONTROL
				SYNCHRONIZE
				ReadData (or ListDirectory)
				ReadEA
				ReadAttributes
				
	Access Reasons:		-
	Access Mask:		0x120089
	Privileges Used for Access Check:	-
	Restricted SID Count:	0
",0,1,0,0,0,0,0,0,0,0,0
478,1470151669.0,"08/02/2016 21:27:49 PM
LogName=Security
SourceName=Microsoft Windows security auditing.
EventCode=4688
EventType=0
Type=Information
ComputerName=we5214srv.waynecorpinc.local
TaskCategory=Process Creation
OpCode=Info
RecordNumber=21132
Keywords=Audit Success
Message=A new process has been created.

Subject:
	Security ID:		NT AUTHORITY\SYSTEM
	Account Name:		we5214srv$
	Account Domain:		WAYNECORPINC
	Logon ID:		0x3E7

Process Information:
	New Process ID:		0xb40
	New Process Name:	C:\Program Files\SplunkUniversalForwarder\bin\splunk-winprintmon.exe
	Token Elevation Type:	TokenElevationTypeDefault (1)
	Creator Process ID:	0xddc
	Process Command Line:	""C:\Program Files\SplunkUniversalForwarder\bin\splunk-winprintmon.exe""

Token Elevation Type indicates the type of token that was assigned to the new process in accordance with User Account Control policy.

Type 1 is a full token with no privileges removed or groups disabled.  A full token is only used if User Account Control is disabled or if the user is the built-in Administrator account or a service account.

Type 2 is an elevated token with no privileges removed or groups disabled.  An elevated token is used when User Account Control is enabled and the user chooses to start the program using Run as administrator.  An elevated token is also used when an application is configured to always require administrative privilege or to always require maximum privilege, and the user is a member of the Administrators group.

Type 3 is a limited token with administrative privileges removed and administrative groups disabled.  The limited token is used when User Account Control is enabled, the application does not require administrative privilege, and the user does not choose to start the program using Run as administrator.
",0,0,0,0,1,0,0,0,0,0,0
479,1470151792.0,"08/02/2016 21:29:52 PM
LogName=Security
SourceName=Microsoft Windows security auditing.
EventCode=4689
EventType=0
Type=Information
ComputerName=we5214srv.waynecorpinc.local
TaskCategory=Process Termination
OpCode=Info
RecordNumber=46384
Keywords=Audit Success
Message=A process has exited.

Subject:
	Security ID:		NT AUTHORITY\SYSTEM
	Account Name:		we5214srv$
	Account Domain:		WAYNECORPINC
	Logon ID:		0x3E7

Process Information:
	Process ID:	0xf58
	Process Name:	C:\Program Files\SplunkUniversalForwarder\bin\splunk-winprintmon.exe
	Exit Status:	0x1
",1,0,0,0,0,0,0,0,0,0,0
480,1470152507.0,"08/02/2016 21:41:47 PM
LogName=Security
SourceName=Microsoft Windows security auditing.
EventCode=4688
EventType=0
Type=Information
ComputerName=we5214srv.waynecorpinc.local
TaskCategory=Process Creation
OpCode=Info
RecordNumber=36103
Keywords=Audit Success
Message=A new process has been created.

Subject:
	Security ID:		NT AUTHORITY\SYSTEM
	Account Name:		we5214srv$
	Account Domain:		WAYNECORPINC
	Logon ID:		0x3E7

Process Information:
	New Process ID:		0x388
	New Process Name:	C:\Program Files\SplunkUniversalForwarder\bin\splunk-powershell.exe
	Token Elevation Type:	TokenElevationTypeDefault (1)
	Creator Process ID:	0xc24
	Process Command Line:	""C:\Program Files\SplunkUniversalForwarder\bin\splunk-powershell.exe"" --ps2

Token Elevation Type indicates the type of token that was assigned to the new process in accordance with User Account Control policy.

Type 1 is a full token with no privileges removed or groups disabled.  A full token is only used if User Account Control is disabled or if the user is the built-in Administrator account or a service account.

Type 2 is an elevated token with no privileges removed or groups disabled.  An elevated token is used when User Account Control is enabled and the user chooses to start the program using Run as administrator.  An elevated token is also used when an application is configured to always require administrative privilege or to always require maximum privilege, and the user is a member of the Administrators group.

Type 3 is a limited token with administrative privileges removed and administrative groups disabled.  The limited token is used when User Account Control is enabled, the application does not require administrative privilege, and the user does not choose to start the program using Run as administrator.
",0,0,0,0,1,0,0,0,0,0,0
481,1470153028.0,"08/02/2016 21:50:28 PM
LogName=Security
SourceName=Microsoft Windows security auditing.
EventCode=4688
EventType=0
Type=Information
ComputerName=we5214srv.waynecorpinc.local
TaskCategory=Process Creation
OpCode=Info
RecordNumber=13720
Keywords=Audit Success
Message=A new process has been created.

Subject:
	Security ID:		NT AUTHORITY\SYSTEM
	Account Name:		we5214srv$
	Account Domain:		WAYNECORPINC
	Logon ID:		0x3E7

Process Information:
	New Process ID:		0xb34
	New Process Name:	C:\Program Files\SplunkUniversalForwarder\bin\splunk-powershell.exe
	Token Elevation Type:	TokenElevationTypeDefault (1)
	Creator Process ID:	0xddc
	Process Command Line:	""C:\Program Files\SplunkUniversalForwarder\bin\splunk-powershell.exe""

Token Elevation Type indicates the type of token that was assigned to the new process in accordance with User Account Control policy.

Type 1 is a full token with no privileges removed or groups disabled.  A full token is only used if User Account Control is disabled or if the user is the built-in Administrator account or a service account.

Type 2 is an elevated token with no privileges removed or groups disabled.  An elevated token is used when User Account Control is enabled and the user chooses to start the program using Run as administrator.  An elevated token is also used when an application is configured to always require administrative privilege or to always require maximum privilege, and the user is a member of the Administrators group.

Type 3 is a limited token with administrative privileges removed and administrative groups disabled.  The limited token is used when User Account Control is enabled, the application does not require administrative privilege, and the user does not choose to start the program using Run as administrator.
",0,0,0,0,1,0,0,0,0,0,0
482,1470153642.0,"08/02/2016 22:00:42 PM
LogName=Security
SourceName=Microsoft Windows security auditing.
EventCode=4689
EventType=0
Type=Information
ComputerName=we5214srv.waynecorpinc.local
TaskCategory=Process Termination
OpCode=Info
RecordNumber=31526
Keywords=Audit Success
Message=A process has exited.

Subject:
	Security ID:		NT AUTHORITY\SYSTEM
	Account Name:		we5214srv$
	Account Domain:		WAYNECORPINC
	Logon ID:		0x3E7

Process Information:
	Process ID:	0xa04
	Process Name:	C:\Program Files\SplunkUniversalForwarder\bin\splunk-winprintmon.exe
	Exit Status:	0x1
",1,0,0,0,0,0,0,0,0,0,0
483,1470154455.0,"08/02/2016 22:14:15 PM
LogName=Security
SourceName=Microsoft Windows security auditing.
EventCode=4703
EventType=0
Type=Information
ComputerName=we5214srv.waynecorpinc.local
TaskCategory=Authorization Policy Change
OpCode=Info
RecordNumber=530268
Keywords=Audit Success
Message=A user right was adjusted.

Subject:
	Security ID:		NT AUTHORITY\SYSTEM
	Account Name:		we5214srv$
	Account Domain:		WAYNECORPINC
	Logon ID:		0x3E7

Target Account:
	Security ID:		NT AUTHORITY\SYSTEM
	Account Name:		we5214srv$
	Account Domain:		WAYNECORPINC
	Logon ID:		0x3E7

Process Information:
	Process ID:		0x15c4
	Process Name:		C:\Windows\WinSxS\amd64_microsoft-windows-servicingstack_31bf3856ad364e35_10.0.10586.486_none_7640e086266ea227\TiWorker.exe

Enabled Privileges:
			SeSecurityPrivilege

Disabled Privileges:
			-
",0,0,1,0,0,0,0,0,0,0,0
484,1470154505.0,"08/02/2016 22:15:05 PM
LogName=Security
SourceName=Microsoft Windows security auditing.
EventCode=4703
EventType=0
Type=Information
ComputerName=we5214srv.waynecorpinc.local
TaskCategory=Authorization Policy Change
OpCode=Info
RecordNumber=543136
Keywords=Audit Success
Message=A user right was adjusted.

Subject:
	Security ID:		NT AUTHORITY\SYSTEM
	Account Name:		we5214srv$
	Account Domain:		WAYNECORPINC
	Logon ID:		0x3E7

Target Account:
	Security ID:		NT AUTHORITY\SYSTEM
	Account Name:		we5214srv$
	Account Domain:		WAYNECORPINC
	Logon ID:		0x3E7

Process Information:
	Process ID:		0x15c4
	Process Name:		C:\Windows\WinSxS\amd64_microsoft-windows-servicingstack_31bf3856ad364e35_10.0.10586.486_none_7640e086266ea227\TiWorker.exe

Enabled Privileges:
			SeSecurityPrivilege

Disabled Privileges:
			-
",0,0,1,0,0,0,0,0,0,0,0
485,1470154536.0,"08/02/2016 22:15:36 PM
LogName=Security
SourceName=Microsoft Windows security auditing.
EventCode=4672
EventType=0
Type=Information
ComputerName=we5214srv.waynecorpinc.local
TaskCategory=Special Logon
OpCode=Info
RecordNumber=32098
Keywords=Audit Success
Message=Special privileges assigned to new logon.

Subject:
	Security ID:		NT AUTHORITY\SYSTEM
	Account Name:		we5214srv$
	Account Domain:		WAYNECORPINC
	Logon ID:		0x1439C31

Privileges:		SeSecurityPrivilege
			SeBackupPrivilege
			SeRestorePrivilege
			SeTakeOwnershipPrivilege
			SeDebugPrivilege
			SeSystemEnvironmentPrivilege
			SeLoadDriverPrivilege
			SeImpersonatePrivilege
			SeEnableDelegationPrivilege
",0,0,0,1,0,0,0,0,0,0,0
486,1470154757.0,"08/02/2016 22:19:17 PM
LogName=Security
SourceName=Microsoft Windows security auditing.
EventCode=4688
EventType=0
Type=Information
ComputerName=we5214srv.waynecorpinc.local
TaskCategory=Process Creation
OpCode=Info
RecordNumber=26544
Keywords=Audit Success
Message=A new process has been created.

Subject:
	Security ID:		NT AUTHORITY\SYSTEM
	Account Name:		we5214srv$
	Account Domain:		WAYNECORPINC
	Logon ID:		0x3E7

Process Information:
	New Process ID:		0xe4c
	New Process Name:	C:\Program Files\SplunkUniversalForwarder\bin\splunk-powershell.exe
	Token Elevation Type:	TokenElevationTypeDefault (1)
	Creator Process ID:	0xddc
	Process Command Line:	""C:\Program Files\SplunkUniversalForwarder\bin\splunk-powershell.exe"" --ps2

Token Elevation Type indicates the type of token that was assigned to the new process in accordance with User Account Control policy.

Type 1 is a full token with no privileges removed or groups disabled.  A full token is only used if User Account Control is disabled or if the user is the built-in Administrator account or a service account.

Type 2 is an elevated token with no privileges removed or groups disabled.  An elevated token is used when User Account Control is enabled and the user chooses to start the program using Run as administrator.  An elevated token is also used when an application is configured to always require administrative privilege or to always require maximum privilege, and the user is a member of the Administrators group.

Type 3 is a limited token with administrative privileges removed and administrative groups disabled.  The limited token is used when User Account Control is enabled, the application does not require administrative privilege, and the user does not choose to start the program using Run as administrator.
",0,0,0,0,1,0,0,0,0,0,0
487,1470155766.0,"08/02/2016 22:36:06 PM
LogName=Security
SourceName=Microsoft Windows security auditing.
EventCode=4672
EventType=0
Type=Information
ComputerName=we5214srv.waynecorpinc.local
TaskCategory=Special Logon
OpCode=Info
RecordNumber=37813
Keywords=Audit Success
Message=Special privileges assigned to new logon.

Subject:
	Security ID:		NT AUTHORITY\SYSTEM
	Account Name:		we5214srv$
	Account Domain:		WAYNECORPINC
	Logon ID:		0x17ACA4D

Privileges:		SeSecurityPrivilege
			SeBackupPrivilege
			SeRestorePrivilege
			SeTakeOwnershipPrivilege
			SeDebugPrivilege
			SeSystemEnvironmentPrivilege
			SeLoadDriverPrivilege
			SeImpersonatePrivilege
			SeEnableDelegationPrivilege
",0,0,0,1,0,0,0,0,0,0,0
488,1470156240.0,"08/02/2016 22:44:00 PM
LogName=Security
SourceName=Microsoft Windows security auditing.
EventCode=4689
EventType=0
Type=Information
ComputerName=we5214srv.waynecorpinc.local
TaskCategory=Process Termination
OpCode=Info
RecordNumber=45374
Keywords=Audit Success
Message=A process has exited.

Subject:
	Security ID:		NT AUTHORITY\SYSTEM
	Account Name:		we5214srv$
	Account Domain:		WAYNECORPINC
	Logon ID:		0x3E7

Process Information:
	Process ID:	0x6d8
	Process Name:	C:\Program Files\SplunkUniversalForwarder\bin\splunk-netmon.exe
	Exit Status:	0x1
",1,0,0,0,0,0,0,0,0,0,0
489,1470156251.0,"08/02/2016 22:44:11 PM
LogName=Security
SourceName=Microsoft Windows security auditing.
EventCode=4703
EventType=0
Type=Information
ComputerName=we5214srv.waynecorpinc.local
TaskCategory=Authorization Policy Change
OpCode=Info
RecordNumber=520685
Keywords=Audit Success
Message=A user right was adjusted.

Subject:
	Security ID:		NT AUTHORITY\SYSTEM
	Account Name:		we5214srv$
	Account Domain:		WAYNECORPINC
	Logon ID:		0x3E7

Target Account:
	Security ID:		NT AUTHORITY\SYSTEM
	Account Name:		we5214srv$
	Account Domain:		WAYNECORPINC
	Logon ID:		0x3E7

Process Information:
	Process ID:		0x3b8
	Process Name:		C:\Windows\System32\svchost.exe

Enabled Privileges:
			SeAssignPrimaryTokenPrivilege
			SeIncreaseQuotaPrivilege
			SeSecurityPrivilege
			SeTakeOwnershipPrivilege
			SeLoadDriverPrivilege
			SeSystemtimePrivilege
			SeBackupPrivilege
			SeRestorePrivilege
			SeShutdownPrivilege
			SeSystemEnvironmentPrivilege
			SeUndockPrivilege
			SeManageVolumePrivilege

Disabled Privileges:
			-
",0,0,1,0,0,0,0,0,0,0,0
490,1470156487.0,"08/02/2016 22:48:07 PM
LogName=Security
SourceName=Microsoft Windows security auditing.
EventCode=4688
EventType=0
Type=Information
ComputerName=we5214srv.waynecorpinc.local
TaskCategory=Process Creation
OpCode=Info
RecordNumber=24257
Keywords=Audit Success
Message=A new process has been created.

Subject:
	Security ID:		NT AUTHORITY\SYSTEM
	Account Name:		we5214srv$
	Account Domain:		WAYNECORPINC
	Logon ID:		0x3E7

Process Information:
	New Process ID:		0xe40
	New Process Name:	C:\Program Files\SplunkUniversalForwarder\bin\splunk-MonitorNoHandle.exe
	Token Elevation Type:	TokenElevationTypeDefault (1)
	Creator Process ID:	0xddc
	Process Command Line:	""C:\Program Files\SplunkUniversalForwarder\bin\splunk-MonitorNoHandle.exe""

Token Elevation Type indicates the type of token that was assigned to the new process in accordance with User Account Control policy.

Type 1 is a full token with no privileges removed or groups disabled.  A full token is only used if User Account Control is disabled or if the user is the built-in Administrator account or a service account.

Type 2 is an elevated token with no privileges removed or groups disabled.  An elevated token is used when User Account Control is enabled and the user chooses to start the program using Run as administrator.  An elevated token is also used when an application is configured to always require administrative privilege or to always require maximum privilege, and the user is a member of the Administrators group.

Type 3 is a limited token with administrative privileges removed and administrative groups disabled.  The limited token is used when User Account Control is enabled, the application does not require administrative privilege, and the user does not choose to start the program using Run as administrator.
",0,0,0,0,1,0,0,0,0,0,0
491,1470156529.0,"08/02/2016 22:48:49 PM
LogName=Security
SourceName=Microsoft Windows security auditing.
EventCode=4688
EventType=0
Type=Information
ComputerName=we5214srv.waynecorpinc.local
TaskCategory=Process Creation
OpCode=Info
RecordNumber=524140
Keywords=Audit Success
Message=A new process has been created.

Creator Subject:
	Security ID:		NT AUTHORITY\SYSTEM
	Account Name:		we5214srv$
	Account Domain:		WAYNECORPINC
	Logon ID:		0x3E7

Target Subject:
	Security ID:		NULL SID
	Account Name:		-
	Account Domain:		-
	Logon ID:		0x0

Process Information:
	New Process ID:		0x11ec
	New Process Name:	C:\Program Files\SplunkUniversalForwarder\bin\splunk-admon.exe
	Token Elevation Type:	%%1936
	Mandatory Label:		Mandatory Label\System Mandatory Level
	Creator Process ID:	0x1b0
	Creator Process Name:	C:\Program Files\SplunkUniversalForwarder\bin\splunkd.exe
	Process Command Line:	""C:\Program Files\SplunkUniversalForwarder\bin\splunk-admon.exe""

Token Elevation Type indicates the type of token that was assigned to the new process in accordance with User Account Control policy.

Type 1 is a full token with no privileges removed or groups disabled.  A full token is only used if User Account Control is disabled or if the user is the built-in Administrator account or a service account.

Type 2 is an elevated token with no privileges removed or groups disabled.  An elevated token is used when User Account Control is enabled and the user chooses to start the program using Run as administrator.  An elevated token is also used when an application is configured to always require administrative privilege or to always require maximum privilege, and the user is a member of the Administrators group.

Type 3 is a limited token with administrative privileges removed and administrative groups disabled.  The limited token is used when User Account Control is enabled, the application does not require administrative privilege, and the user does not choose to start the program using Run as administrator.
",0,0,0,0,1,0,0,0,0,0,0
492,1470156657.0,"08/02/2016 22:50:57 PM
LogName=Security
SourceName=Microsoft Windows security auditing.
EventCode=4689
EventType=0
Type=Information
ComputerName=we5214srv.waynecorpinc.local
TaskCategory=Process Termination
OpCode=Info
RecordNumber=513740
Keywords=Audit Success
Message=A process has exited.

Subject:
	Security ID:		NT AUTHORITY\SYSTEM
	Account Name:		we5214srv$
	Account Domain:		WAYNECORPINC
	Logon ID:		0x3E7

Process Information:
	Process ID:	0x132c
	Process Name:	C:\Program Files\SplunkUniversalForwarder\bin\splunk-admon.exe
	Exit Status:	0x1
",1,0,0,0,0,0,0,0,0,0,0
493,1470156782.0,"08/02/2016 22:53:02 PM
LogName=Security
SourceName=Microsoft Windows security auditing.
EventCode=4689
EventType=0
Type=Information
ComputerName=we5214srv.waynecorpinc.local
TaskCategory=Process Termination
OpCode=Info
RecordNumber=519989
Keywords=Audit Success
Message=A process has exited.

Subject:
	Security ID:		NT AUTHORITY\SYSTEM
	Account Name:		we5214srv$
	Account Domain:		WAYNECORPINC
	Logon ID:		0x3E7

Process Information:
	Process ID:	0x17a8
	Process Name:	C:\Program Files\SplunkUniversalForwarder\bin\splunk-admon.exe
	Exit Status:	0x1
",1,0,0,0,0,0,0,0,0,0,0
494,1470156876.0,"08/02/2016 22:54:36 PM
LogName=Security
SourceName=Microsoft Windows security auditing.
EventCode=4624
EventType=0
Type=Information
ComputerName=we5214srv.waynecorpinc.local
TaskCategory=Logon
OpCode=Info
RecordNumber=37730
Keywords=Audit Success
Message=An account was successfully logged on.

Subject:
	Security ID:		NULL SID
	Account Name:		-
	Account Domain:		-
	Logon ID:		0x0

Logon Type:			3

Impersonation Level:		Impersonation

New Logon:
	Security ID:		NT AUTHORITY\SYSTEM
	Account Name:		we5214srv$
	Account Domain:		WAYNECORPINC
	Logon ID:		0x17A1CB0
	Logon GUID:		{CCFDB956-5500-C439-66AC-A2657C632FF9}

Process Information:
	Process ID:		0x0
	Process Name:		-

Network Information:
	Workstation Name:	
	Source Network Address:	fe80::a971:d247:426d:612c
	Source Port:		65458

Detailed Authentication Information:
	Logon Process:		Kerberos
	Authentication Package:	Kerberos
	Transited Services:	-
	Package Name (NTLM only):	-
	Key Length:		0

This event is generated when a logon session is created. It is generated on the computer that was accessed.

The subject fields indicate the account on the local system which requested the logon. This is most commonly a service such as the Server service, or a local process such as Winlogon.exe or Services.exe.

The logon type field indicates the kind of logon that occurred. The most common types are 2 (interactive) and 3 (network).

The New Logon fields indicate the account for whom the new logon was created, i.e. the account that was logged on.

The network fields indicate where a remote logon request originated. Workstation name is not always available and may be left blank in some cases.

The impersonation level field indicates the extent to which a process in the logon session can impersonate.

The authentication information fields provide detailed information about this specific logon request.
	- Logon GUID is a unique identifier that can be used to correlate this event with a KDC event.
	- Transited services indicate which intermediate services have participated in this logon request.
	- Package name indicates which sub-protocol was used among the NTLM protocols.
	- Key length indicates the length of the generated session key. This will be 0 if no session key was requested.
",0,0,0,0,0,1,0,0,0,0,0
495,1470156878.0,"08/02/2016 22:54:38 PM
LogName=Security
SourceName=Microsoft Windows security auditing.
EventCode=4688
EventType=0
Type=Information
ComputerName=we5214srv.waynecorpinc.local
TaskCategory=Process Creation
OpCode=Info
RecordNumber=48702
Keywords=Audit Success
Message=A new process has been created.

Subject:
	Security ID:		NT AUTHORITY\SYSTEM
	Account Name:		we5214srv$
	Account Domain:		WAYNECORPINC
	Logon ID:		0x3E7

Process Information:
	New Process ID:		0xc9c
	New Process Name:	C:\Program Files\SplunkUniversalForwarder\bin\splunk-MonitorNoHandle.exe
	Token Elevation Type:	TokenElevationTypeDefault (1)
	Creator Process ID:	0xc24
	Process Command Line:	""C:\Program Files\SplunkUniversalForwarder\bin\splunk-MonitorNoHandle.exe""

Token Elevation Type indicates the type of token that was assigned to the new process in accordance with User Account Control policy.

Type 1 is a full token with no privileges removed or groups disabled.  A full token is only used if User Account Control is disabled or if the user is the built-in Administrator account or a service account.

Type 2 is an elevated token with no privileges removed or groups disabled.  An elevated token is used when User Account Control is enabled and the user chooses to start the program using Run as administrator.  An elevated token is also used when an application is configured to always require administrative privilege or to always require maximum privilege, and the user is a member of the Administrators group.

Type 3 is a limited token with administrative privileges removed and administrative groups disabled.  The limited token is used when User Account Control is enabled, the application does not require administrative privilege, and the user does not choose to start the program using Run as administrator.
",0,0,0,0,1,0,0,0,0,0,0
496,1470157627.0,"08/02/2016 23:07:07 PM
LogName=Security
SourceName=Microsoft Windows security auditing.
EventCode=4689
EventType=0
Type=Information
ComputerName=we5214srv.waynecorpinc.local
TaskCategory=Process Termination
OpCode=Info
RecordNumber=513890
Keywords=Audit Success
Message=A process has exited.

Subject:
	Security ID:		NT AUTHORITY\SYSTEM
	Account Name:		we5214srv$
	Account Domain:		WAYNECORPINC
	Logon ID:		0x3E7

Process Information:
	Process ID:	0xe10
	Process Name:	C:\Program Files\SplunkUniversalForwarder\bin\splunk-regmon.exe
	Exit Status:	0x1
",1,0,0,0,0,0,0,0,0,0,0
497,1470158236.0,"08/02/2016 23:17:16 PM
LogName=Security
SourceName=Microsoft Windows security auditing.
EventCode=4689
EventType=0
Type=Information
ComputerName=we5214srv.waynecorpinc.local
TaskCategory=Process Termination
OpCode=Info
RecordNumber=50462
Keywords=Audit Success
Message=A process has exited.

Subject:
	Security ID:		NT AUTHORITY\SYSTEM
	Account Name:		we5214srv$
	Account Domain:		WAYNECORPINC
	Logon ID:		0x3E7

Process Information:
	Process ID:	0xfb0
	Process Name:	C:\Program Files\SplunkUniversalForwarder\bin\splunk-winprintmon.exe
	Exit Status:	0x1
",1,0,0,0,0,0,0,0,0,0,0
498,1470158497.0,"08/02/2016 23:21:37 PM
LogName=Security
SourceName=Microsoft Windows security auditing.
EventCode=4689
EventType=0
Type=Information
ComputerName=we5214srv.waynecorpinc.local
TaskCategory=Process Termination
OpCode=Info
RecordNumber=520099
Keywords=Audit Success
Message=A process has exited.

Subject:
	Security ID:		NT AUTHORITY\SYSTEM
	Account Name:		we5214srv$
	Account Domain:		WAYNECORPINC
	Logon ID:		0x3E7

Process Information:
	Process ID:	0xa50
	Process Name:	C:\Program Files\SplunkUniversalForwarder\bin\splunk-powershell.exe
	Exit Status:	0x1
",1,0,0,0,0,0,0,0,0,0,0
499,1470158749.0,"08/02/2016 23:25:49 PM
LogName=Security
SourceName=Microsoft Windows security auditing.
EventCode=4624
EventType=0
Type=Information
ComputerName=we5214srv.waynecorpinc.local
TaskCategory=Logon
OpCode=Info
RecordNumber=50106
Keywords=Audit Success
Message=An account was successfully logged on.

Subject:
	Security ID:		NULL SID
	Account Name:		-
	Account Domain:		-
	Logon ID:		0x0

Logon Type:			3

Impersonation Level:		Impersonation

New Logon:
	Security ID:		NT AUTHORITY\SYSTEM
	Account Name:		we5214srv$
	Account Domain:		WAYNECORPINC
	Logon ID:		0x1EDC4AA
	Logon GUID:		{07CD1F19-BEA5-63D0-FEC5-962937A38031}

Process Information:
	Process ID:		0x0
	Process Name:		-

Network Information:
	Workstation Name:	
	Source Network Address:	fe80::a971:d247:426d:612c
	Source Port:		52202

Detailed Authentication Information:
	Logon Process:		Kerberos
	Authentication Package:	Kerberos
	Transited Services:	-
	Package Name (NTLM only):	-
	Key Length:		0

This event is generated when a logon session is created. It is generated on the computer that was accessed.

The subject fields indicate the account on the local system which requested the logon. This is most commonly a service such as the Server service, or a local process such as Winlogon.exe or Services.exe.

The logon type field indicates the kind of logon that occurred. The most common types are 2 (interactive) and 3 (network).

The New Logon fields indicate the account for whom the new logon was created, i.e. the account that was logged on.

The network fields indicate where a remote logon request originated. Workstation name is not always available and may be left blank in some cases.

The impersonation level field indicates the extent to which a process in the logon session can impersonate.

The authentication information fields provide detailed information about this specific logon request.
	- Logon GUID is a unique identifier that can be used to correlate this event with a KDC event.
	- Transited services indicate which intermediate services have participated in this logon request.
	- Package name indicates which sub-protocol was used among the NTLM protocols.
	- Key length indicates the length of the generated session key. This will be 0 if no session key was requested.
",0,0,0,0,0,1,0,0,0,0,0
500,1470159147.0,"08/02/2016 23:32:27 PM
LogName=Security
SourceName=Microsoft Windows security auditing.
EventCode=4689
EventType=0
Type=Information
ComputerName=we5214srv.waynecorpinc.local
TaskCategory=Process Termination
OpCode=Info
RecordNumber=26618
Keywords=Audit Success
Message=A process has exited.

Subject:
	Security ID:		NT AUTHORITY\SYSTEM
	Account Name:		we5214srv$
	Account Domain:		WAYNECORPINC
	Logon ID:		0x3E7

Process Information:
	Process ID:	0xf98
	Process Name:	C:\Program Files\SplunkUniversalForwarder\bin\splunk-MonitorNoHandle.exe
	Exit Status:	0x1
",1,0,0,0,0,0,0,0,0,0,0
501,1470159262.0,"08/02/2016 23:34:22 PM
LogName=Security
SourceName=Microsoft Windows security auditing.
EventCode=4689
EventType=0
Type=Information
ComputerName=we5214srv.waynecorpinc.local
TaskCategory=Process Termination
OpCode=Info
RecordNumber=17784
Keywords=Audit Success
Message=A process has exited.

Subject:
	Security ID:		NT AUTHORITY\SYSTEM
	Account Name:		we5214srv$
	Account Domain:		WAYNECORPINC
	Logon ID:		0x3E7

Process Information:
	Process ID:	0xf70
	Process Name:	C:\Program Files\SplunkUniversalForwarder\bin\splunk-powershell.exe
	Exit Status:	0x1
",1,0,0,0,0,0,0,0,0,0,0
502,1470159720.0,"08/02/2016 23:42:00 PM
LogName=Security
SourceName=Microsoft Windows security auditing.
EventCode=4689
EventType=0
Type=Information
ComputerName=we5214srv.waynecorpinc.local
TaskCategory=Process Termination
OpCode=Info
RecordNumber=520767
Keywords=Audit Success
Message=A process has exited.

Subject:
	Security ID:		NT AUTHORITY\SYSTEM
	Account Name:		we5214srv$
	Account Domain:		WAYNECORPINC
	Logon ID:		0x3E7

Process Information:
	Process ID:	0x103c
	Process Name:	C:\Program Files\SplunkUniversalForwarder\bin\splunk-admon.exe
	Exit Status:	0x1
",1,0,0,0,0,0,0,0,0,0,0
503,1470160398.0,"08/02/2016 23:53:18 PM
LogName=Security
SourceName=Microsoft Windows security auditing.
EventCode=4634
EventType=0
Type=Information
ComputerName=we5214srv.waynecorpinc.local
TaskCategory=Logoff
OpCode=Info
RecordNumber=46886
Keywords=Audit Success
Message=An account was logged off.

Subject:
	Security ID:		NT AUTHORITY\SYSTEM
	Account Name:		we5214srv$
	Account Domain:		WAYNECORPINC
	Logon ID:		0x1CCE49A

Logon Type:			3

This event is generated when a logon session is destroyed. It may be positively correlated with a logon event using the Logon ID value. Logon IDs are only unique between reboots on the same computer.
",0,0,0,0,0,0,1,0,0,0,0
504,1470160899.0,"08/03/2016 00:01:39 AM
LogName=Security
SourceName=Microsoft Windows security auditing.
EventCode=4674
EventType=0
Type=Information
ComputerName=we5214srv.waynecorpinc.local
TaskCategory=Sensitive Privilege Use
OpCode=Info
RecordNumber=18004
Keywords=Audit Success
Message=An operation was attempted on a privileged object.

Subject:
	Security ID:		we5214srv\Administrator
	Account Name:		Administrator
	Account Domain:		we5214srv
	Logon ID:		0x50749

Object:
	Object Server:	Security
	Object Type:	-
	Object Name:	-
	Object Handle:	0x35c

Process Information:
	Process ID:	0xcac
	Process Name:	C:\Windows\System32\wbem\WmiPrvSE.exe

Requested Operation:
	Desired Access:	2032127
	Privileges:		SeTakeOwnershipPrivilege
",0,0,0,0,0,0,0,1,0,0,0
505,1470160910.0,"08/03/2016 00:01:50 AM
LogName=Security
SourceName=Microsoft Windows security auditing.
EventCode=4688
EventType=0
Type=Information
ComputerName=we5214srv.waynecorpinc.local
TaskCategory=Process Creation
OpCode=Info
RecordNumber=512900
Keywords=Audit Success
Message=A new process has been created.

Creator Subject:
	Security ID:		NT AUTHORITY\SYSTEM
	Account Name:		we5214srv$
	Account Domain:		WAYNECORPINC
	Logon ID:		0x3E7

Target Subject:
	Security ID:		NULL SID
	Account Name:		-
	Account Domain:		-
	Logon ID:		0x0

Process Information:
	New Process ID:		0x1650
	New Process Name:	C:\Program Files\SplunkUniversalForwarder\bin\splunk-netmon.exe
	Token Elevation Type:	%%1936
	Mandatory Label:		Mandatory Label\System Mandatory Level
	Creator Process ID:	0x1b0
	Creator Process Name:	C:\Program Files\SplunkUniversalForwarder\bin\splunkd.exe
	Process Command Line:	""C:\Program Files\SplunkUniversalForwarder\bin\splunk-netmon.exe""

Token Elevation Type indicates the type of token that was assigned to the new process in accordance with User Account Control policy.

Type 1 is a full token with no privileges removed or groups disabled.  A full token is only used if User Account Control is disabled or if the user is the built-in Administrator account or a service account.

Type 2 is an elevated token with no privileges removed or groups disabled.  An elevated token is used when User Account Control is enabled and the user chooses to start the program using Run as administrator.  An elevated token is also used when an application is configured to always require administrative privilege or to always require maximum privilege, and the user is a member of the Administrators group.

Type 3 is a limited token with administrative privileges removed and administrative groups disabled.  The limited token is used when User Account Control is enabled, the application does not require administrative privilege, and the user does not choose to start the program using Run as administrator.
",0,0,0,0,1,0,0,0,0,0,0
506,1470160977.0,"08/03/2016 00:02:57 AM
LogName=Security
SourceName=Microsoft Windows security auditing.
EventCode=4688
EventType=0
Type=Information
ComputerName=we5214srv.waynecorpinc.local
TaskCategory=Process Creation
OpCode=Info
RecordNumber=44567
Keywords=Audit Success
Message=A new process has been created.

Subject:
	Security ID:		NT AUTHORITY\SYSTEM
	Account Name:		we5214srv$
	Account Domain:		WAYNECORPINC
	Logon ID:		0x3E7

Process Information:
	New Process ID:		0x56c
	New Process Name:	C:\Program Files\SplunkUniversalForwarder\bin\splunk-winprintmon.exe
	Token Elevation Type:	TokenElevationTypeDefault (1)
	Creator Process ID:	0xc24
	Process Command Line:	""C:\Program Files\SplunkUniversalForwarder\bin\splunk-winprintmon.exe""

Token Elevation Type indicates the type of token that was assigned to the new process in accordance with User Account Control policy.

Type 1 is a full token with no privileges removed or groups disabled.  A full token is only used if User Account Control is disabled or if the user is the built-in Administrator account or a service account.

Type 2 is an elevated token with no privileges removed or groups disabled.  An elevated token is used when User Account Control is enabled and the user chooses to start the program using Run as administrator.  An elevated token is also used when an application is configured to always require administrative privilege or to always require maximum privilege, and the user is a member of the Administrators group.

Type 3 is a limited token with administrative privileges removed and administrative groups disabled.  The limited token is used when User Account Control is enabled, the application does not require administrative privilege, and the user does not choose to start the program using Run as administrator.
",0,0,0,0,1,0,0,0,0,0,0
507,1470161351.0,"08/03/2016 00:09:11 AM
LogName=Security
SourceName=Microsoft Windows security auditing.
EventCode=4689
EventType=0
Type=Information
ComputerName=we5214srv.waynecorpinc.local
TaskCategory=Process Termination
OpCode=Info
RecordNumber=38799
Keywords=Audit Success
Message=A process has exited.

Subject:
	Security ID:		NT AUTHORITY\SYSTEM
	Account Name:		we5214srv$
	Account Domain:		WAYNECORPINC
	Logon ID:		0x3E7

Process Information:
	Process ID:	0xcec
	Process Name:	C:\Program Files\SplunkUniversalForwarder\bin\splunk-winprintmon.exe
	Exit Status:	0x1
",1,0,0,0,0,0,0,0,0,0,0
508,1470161352.0,"08/03/2016 00:09:12 AM
LogName=Security
SourceName=Microsoft Windows security auditing.
EventCode=5140
EventType=0
Type=Information
ComputerName=we5214srv.waynecorpinc.local
TaskCategory=File Share
OpCode=Info
RecordNumber=32017
Keywords=Audit Success
Message=A network share object was accessed.
	
Subject:
	Security ID:		NT AUTHORITY\SYSTEM
	Account Name:		we5214srv$
	Account Domain:		WAYNECORPINC
	Logon ID:		0x1431B2A

Network Information:	
	Object Type:		File
	Source Address:		fe80::a971:d247:426d:612c
	Source Port:		63979
	
Share Information:
	Share Name:		\\*\SYSVOL
	Share Path:		\??\C:\Windows\SYSVOL\sysvol

Access Request Information:
	Access Mask:		0x1
	Accesses:		ReadData (or ListDirectory)
",0,0,0,0,0,0,0,0,0,1,0
509,1470161899.0,"08/03/2016 00:18:19 AM
LogName=Security
SourceName=Microsoft Windows security auditing.
EventCode=4689
EventType=0
Type=Information
ComputerName=we5214srv.waynecorpinc.local
TaskCategory=Process Termination
OpCode=Info
RecordNumber=15016
Keywords=Audit Success
Message=A process has exited.

Subject:
	Security ID:		NT AUTHORITY\SYSTEM
	Account Name:		we5214srv$
	Account Domain:		WAYNECORPINC
	Logon ID:		0x3E7

Process Information:
	Process ID:	0xd60
	Process Name:	C:\Program Files\SplunkUniversalForwarder\bin\splunk-powershell.exe
	Exit Status:	0x1
",1,0,0,0,0,0,0,0,0,0,0
510,1470162204.0,"08/03/2016 00:23:24 AM
LogName=Security
SourceName=Microsoft Windows security auditing.
EventCode=4672
EventType=0
Type=Information
ComputerName=we5214srv.waynecorpinc.local
TaskCategory=Special Logon
OpCode=Info
RecordNumber=33397
Keywords=Audit Success
Message=Special privileges assigned to new logon.

Subject:
	Security ID:		NT AUTHORITY\SYSTEM
	Account Name:		we5214srv$
	Account Domain:		WAYNECORPINC
	Logon ID:		0x150266C

Privileges:		SeSecurityPrivilege
			SeBackupPrivilege
			SeRestorePrivilege
			SeTakeOwnershipPrivilege
			SeDebugPrivilege
			SeSystemEnvironmentPrivilege
			SeLoadDriverPrivilege
			SeImpersonatePrivilege
			SeEnableDelegationPrivilege
",0,0,0,1,0,0,0,0,0,0,0
511,1470162441.0,"08/03/2016 00:27:21 AM
LogName=Security
SourceName=Microsoft Windows security auditing.
EventCode=4634
EventType=0
Type=Information
ComputerName=we5214srv.waynecorpinc.local
TaskCategory=Logoff
OpCode=Info
RecordNumber=48778
Keywords=Audit Success
Message=An account was logged off.

Subject:
	Security ID:		WAYNECORPINC\Ula.Edelen
	Account Name:		Ula.Edelen
	Account Domain:		WAYNECORPINC
	Logon ID:		0x1E08546

Logon Type:			3

This event is generated when a logon session is destroyed. It may be positively correlated with a logon event using the Logon ID value. Logon IDs are only unique between reboots on the same computer.
",0,0,0,0,0,0,1,0,0,0,0
512,1470162460.0,"08/03/2016 00:27:40 AM
LogName=Security
SourceName=Microsoft Windows security auditing.
EventCode=4703
EventType=0
Type=Information
ComputerName=we5214srv.waynecorpinc.local
TaskCategory=Authorization Policy Change
OpCode=Info
RecordNumber=535408
Keywords=Audit Success
Message=A user right was adjusted.

Subject:
	Security ID:		NT AUTHORITY\SYSTEM
	Account Name:		we5214srv$
	Account Domain:		WAYNECORPINC
	Logon ID:		0x3E7

Target Account:
	Security ID:		NT AUTHORITY\SYSTEM
	Account Name:		we5214srv$
	Account Domain:		WAYNECORPINC
	Logon ID:		0x3E7

Process Information:
	Process ID:		0x15c4
	Process Name:		C:\Windows\WinSxS\amd64_microsoft-windows-servicingstack_31bf3856ad364e35_10.0.10586.486_none_7640e086266ea227\TiWorker.exe

Enabled Privileges:
			SeSecurityPrivilege

Disabled Privileges:
			-
",0,0,1,0,0,0,0,0,0,0,0
513,1470162510.0,"08/03/2016 00:28:30 AM
