LogName=Security
SourceName=Microsoft Windows security auditing.
EventCode=4689
EventType=0
Type=Information
ComputerName=we5214srv.waynecorpinc.local
TaskCategory=Process Termination
OpCode=Info
RecordNumber=18032
Keywords=Audit Success
Message=A process has exited.

Subject:
	Security ID:		NT AUTHORITY\SYSTEM
	Account Name:		we5214srv$
	Account Domain:		WAYNECORPINC
	Logon ID:		0x3E7

Process Information:
	Process ID:	0x9d8
	Process Name:	C:\Program Files\SplunkUniversalForwarder\bin\splunk-winprintmon.exe
	Exit Status:	0x1
",1,0,0,0,0,0,0,0,0,0,0
1039,1470353007.0,"08/05/2016 05:23:27 AM
LogName=Security
SourceName=Microsoft Windows security auditing.
EventCode=4689
EventType=0
Type=Information
ComputerName=we5214srv.waynecorpinc.local
TaskCategory=Process Termination
OpCode=Info
RecordNumber=37181
Keywords=Audit Success
Message=A process has exited.

Subject:
	Security ID:		NT AUTHORITY\SYSTEM
	Account Name:		we5214srv$
	Account Domain:		WAYNECORPINC
	Logon ID:		0x3E7

Process Information:
	Process ID:	0x824
	Process Name:	C:\Program Files\SplunkUniversalForwarder\bin\splunk-MonitorNoHandle.exe
	Exit Status:	0x1
",1,0,0,0,0,0,0,0,0,0,0
1040,1470353146.0,"08/05/2016 05:25:46 AM
LogName=Security
SourceName=Microsoft Windows security auditing.
EventCode=4703
EventType=0
Type=Information
ComputerName=we5214srv.waynecorpinc.local
TaskCategory=Authorization Policy Change
OpCode=Info
RecordNumber=534409
Keywords=Audit Success
Message=A user right was adjusted.

Subject:
	Security ID:		NT AUTHORITY\SYSTEM
	Account Name:		we5214srv$
	Account Domain:		WAYNECORPINC
	Logon ID:		0x3E7

Target Account:
	Security ID:		NT AUTHORITY\SYSTEM
	Account Name:		we5214srv$
	Account Domain:		WAYNECORPINC
	Logon ID:		0x3E7

Process Information:
	Process ID:		0x15c4
	Process Name:		C:\Windows\WinSxS\amd64_microsoft-windows-servicingstack_31bf3856ad364e35_10.0.10586.486_none_7640e086266ea227\TiWorker.exe

Enabled Privileges:
			SeSecurityPrivilege

Disabled Privileges:
			-
",0,0,1,0,0,0,0,0,0,0,0
1041,1470354022.0,"08/05/2016 05:40:22 AM
LogName=Security
SourceName=Microsoft Windows security auditing.
EventCode=4689
EventType=0
Type=Information
ComputerName=we5214srv.waynecorpinc.local
TaskCategory=Process Termination
OpCode=Info
RecordNumber=19022
Keywords=Audit Success
Message=A process has exited.

Subject:
	Security ID:		NT AUTHORITY\SYSTEM
	Account Name:		we5214srv$
	Account Domain:		WAYNECORPINC
	Logon ID:		0x3E7

Process Information:
	Process ID:	0x84c
	Process Name:	C:\Program Files\SplunkUniversalForwarder\bin\splunk-netmon.exe
	Exit Status:	0x1
",1,0,0,0,0,0,0,0,0,0,0
1042,1470354267.0,"08/05/2016 05:44:27 AM
LogName=Security
SourceName=Microsoft Windows security auditing.
EventCode=4689
EventType=0
Type=Information
ComputerName=we5214srv.waynecorpinc.local
TaskCategory=Process Termination
OpCode=Info
RecordNumber=30315
Keywords=Audit Success
Message=A process has exited.

Subject:
	Security ID:		NT AUTHORITY\SYSTEM
	Account Name:		we5214srv$
	Account Domain:		WAYNECORPINC
	Logon ID:		0x3E7

Process Information:
	Process ID:	0xcb4
	Process Name:	C:\Program Files\SplunkUniversalForwarder\bin\splunk-powershell.exe
	Exit Status:	0x1
",1,0,0,0,0,0,0,0,0,0,0
1043,1470355730.0,"08/05/2016 06:08:50 AM
LogName=Security
SourceName=Microsoft Windows security auditing.
EventCode=4703
EventType=0
Type=Information
ComputerName=we5214srv.waynecorpinc.local
TaskCategory=Authorization Policy Change
OpCode=Info
RecordNumber=528165
Keywords=Audit Success
Message=A user right was adjusted.

Subject:
	Security ID:		NT AUTHORITY\SYSTEM
	Account Name:		we5214srv$
	Account Domain:		WAYNECORPINC
	Logon ID:		0x3E7

Target Account:
	Security ID:		NT AUTHORITY\SYSTEM
	Account Name:		we5214srv$
	Account Domain:		WAYNECORPINC
	Logon ID:		0x3E7

Process Information:
	Process ID:		0x15c4
	Process Name:		C:\Windows\WinSxS\amd64_microsoft-windows-servicingstack_31bf3856ad364e35_10.0.10586.486_none_7640e086266ea227\TiWorker.exe

Enabled Privileges:
			SeSecurityPrivilege

Disabled Privileges:
			-
",0,0,1,0,0,0,0,0,0,0,0
1044,1470355775.0,"08/05/2016 06:09:35 AM
LogName=Security
SourceName=Microsoft Windows security auditing.
EventCode=4688
EventType=0
Type=Information
ComputerName=we5214srv.waynecorpinc.local
TaskCategory=Process Creation
OpCode=Info
RecordNumber=523324
Keywords=Audit Success
Message=A new process has been created.

Creator Subject:
	Security ID:		NT AUTHORITY\SYSTEM
	Account Name:		we5214srv$
	Account Domain:		WAYNECORPINC
	Logon ID:		0x3E7

Target Subject:
	Security ID:		NULL SID
	Account Name:		Conchita.Wolff
	Account Domain:		WAYNECORPINC
	Logon ID:		0x4ECABD

Process Information:
	New Process ID:		0xf38
	New Process Name:	C:\Windows\System32\dllhost.exe
	Token Elevation Type:	%%1936
	Mandatory Label:		Mandatory Label\Medium Mandatory Level
	Creator Process ID:	0x2ac
	Creator Process Name:	C:\Windows\System32\svchost.exe
	Process Command Line:	C:\Windows\system32\DllHost.exe /Processid:{7006698D-2974-4091-A424-85DD0B909E23}

Token Elevation Type indicates the type of token that was assigned to the new process in accordance with User Account Control policy.

Type 1 is a full token with no privileges removed or groups disabled.  A full token is only used if User Account Control is disabled or if the user is the built-in Administrator account or a service account.

Type 2 is an elevated token with no privileges removed or groups disabled.  An elevated token is used when User Account Control is enabled and the user chooses to start the program using Run as administrator.  An elevated token is also used when an application is configured to always require administrative privilege or to always require maximum privilege, and the user is a member of the Administrators group.

Type 3 is a limited token with administrative privileges removed and administrative groups disabled.  The limited token is used when User Account Control is enabled, the application does not require administrative privilege, and the user does not choose to start the program using Run as administrator.
",0,0,0,0,1,0,0,0,0,0,0
1045,1470357068.0,"08/05/2016 06:31:08 AM
LogName=Security
SourceName=Microsoft Windows security auditing.
EventCode=4703
EventType=0
Type=Information
ComputerName=we5214srv.waynecorpinc.local
TaskCategory=Authorization Policy Change
OpCode=Info
RecordNumber=538220
Keywords=Audit Success
Message=A user right was adjusted.

Subject:
	Security ID:		NT AUTHORITY\SYSTEM
	Account Name:		we5214srv$
	Account Domain:		WAYNECORPINC
	Logon ID:		0x3E7

Target Account:
	Security ID:		NT AUTHORITY\SYSTEM
	Account Name:		we5214srv$
	Account Domain:		WAYNECORPINC
	Logon ID:		0x3E7

Process Information:
	Process ID:		0x15c4
	Process Name:		C:\Windows\WinSxS\amd64_microsoft-windows-servicingstack_31bf3856ad364e35_10.0.10586.486_none_7640e086266ea227\TiWorker.exe

Enabled Privileges:
			SeSecurityPrivilege

Disabled Privileges:
			-
",0,0,1,0,0,0,0,0,0,0,0
1046,1470357626.0,"08/05/2016 06:40:26 AM
LogName=Security
SourceName=Microsoft Windows security auditing.
EventCode=4688
EventType=0
Type=Information
ComputerName=we5214srv.waynecorpinc.local
TaskCategory=Process Creation
OpCode=Info
RecordNumber=14078
Keywords=Audit Success
Message=A new process has been created.

Subject:
	Security ID:		NT AUTHORITY\SYSTEM
	Account Name:		we5214srv$
	Account Domain:		WAYNECORPINC
	Logon ID:		0x3E7

Process Information:
	New Process ID:		0x9c8
	New Process Name:	C:\Program Files\SplunkUniversalForwarder\bin\splunk-admon.exe
	Token Elevation Type:	TokenElevationTypeDefault (1)
	Creator Process ID:	0xddc
	Process Command Line:	""C:\Program Files\SplunkUniversalForwarder\bin\splunk-admon.exe""

Token Elevation Type indicates the type of token that was assigned to the new process in accordance with User Account Control policy.

Type 1 is a full token with no privileges removed or groups disabled.  A full token is only used if User Account Control is disabled or if the user is the built-in Administrator account or a service account.

Type 2 is an elevated token with no privileges removed or groups disabled.  An elevated token is used when User Account Control is enabled and the user chooses to start the program using Run as administrator.  An elevated token is also used when an application is configured to always require administrative privilege or to always require maximum privilege, and the user is a member of the Administrators group.

Type 3 is a limited token with administrative privileges removed and administrative groups disabled.  The limited token is used when User Account Control is enabled, the application does not require administrative privilege, and the user does not choose to start the program using Run as administrator.
",0,0,0,0,1,0,0,0,0,0,0
1047,1470357684.0,"08/05/2016 06:41:24 AM
LogName=Security
SourceName=Microsoft Windows security auditing.
EventCode=4624
EventType=0
Type=Information
ComputerName=we5214srv.waynecorpinc.local
TaskCategory=Logon
OpCode=Info
RecordNumber=45599
Keywords=Audit Success
Message=An account was successfully logged on.

Subject:
	Security ID:		NULL SID
	Account Name:		-
	Account Domain:		-
	Logon ID:		0x0

Logon Type:			3

Impersonation Level:		Delegation

New Logon:
	Security ID:		WAYNECORPINC\we5214srv$
	Account Name:		we5214srv$
	Account Domain:		WAYNECORPINC
	Logon ID:		0x1C14A63
	Logon GUID:		{34C3C3AD-B1F0-BFB4-02BF-D7E8C948A5A0}

Process Information:
	Process ID:		0x0
	Process Name:		-

Network Information:
	Workstation Name:	
	Source Network Address:	192.168.250.70
	Source Port:		63565

Detailed Authentication Information:
	Logon Process:		Kerberos
	Authentication Package:	Kerberos
	Transited Services:	-
	Package Name (NTLM only):	-
	Key Length:		0

This event is generated when a logon session is created. It is generated on the computer that was accessed.

The subject fields indicate the account on the local system which requested the logon. This is most commonly a service such as the Server service, or a local process such as Winlogon.exe or Services.exe.

The logon type field indicates the kind of logon that occurred. The most common types are 2 (interactive) and 3 (network).

The New Logon fields indicate the account for whom the new logon was created, i.e. the account that was logged on.

The network fields indicate where a remote logon request originated. Workstation name is not always available and may be left blank in some cases.

The impersonation level field indicates the extent to which a process in the logon session can impersonate.

The authentication information fields provide detailed information about this specific logon request.
	- Logon GUID is a unique identifier that can be used to correlate this event with a KDC event.
	- Transited services indicate which intermediate services have participated in this logon request.
	- Package name indicates which sub-protocol was used among the NTLM protocols.
	- Key length indicates the length of the generated session key. This will be 0 if no session key was requested.
",0,0,0,0,0,1,0,0,0,0,0
1048,1470357886.0,"08/05/2016 06:44:46 AM
LogName=Security
SourceName=Microsoft Windows security auditing.
EventCode=4688
EventType=0
Type=Information
ComputerName=we5214srv.waynecorpinc.local
TaskCategory=Process Creation
OpCode=Info
RecordNumber=20832
Keywords=Audit Success
Message=A new process has been created.

Subject:
	Security ID:		NT AUTHORITY\SYSTEM
	Account Name:		we5214srv$
	Account Domain:		WAYNECORPINC
	Logon ID:		0x3E7

Process Information:
	New Process ID:		0xb40
	New Process Name:	C:\Program Files\SplunkUniversalForwarder\bin\splunk-regmon.exe
	Token Elevation Type:	TokenElevationTypeDefault (1)
	Creator Process ID:	0xddc
	Process Command Line:	""C:\Program Files\SplunkUniversalForwarder\bin\splunk-regmon.exe""

Token Elevation Type indicates the type of token that was assigned to the new process in accordance with User Account Control policy.

Type 1 is a full token with no privileges removed or groups disabled.  A full token is only used if User Account Control is disabled or if the user is the built-in Administrator account or a service account.

Type 2 is an elevated token with no privileges removed or groups disabled.  An elevated token is used when User Account Control is enabled and the user chooses to start the program using Run as administrator.  An elevated token is also used when an application is configured to always require administrative privilege or to always require maximum privilege, and the user is a member of the Administrators group.

Type 3 is a limited token with administrative privileges removed and administrative groups disabled.  The limited token is used when User Account Control is enabled, the application does not require administrative privilege, and the user does not choose to start the program using Run as administrator.
",0,0,0,0,1,0,0,0,0,0,0
1049,1470357901.0,"08/05/2016 06:45:01 AM
LogName=Security
SourceName=Microsoft Windows security auditing.
EventCode=4689
EventType=0
Type=Information
ComputerName=we5214srv.waynecorpinc.local
TaskCategory=Process Termination
OpCode=Info
RecordNumber=18931
Keywords=Audit Success
Message=A process has exited.

Subject:
	Security ID:		NT AUTHORITY\SYSTEM
	Account Name:		we5214srv$
	Account Domain:		WAYNECORPINC
	Logon ID:		0x3E7

Process Information:
	Process ID:	0xf04
	Process Name:	C:\Program Files\SplunkUniversalForwarder\bin\splunk-powershell.exe
	Exit Status:	0x1
",1,0,0,0,0,0,0,0,0,0,0
1050,1470358032.0,"08/05/2016 06:47:12 AM
LogName=Security
SourceName=Microsoft Windows security auditing.
EventCode=4688
EventType=0
Type=Information
ComputerName=we5214srv.waynecorpinc.local
TaskCategory=Process Creation
OpCode=Info
RecordNumber=545271
Keywords=Audit Success
Message=A new process has been created.

Creator Subject:
	Security ID:		NT AUTHORITY\SYSTEM
	Account Name:		we5214srv$
	Account Domain:		WAYNECORPINC
	Logon ID:		0x3E7

Target Subject:
	Security ID:		NULL SID
	Account Name:		Nelly.Sentell
	Account Domain:		WAYNECORPINC
	Logon ID:		0x4ECABD

Process Information:
	New Process ID:		0x3f0
	New Process Name:	C:\Windows\System32\backgroundTaskHost.exe
	Token Elevation Type:	%%1936
	Mandatory Label:		Mandatory Label\Low Mandatory Level
	Creator Process ID:	0x2ac
	Creator Process Name:	C:\Windows\System32\svchost.exe
	Process Command Line:	""C:\Windows\system32\backgroundTaskHost.exe"" -ServerName:CortanaUI.AppXy7vb4pc2dr3kc93kfc509b1d0arkfb2x.mca

Token Elevation Type indicates the type of token that was assigned to the new process in accordance with User Account Control policy.

Type 1 is a full token with no privileges removed or groups disabled.  A full token is only used if User Account Control is disabled or if the user is the built-in Administrator account or a service account.

Type 2 is an elevated token with no privileges removed or groups disabled.  An elevated token is used when User Account Control is enabled and the user chooses to start the program using Run as administrator.  An elevated token is also used when an application is configured to always require administrative privilege or to always require maximum privilege, and the user is a member of the Administrators group.

Type 3 is a limited token with administrative privileges removed and administrative groups disabled.  The limited token is used when User Account Control is enabled, the application does not require administrative privilege, and the user does not choose to start the program using Run as administrator.
",0,0,0,0,1,0,0,0,0,0,0
1051,1470358294.0,"08/05/2016 06:51:34 AM
LogName=Security
SourceName=Microsoft Windows security auditing.
EventCode=4688
EventType=0
Type=Information
ComputerName=we5214srv.waynecorpinc.local
TaskCategory=Process Creation
OpCode=Info
RecordNumber=17969
Keywords=Audit Success
Message=A new process has been created.

Subject:
	Security ID:		NT AUTHORITY\SYSTEM
	Account Name:		we5214srv$
	Account Domain:		WAYNECORPINC
	Logon ID:		0x3E7

Process Information:
	New Process ID:		0xca0
	New Process Name:	C:\Program Files\SplunkUniversalForwarder\bin\splunk-regmon.exe
	Token Elevation Type:	TokenElevationTypeDefault (1)
	Creator Process ID:	0xddc
	Process Command Line:	""C:\Program Files\SplunkUniversalForwarder\bin\splunk-regmon.exe""

Token Elevation Type indicates the type of token that was assigned to the new process in accordance with User Account Control policy.

Type 1 is a full token with no privileges removed or groups disabled.  A full token is only used if User Account Control is disabled or if the user is the built-in Administrator account or a service account.

Type 2 is an elevated token with no privileges removed or groups disabled.  An elevated token is used when User Account Control is enabled and the user chooses to start the program using Run as administrator.  An elevated token is also used when an application is configured to always require administrative privilege or to always require maximum privilege, and the user is a member of the Administrators group.

Type 3 is a limited token with administrative privileges removed and administrative groups disabled.  The limited token is used when User Account Control is enabled, the application does not require administrative privilege, and the user does not choose to start the program using Run as administrator.
",0,0,0,0,1,0,0,0,0,0,0
1052,1470358301.0,"08/05/2016 06:51:41 AM
LogName=Security
SourceName=Microsoft Windows security auditing.
EventCode=4688
EventType=0
Type=Information
ComputerName=we5214srv.waynecorpinc.local
TaskCategory=Process Creation
OpCode=Info
RecordNumber=15901
Keywords=Audit Success
Message=A new process has been created.

Subject:
	Security ID:		NT AUTHORITY\SYSTEM
	Account Name:		we5214srv$
	Account Domain:		WAYNECORPINC
	Logon ID:		0x3E7

Process Information:
	New Process ID:		0x7e0
	New Process Name:	C:\Program Files\SplunkUniversalForwarder\bin\splunk-MonitorNoHandle.exe
	Token Elevation Type:	TokenElevationTypeDefault (1)
	Creator Process ID:	0xddc
	Process Command Line:	""C:\Program Files\SplunkUniversalForwarder\bin\splunk-MonitorNoHandle.exe""

Token Elevation Type indicates the type of token that was assigned to the new process in accordance with User Account Control policy.

Type 1 is a full token with no privileges removed or groups disabled.  A full token is only used if User Account Control is disabled or if the user is the built-in Administrator account or a service account.

Type 2 is an elevated token with no privileges removed or groups disabled.  An elevated token is used when User Account Control is enabled and the user chooses to start the program using Run as administrator.  An elevated token is also used when an application is configured to always require administrative privilege or to always require maximum privilege, and the user is a member of the Administrators group.

Type 3 is a limited token with administrative privileges removed and administrative groups disabled.  The limited token is used when User Account Control is enabled, the application does not require administrative privilege, and the user does not choose to start the program using Run as administrator.
",0,0,0,0,1,0,0,0,0,0,0
1053,1470358512.0,"08/05/2016 06:55:12 AM
LogName=Security
SourceName=Microsoft Windows security auditing.
EventCode=4688
EventType=0
Type=Information
ComputerName=we5214srv.waynecorpinc.local
TaskCategory=Process Creation
OpCode=Info
RecordNumber=49947
Keywords=Audit Success
Message=A new process has been created.

Subject:
	Security ID:		NT AUTHORITY\SYSTEM
	Account Name:		we5214srv$
	Account Domain:		WAYNECORPINC
	Logon ID:		0x3E7

Process Information:
	New Process ID:		0xc28
	New Process Name:	C:\Program Files\SplunkUniversalForwarder\bin\splunk-netmon.exe
	Token Elevation Type:	TokenElevationTypeDefault (1)
	Creator Process ID:	0xc24
	Process Command Line:	""C:\Program Files\SplunkUniversalForwarder\bin\splunk-netmon.exe""

Token Elevation Type indicates the type of token that was assigned to the new process in accordance with User Account Control policy.

Type 1 is a full token with no privileges removed or groups disabled.  A full token is only used if User Account Control is disabled or if the user is the built-in Administrator account or a service account.

Type 2 is an elevated token with no privileges removed or groups disabled.  An elevated token is used when User Account Control is enabled and the user chooses to start the program using Run as administrator.  An elevated token is also used when an application is configured to always require administrative privilege or to always require maximum privilege, and the user is a member of the Administrators group.

Type 3 is a limited token with administrative privileges removed and administrative groups disabled.  The limited token is used when User Account Control is enabled, the application does not require administrative privilege, and the user does not choose to start the program using Run as administrator.
",0,0,0,0,1,0,0,0,0,0,0
1054,1470358586.0,"08/05/2016 06:56:26 AM
LogName=Security
SourceName=Microsoft Windows security auditing.
EventCode=4670
EventType=0
Type=Information
ComputerName=we5214srv.waynecorpinc.local
TaskCategory=Authorization Policy Change
OpCode=Info
RecordNumber=24511
Keywords=Audit Success
Message=Permissions on an object were changed.

Subject:
	Security ID:		NT AUTHORITY\SYSTEM
	Account Name:		we5214srv$
	Account Domain:		WAYNECORPINC
	Logon ID:		0x3E7

Object:
	Object Server:	Security
	Object Type:	Token
	Object Name:	-
	Handle ID:	0x12b4

Process:
	Process ID:	0x2d4
	Process Name:	C:\Windows\System32\svchost.exe

Permissions Change:
	Original Security Descriptor:	D:(A;;GA;;;SY)(A;;GA;;;NS)
	New Security Descriptor:	D:(A;;GA;;;SY)(A;;RC;;;OW)(A;;GA;;;S-1-5-86-615999462-62705297-2911207457-59056572-3668589837)
",0,0,1,0,0,0,0,0,0,0,0
1055,1470359592.0,"08/05/2016 07:13:12 AM
LogName=Security
SourceName=Microsoft Windows security auditing.
EventCode=4688
EventType=0
Type=Information
ComputerName=we5214srv.waynecorpinc.local
TaskCategory=Process Creation
OpCode=Info
RecordNumber=525325
Keywords=Audit Success
Message=A new process has been created.

Creator Subject:
	Security ID:		NT AUTHORITY\SYSTEM
	Account Name:		we5214srv$
	Account Domain:		WAYNECORPINC
	Logon ID:		0x3E7

Target Subject:
	Security ID:		NULL SID
	Account Name:		-
	Account Domain:		-
	Logon ID:		0x0

Process Information:
	New Process ID:		0x10f8
	New Process Name:	C:\Windows\Microsoft.NET\Framework64\v4.0.30319\mscorsvw.exe
	Token Elevation Type:	%%1936
	Mandatory Label:		Mandatory Label\System Mandatory Level
	Creator Process ID:	0xf54
	Creator Process Name:	C:\Windows\Microsoft.NET\Framework64\v4.0.30319\ngen.exe
	Process Command Line:	C:\Windows\Microsoft.NET\Framework64\v4.0.30319\mscorsvw.exe -StartupEvent 14c -InterruptEvent 0 -NGENProcess 138 -Pipe 148 -Comment ""NGen Worker Process""

Token Elevation Type indicates the type of token that was assigned to the new process in accordance with User Account Control policy.

Type 1 is a full token with no privileges removed or groups disabled.  A full token is only used if User Account Control is disabled or if the user is the built-in Administrator account or a service account.

Type 2 is an elevated token with no privileges removed or groups disabled.  An elevated token is used when User Account Control is enabled and the user chooses to start the program using Run as administrator.  An elevated token is also used when an application is configured to always require administrative privilege or to always require maximum privilege, and the user is a member of the Administrators group.

Type 3 is a limited token with administrative privileges removed and administrative groups disabled.  The limited token is used when User Account Control is enabled, the application does not require administrative privilege, and the user does not choose to start the program using Run as administrator.
",0,0,0,0,1,0,0,0,0,0,0
1056,1470359605.0,"08/05/2016 07:13:25 AM
LogName=Security
SourceName=Microsoft Windows security auditing.
EventCode=4672
EventType=0
Type=Information
ComputerName=we5214srv.waynecorpinc.local
TaskCategory=Special Logon
OpCode=Info
RecordNumber=41854
Keywords=Audit Success
Message=Special privileges assigned to new logon.

Subject:
	Security ID:		NT AUTHORITY\SYSTEM
	Account Name:		we5214srv$
	Account Domain:		WAYNECORPINC
	Logon ID:		0x19E692A

Privileges:		SeSecurityPrivilege
			SeBackupPrivilege
			SeRestorePrivilege
			SeTakeOwnershipPrivilege
			SeDebugPrivilege
			SeSystemEnvironmentPrivilege
			SeLoadDriverPrivilege
			SeImpersonatePrivilege
			SeEnableDelegationPrivilege
",0,0,0,1,0,0,0,0,0,0,0
1057,1470360675.0,"08/05/2016 07:31:15 AM
LogName=Security
SourceName=Microsoft Windows security auditing.
EventCode=4689
EventType=0
Type=Information
ComputerName=we5214srv.waynecorpinc.local
TaskCategory=Process Termination
OpCode=Info
RecordNumber=523985
Keywords=Audit Success
Message=A process has exited.

Subject:
	Security ID:		NT AUTHORITY\SYSTEM
	Account Name:		we5214srv$
	Account Domain:		WAYNECORPINC
	Logon ID:		0x3E7

Process Information:
	Process ID:	0x127c
	Process Name:	C:\Program Files\SplunkUniversalForwarder\bin\splunk-netmon.exe
	Exit Status:	0x1
",1,0,0,0,0,0,0,0,0,0,0
1058,1470360774.0,"08/05/2016 07:32:54 AM
LogName=Security
SourceName=Microsoft Windows security auditing.
EventCode=4703
EventType=0
Type=Information
ComputerName=we5214srv.waynecorpinc.local
TaskCategory=Authorization Policy Change
OpCode=Info
RecordNumber=535724
Keywords=Audit Success
Message=A user right was adjusted.

Subject:
	Security ID:		NT AUTHORITY\SYSTEM
	Account Name:		we5214srv$
	Account Domain:		WAYNECORPINC
	Logon ID:		0x3E7

Target Account:
	Security ID:		NT AUTHORITY\SYSTEM
	Account Name:		we5214srv$
	Account Domain:		WAYNECORPINC
	Logon ID:		0x3E7

Process Information:
	Process ID:		0x15c4
	Process Name:		C:\Windows\WinSxS\amd64_microsoft-windows-servicingstack_31bf3856ad364e35_10.0.10586.486_none_7640e086266ea227\TiWorker.exe

Enabled Privileges:
			SeSecurityPrivilege

Disabled Privileges:
			-
",0,0,1,0,0,0,0,0,0,0,0
1059,1470361503.0,"08/05/2016 07:45:03 AM
LogName=Security
SourceName=Microsoft Windows security auditing.
EventCode=4689
EventType=0
Type=Information
ComputerName=we5214srv.waynecorpinc.local
TaskCategory=Process Termination
OpCode=Info
RecordNumber=21871
Keywords=Audit Success
Message=A process has exited.

Subject:
	Security ID:		NT AUTHORITY\SYSTEM
	Account Name:		we5214srv$
	Account Domain:		WAYNECORPINC
	Logon ID:		0x3E7

Process Information:
	Process ID:	0x620
	Process Name:	C:\Program Files\SplunkUniversalForwarder\bin\splunk-netmon.exe
	Exit Status:	0x1
",1,0,0,0,0,0,0,0,0,0,0
1060,1470362093.0,"08/05/2016 07:54:53 AM
LogName=Security
SourceName=Microsoft Windows security auditing.
EventCode=4688
EventType=0
Type=Information
ComputerName=we5214srv.waynecorpinc.local
TaskCategory=Process Creation
OpCode=Info
RecordNumber=20344
Keywords=Audit Success
Message=A new process has been created.

Subject:
	Security ID:		NT AUTHORITY\SYSTEM
	Account Name:		we5214srv$
	Account Domain:		WAYNECORPINC
	Logon ID:		0x3E7

Process Information:
	New Process ID:		0x5b4
	New Process Name:	C:\Program Files\SplunkUniversalForwarder\bin\splunk-winprintmon.exe
	Token Elevation Type:	TokenElevationTypeDefault (1)
	Creator Process ID:	0xddc
	Process Command Line:	""C:\Program Files\SplunkUniversalForwarder\bin\splunk-winprintmon.exe""

Token Elevation Type indicates the type of token that was assigned to the new process in accordance with User Account Control policy.

Type 1 is a full token with no privileges removed or groups disabled.  A full token is only used if User Account Control is disabled or if the user is the built-in Administrator account or a service account.

Type 2 is an elevated token with no privileges removed or groups disabled.  An elevated token is used when User Account Control is enabled and the user chooses to start the program using Run as administrator.  An elevated token is also used when an application is configured to always require administrative privilege or to always require maximum privilege, and the user is a member of the Administrators group.

Type 3 is a limited token with administrative privileges removed and administrative groups disabled.  The limited token is used when User Account Control is enabled, the application does not require administrative privilege, and the user does not choose to start the program using Run as administrator.
",0,0,0,0,1,0,0,0,0,0,0
1061,1470362986.0,"08/05/2016 08:09:46 AM
LogName=Security
SourceName=Microsoft Windows security auditing.
EventCode=4688
EventType=0
Type=Information
ComputerName=we5214srv.waynecorpinc.local
TaskCategory=Process Creation
OpCode=Info
RecordNumber=21050
Keywords=Audit Success
Message=A new process has been created.

Subject:
	Security ID:		NT AUTHORITY\SYSTEM
	Account Name:		we5214srv$
	Account Domain:		WAYNECORPINC
	Logon ID:		0x3E7

Process Information:
	New Process ID:		0xe50
	New Process Name:	C:\Program Files\SplunkUniversalForwarder\bin\splunk-netmon.exe
	Token Elevation Type:	TokenElevationTypeDefault (1)
	Creator Process ID:	0xddc
	Process Command Line:	""C:\Program Files\SplunkUniversalForwarder\bin\splunk-netmon.exe""

Token Elevation Type indicates the type of token that was assigned to the new process in accordance with User Account Control policy.

Type 1 is a full token with no privileges removed or groups disabled.  A full token is only used if User Account Control is disabled or if the user is the built-in Administrator account or a service account.

Type 2 is an elevated token with no privileges removed or groups disabled.  An elevated token is used when User Account Control is enabled and the user chooses to start the program using Run as administrator.  An elevated token is also used when an application is configured to always require administrative privilege or to always require maximum privilege, and the user is a member of the Administrators group.

Type 3 is a limited token with administrative privileges removed and administrative groups disabled.  The limited token is used when User Account Control is enabled, the application does not require administrative privilege, and the user does not choose to start the program using Run as administrator.
",0,0,0,0,1,0,0,0,0,0,0
1062,1470363027.0,"08/05/2016 08:10:27 AM
LogName=Security
SourceName=Microsoft Windows security auditing.
EventCode=4688
EventType=0
Type=Information
ComputerName=we5214srv.waynecorpinc.local
TaskCategory=Process Creation
OpCode=Info
RecordNumber=522799
Keywords=Audit Success
Message=A new process has been created.

Creator Subject:
	Security ID:		NT AUTHORITY\SYSTEM
	Account Name:		we5214srv$
	Account Domain:		WAYNECORPINC
	Logon ID:		0x3E7

Target Subject:
	Security ID:		NULL SID
	Account Name:		-
	Account Domain:		-
	Logon ID:		0x0

Process Information:
	New Process ID:		0x174c
	New Process Name:	C:\Program Files\SplunkUniversalForwarder\bin\splunk-powershell.exe
	Token Elevation Type:	%%1936
	Mandatory Label:		Mandatory Label\System Mandatory Level
	Creator Process ID:	0x1b0
	Creator Process Name:	C:\Program Files\SplunkUniversalForwarder\bin\splunkd.exe
	Process Command Line:	""C:\Program Files\SplunkUniversalForwarder\bin\splunk-powershell.exe"" --ps2

Token Elevation Type indicates the type of token that was assigned to the new process in accordance with User Account Control policy.

Type 1 is a full token with no privileges removed or groups disabled.  A full token is only used if User Account Control is disabled or if the user is the built-in Administrator account or a service account.

Type 2 is an elevated token with no privileges removed or groups disabled.  An elevated token is used when User Account Control is enabled and the user chooses to start the program using Run as administrator.  An elevated token is also used when an application is configured to always require administrative privilege or to always require maximum privilege, and the user is a member of the Administrators group.

Type 3 is a limited token with administrative privileges removed and administrative groups disabled.  The limited token is used when User Account Control is enabled, the application does not require administrative privilege, and the user does not choose to start the program using Run as administrator.
",0,0,0,0,1,0,0,0,0,0,0
1063,1470363444.0,"08/05/2016 08:17:24 AM
LogName=Security
SourceName=Microsoft Windows security auditing.
EventCode=4703
EventType=0
Type=Information
ComputerName=we5214srv.waynecorpinc.local
TaskCategory=Authorization Policy Change
OpCode=Info
RecordNumber=536544
Keywords=Audit Success
Message=A user right was adjusted.

Subject:
	Security ID:		NT AUTHORITY\SYSTEM
	Account Name:		we5214srv$
	Account Domain:		WAYNECORPINC
	Logon ID:		0x3E7

Target Account:
	Security ID:		NT AUTHORITY\SYSTEM
	Account Name:		we5214srv$
	Account Domain:		WAYNECORPINC
	Logon ID:		0x3E7

Process Information:
	Process ID:		0x15c4
	Process Name:		C:\Windows\WinSxS\amd64_microsoft-windows-servicingstack_31bf3856ad364e35_10.0.10586.486_none_7640e086266ea227\TiWorker.exe

Enabled Privileges:
			SeSecurityPrivilege

Disabled Privileges:
			-
",0,0,1,0,0,0,0,0,0,0,0
1064,1470363535.0,"08/05/2016 08:18:55 AM
LogName=Security
SourceName=Microsoft Windows security auditing.
EventCode=4634
EventType=0
Type=Information
ComputerName=we5214srv.waynecorpinc.local
TaskCategory=Logoff
OpCode=Info
RecordNumber=40554
Keywords=Audit Success
Message=An account was logged off.

Subject:
	Security ID:		NT AUTHORITY\SYSTEM
	Account Name:		we5214srv$
	Account Domain:		WAYNECORPINC
	Logon ID:		0x191D7CB

Logon Type:			3

This event is generated when a logon session is destroyed. It may be positively correlated with a logon event using the Logon ID value. Logon IDs are only unique between reboots on the same computer.
",0,0,0,0,0,0,1,0,0,0,0
1065,1470363726.0,"08/05/2016 08:22:06 AM
LogName=Security
SourceName=Microsoft Windows security auditing.
EventCode=4688
EventType=0
Type=Information
ComputerName=we5214srv.waynecorpinc.local
TaskCategory=Process Creation
OpCode=Info
RecordNumber=513729
Keywords=Audit Success
Message=A new process has been created.

Creator Subject:
	Security ID:		NT AUTHORITY\SYSTEM
	Account Name:		we5214srv$
	Account Domain:		WAYNECORPINC
	Logon ID:		0x3E7

Target Subject:
	Security ID:		NULL SID
	Account Name:		-
	Account Domain:		-
	Logon ID:		0x0

Process Information:
	New Process ID:		0x1624
	New Process Name:	C:\Program Files\SplunkUniversalForwarder\bin\splunk-MonitorNoHandle.exe
	Token Elevation Type:	%%1936
	Mandatory Label:		Mandatory Label\System Mandatory Level
	Creator Process ID:	0x1b0
	Creator Process Name:	C:\Program Files\SplunkUniversalForwarder\bin\splunkd.exe
	Process Command Line:	""C:\Program Files\SplunkUniversalForwarder\bin\splunk-MonitorNoHandle.exe""

Token Elevation Type indicates the type of token that was assigned to the new process in accordance with User Account Control policy.

Type 1 is a full token with no privileges removed or groups disabled.  A full token is only used if User Account Control is disabled or if the user is the built-in Administrator account or a service account.

Type 2 is an elevated token with no privileges removed or groups disabled.  An elevated token is used when User Account Control is enabled and the user chooses to start the program using Run as administrator.  An elevated token is also used when an application is configured to always require administrative privilege or to always require maximum privilege, and the user is a member of the Administrators group.

Type 3 is a limited token with administrative privileges removed and administrative groups disabled.  The limited token is used when User Account Control is enabled, the application does not require administrative privilege, and the user does not choose to start the program using Run as administrator.
",0,0,0,0,1,0,0,0,0,0,0
1066,1470364347.0,"08/05/2016 08:32:27 AM
LogName=Security
SourceName=Microsoft Windows security auditing.
EventCode=4703
EventType=0
Type=Information
ComputerName=we5214srv.waynecorpinc.local
TaskCategory=Authorization Policy Change
OpCode=Info
RecordNumber=540750
Keywords=Audit Success
Message=A user right was adjusted.

Subject:
	Security ID:		NT AUTHORITY\SYSTEM
	Account Name:		we5214srv$
	Account Domain:		WAYNECORPINC
	Logon ID:		0x3E7

Target Account:
	Security ID:		NT AUTHORITY\SYSTEM
	Account Name:		we5214srv$
	Account Domain:		WAYNECORPINC
	Logon ID:		0x3E7

Process Information:
	Process ID:		0x15c4
	Process Name:		C:\Windows\WinSxS\amd64_microsoft-windows-servicingstack_31bf3856ad364e35_10.0.10586.486_none_7640e086266ea227\TiWorker.exe

Enabled Privileges:
			SeSecurityPrivilege

Disabled Privileges:
			-
",0,0,1,0,0,0,0,0,0,0,0
1067,1470364780.0,"08/05/2016 08:39:40 AM
LogName=Security
SourceName=Microsoft Windows security auditing.
EventCode=4689
EventType=0
Type=Information
ComputerName=we5214srv.waynecorpinc.local
TaskCategory=Process Termination
OpCode=Info
RecordNumber=20787
Keywords=Audit Success
Message=A process has exited.

Subject:
	Security ID:		NT AUTHORITY\SYSTEM
	Account Name:		we5214srv$
	Account Domain:		WAYNECORPINC
	Logon ID:		0x3E7

Process Information:
	Process ID:	0x90
	Process Name:	C:\Program Files\SplunkUniversalForwarder\bin\splunk-powershell.exe
	Exit Status:	0x1
",1,0,0,0,0,0,0,0,0,0,0
1068,1470364819.0,"08/05/2016 08:40:19 AM
LogName=Security
SourceName=Microsoft Windows security auditing.
EventCode=4703
EventType=0
Type=Information
ComputerName=we5214srv.waynecorpinc.local
TaskCategory=Authorization Policy Change
OpCode=Info
RecordNumber=529451
Keywords=Audit Success
Message=A user right was adjusted.

Subject:
	Security ID:		NT AUTHORITY\SYSTEM
	Account Name:		we5214srv$
	Account Domain:		WAYNECORPINC
	Logon ID:		0x3E7

Target Account:
	Security ID:		NT AUTHORITY\SYSTEM
	Account Name:		we5214srv$
	Account Domain:		WAYNECORPINC
	Logon ID:		0x3E7

Process Information:
	Process ID:		0x15c4
	Process Name:		C:\Windows\WinSxS\amd64_microsoft-windows-servicingstack_31bf3856ad364e35_10.0.10586.486_none_7640e086266ea227\TiWorker.exe

Enabled Privileges:
			SeSecurityPrivilege

Disabled Privileges:
			-
",0,0,1,0,0,0,0,0,0,0,0
1069,1470364925.0,"08/05/2016 08:42:05 AM
LogName=Security
SourceName=Microsoft Windows security auditing.
EventCode=4672
EventType=0
Type=Information
ComputerName=we5214srv.waynecorpinc.local
TaskCategory=Special Logon
OpCode=Info
RecordNumber=46632
Keywords=Audit Success
Message=Special privileges assigned to new logon.

Subject:
	Security ID:		NT AUTHORITY\SYSTEM
	Account Name:		we5214srv$
	Account Domain:		WAYNECORPINC
	Logon ID:		0x1CA5746

Privileges:		SeSecurityPrivilege
			SeBackupPrivilege
			SeRestorePrivilege
			SeTakeOwnershipPrivilege
			SeDebugPrivilege
			SeSystemEnvironmentPrivilege
			SeLoadDriverPrivilege
			SeImpersonatePrivilege
			SeEnableDelegationPrivilege
",0,0,0,1,0,0,0,0,0,0,0
1070,1470365042.0,"08/05/2016 08:44:02 AM
LogName=Security
SourceName=Microsoft Windows security auditing.
EventCode=4688
EventType=0
Type=Information
ComputerName=we5214srv.waynecorpinc.local
TaskCategory=Process Creation
OpCode=Info
RecordNumber=524898
Keywords=Audit Success
Message=A new process has been created.

Creator Subject:
	Security ID:		NT AUTHORITY\SYSTEM
	Account Name:		we5214srv$
	Account Domain:		WAYNECORPINC
	Logon ID:		0x3E7

Target Subject:
	Security ID:		NULL SID
	Account Name:		-
	Account Domain:		-
	Logon ID:		0x0

Process Information:
	New Process ID:		0x14b4
	New Process Name:	C:\Program Files\SplunkUniversalForwarder\bin\splunk-winprintmon.exe
	Token Elevation Type:	%%1936
	Mandatory Label:		Mandatory Label\System Mandatory Level
	Creator Process ID:	0x1b0
	Creator Process Name:	C:\Program Files\SplunkUniversalForwarder\bin\splunkd.exe
	Process Command Line:	""C:\Program Files\SplunkUniversalForwarder\bin\splunk-winprintmon.exe""

Token Elevation Type indicates the type of token that was assigned to the new process in accordance with User Account Control policy.

Type 1 is a full token with no privileges removed or groups disabled.  A full token is only used if User Account Control is disabled or if the user is the built-in Administrator account or a service account.

Type 2 is an elevated token with no privileges removed or groups disabled.  An elevated token is used when User Account Control is enabled and the user chooses to start the program using Run as administrator.  An elevated token is also used when an application is configured to always require administrative privilege or to always require maximum privilege, and the user is a member of the Administrators group.

Type 3 is a limited token with administrative privileges removed and administrative groups disabled.  The limited token is used when User Account Control is enabled, the application does not require administrative privilege, and the user does not choose to start the program using Run as administrator.
",0,0,0,0,1,0,0,0,0,0,0
1071,1470365443.0,"08/05/2016 08:50:43 AM
LogName=Security
SourceName=Microsoft Windows security auditing.
EventCode=4688
EventType=0
Type=Information
ComputerName=we5214srv.waynecorpinc.local
TaskCategory=Process Creation
OpCode=Info
RecordNumber=35833
Keywords=Audit Success
Message=A new process has been created.

Subject:
	Security ID:		NT AUTHORITY\SYSTEM
	Account Name:		we5214srv$
	Account Domain:		WAYNECORPINC
	Logon ID:		0x3E7

Process Information:
	New Process ID:		0xbc8
	New Process Name:	C:\Program Files\SplunkUniversalForwarder\bin\splunk-admon.exe
	Token Elevation Type:	TokenElevationTypeDefault (1)
	Creator Process ID:	0xc24
	Process Command Line:	""C:\Program Files\SplunkUniversalForwarder\bin\splunk-admon.exe""

Token Elevation Type indicates the type of token that was assigned to the new process in accordance with User Account Control policy.

Type 1 is a full token with no privileges removed or groups disabled.  A full token is only used if User Account Control is disabled or if the user is the built-in Administrator account or a service account.

Type 2 is an elevated token with no privileges removed or groups disabled.  An elevated token is used when User Account Control is enabled and the user chooses to start the program using Run as administrator.  An elevated token is also used when an application is configured to always require administrative privilege or to always require maximum privilege, and the user is a member of the Administrators group.

Type 3 is a limited token with administrative privileges removed and administrative groups disabled.  The limited token is used when User Account Control is enabled, the application does not require administrative privilege, and the user does not choose to start the program using Run as administrator.
",0,0,0,0,1,0,0,0,0,0,0
1072,1470365669.0,"08/05/2016 08:54:29 AM
LogName=Security
SourceName=Microsoft Windows security auditing.
EventCode=4703
EventType=0
Type=Information
ComputerName=we5214srv.waynecorpinc.local
TaskCategory=Authorization Policy Change
OpCode=Info
RecordNumber=542529
Keywords=Audit Success
Message=A user right was adjusted.

Subject:
	Security ID:		NT AUTHORITY\SYSTEM
	Account Name:		we5214srv$
	Account Domain:		WAYNECORPINC
	Logon ID:		0x3E7

Target Account:
	Security ID:		NT AUTHORITY\SYSTEM
	Account Name:		we5214srv$
	Account Domain:		WAYNECORPINC
	Logon ID:		0x3E7

Process Information:
	Process ID:		0x15c4
	Process Name:		C:\Windows\WinSxS\amd64_microsoft-windows-servicingstack_31bf3856ad364e35_10.0.10586.486_none_7640e086266ea227\TiWorker.exe

Enabled Privileges:
			SeSecurityPrivilege

Disabled Privileges:
			-
",0,0,1,0,0,0,0,0,0,0,0
1073,1470366080.0,"08/05/2016 09:01:20 AM
LogName=Security
SourceName=Microsoft Windows security auditing.
EventCode=4703
EventType=0
Type=Information
ComputerName=we5214srv.waynecorpinc.local
TaskCategory=Authorization Policy Change
OpCode=Info
RecordNumber=539858
Keywords=Audit Success
Message=A user right was adjusted.

Subject:
	Security ID:		NT AUTHORITY\SYSTEM
	Account Name:		we5214srv$
	Account Domain:		WAYNECORPINC
	Logon ID:		0x3E7

Target Account:
	Security ID:		NT AUTHORITY\SYSTEM
	Account Name:		we5214srv$
	Account Domain:		WAYNECORPINC
	Logon ID:		0x3E7

Process Information:
	Process ID:		0x15c4
	Process Name:		C:\Windows\WinSxS\amd64_microsoft-windows-servicingstack_31bf3856ad364e35_10.0.10586.486_none_7640e086266ea227\TiWorker.exe

Enabled Privileges:
			SeSecurityPrivilege

Disabled Privileges:
			-
",0,0,1,0,0,0,0,0,0,0,0
1074,1470366674.0,"08/05/2016 09:11:14 AM
LogName=Security
SourceName=Microsoft Windows security auditing.
EventCode=4674
EventType=0
Type=Information
ComputerName=we5214srv.waynecorpinc.local
TaskCategory=Sensitive Privilege Use
OpCode=Info
RecordNumber=21631
Keywords=Audit Success
Message=An operation was attempted on a privileged object.

Subject:
	Security ID:		we5214srv\Administrator
	Account Name:		Administrator
	Account Domain:		we5214srv
	Logon ID:		0x50749

Object:
	Object Server:	Security
	Object Type:	Mutant
	Object Name:	\BaseNamedObjects\LOADPERF_MUTEX
	Object Handle:	0x480

Process Information:
	Process ID:	0xba4
	Process Name:	C:\Windows\System32\wbem\WmiPrvSE.exe

Requested Operation:
	Desired Access:	DELETE
				READ_CONTROL
				WRITE_DAC
				WRITE_OWNER
				SYNCHRONIZE
				Query mutant state
				
	Privileges:		SeTakeOwnershipPrivilege
",0,0,0,0,0,0,0,1,0,0,0
1075,1470366918.0,"08/05/2016 09:15:18 AM
LogName=Security
SourceName=Microsoft Windows security auditing.
EventCode=4689
EventType=0
Type=Information
ComputerName=we5214srv.waynecorpinc.local
TaskCategory=Process Termination
OpCode=Info
RecordNumber=17136
Keywords=Audit Success
Message=A process has exited.

Subject:
	Security ID:		NT AUTHORITY\SYSTEM
	Account Name:		we5214srv$
	Account Domain:		WAYNECORPINC
	Logon ID:		0x3E7

Process Information:
	Process ID:	0xd74
	Process Name:	C:\Program Files\SplunkUniversalForwarder\bin\splunk-netmon.exe
	Exit Status:	0x1
",1,0,0,0,0,0,0,0,0,0,0
1076,1470366999.0,"08/05/2016 09:16:39 AM
LogName=Security
SourceName=Microsoft Windows security auditing.
EventCode=4689
EventType=0
Type=Information
ComputerName=we5214srv.waynecorpinc.local
TaskCategory=Process Termination
OpCode=Info
RecordNumber=14852
Keywords=Audit Success
Message=A process has exited.

Subject:
	Security ID:		NT AUTHORITY\SYSTEM
	Account Name:		we5214srv$
	Account Domain:		WAYNECORPINC
	Logon ID:		0x3E7

Process Information:
	Process ID:	0x8a8
	Process Name:	C:\Program Files\SplunkUniversalForwarder\bin\splunk-powershell.exe
	Exit Status:	0x1
",1,0,0,0,0,0,0,0,0,0,0
1077,1470367251.0,"08/05/2016 09:20:51 AM
LogName=Security
SourceName=Microsoft Windows security auditing.
EventCode=4689
EventType=0
Type=Information
ComputerName=we5214srv.waynecorpinc.local
TaskCategory=Process Termination
OpCode=Info
RecordNumber=16850
Keywords=Audit Success
Message=A process has exited.

Subject:
	Security ID:		NT AUTHORITY\SYSTEM
	Account Name:		we5214srv$
	Account Domain:		WAYNECORPINC
	Logon ID:		0x3E7

Process Information:
	Process ID:	0x9cc
	Process Name:	C:\Program Files\SplunkUniversalForwarder\bin\splunk-regmon.exe
	Exit Status:	0x1
",1,0,0,0,0,0,0,0,0,0,0
1078,1470367504.0,"08/05/2016 09:25:04 AM
LogName=Security
SourceName=Microsoft Windows security auditing.
EventCode=4656
EventType=0
Type=Information
ComputerName=we5214srv.waynecorpinc.local
TaskCategory=Removable Storage
OpCode=Info
RecordNumber=16617
Keywords=Audit Success
Message=A handle to an object was requested.

Subject:
	Security ID:		NT AUTHORITY\SYSTEM
	Account Name:		we5214srv$
	Account Domain:		WAYNECORPINC
	Logon ID:		0x3E7

Object:
	Object Server:		Security
	Object Type:		File
	Object Name:		\Device\Floppy0
	Handle ID:		0x154
	Resource Attributes:	-

Process Information:
	Process ID:		0x574
	Process Name:		C:\Program Files\VMware\VMware Tools\vmtoolsd.exe

Access Request Information:
	Transaction ID:		{00000000-0000-0000-0000-000000000000}
	Accesses:		READ_CONTROL
				SYNCHRONIZE
				ReadData (or ListDirectory)
				ReadEA
				ReadAttributes
				
	Access Reasons:		-
	Access Mask:		0x120089
	Privileges Used for Access Check:	-
	Restricted SID Count:	0
",0,1,0,0,0,0,0,0,0,0,0
1079,1470367787.0,"08/05/2016 09:29:47 AM
