LogName=Security
SourceName=Microsoft Windows security auditing.
EventCode=4689
EventType=0
Type=Information
ComputerName=we5214srv.waynecorpinc.local
TaskCategory=Process Termination
OpCode=Info
RecordNumber=14031
Keywords=Audit Success
Message=A process has exited.

Subject:
	Security ID:		NT AUTHORITY\SYSTEM
	Account Name:		we5214srv$
	Account Domain:		WAYNECORPINC
	Logon ID:		0x3E7

Process Information:
	Process ID:	0xdf8
	Process Name:	C:\Program Files\SplunkUniversalForwarder\bin\splunk-admon.exe
	Exit Status:	0x1
",1,0,0,0,0,0,0,0,0,0,0
648,1470203874.0,"08/03/2016 11:57:54 AM
LogName=Security
SourceName=Microsoft Windows security auditing.
EventCode=4703
EventType=0
Type=Information
ComputerName=we5214srv.waynecorpinc.local
TaskCategory=Authorization Policy Change
OpCode=Info
RecordNumber=539643
Keywords=Audit Success
Message=A user right was adjusted.

Subject:
	Security ID:		NT AUTHORITY\SYSTEM
	Account Name:		we5214srv$
	Account Domain:		WAYNECORPINC
	Logon ID:		0x3E7

Target Account:
	Security ID:		NT AUTHORITY\SYSTEM
	Account Name:		we5214srv$
	Account Domain:		WAYNECORPINC
	Logon ID:		0x3E7

Process Information:
	Process ID:		0x15c4
	Process Name:		C:\Windows\WinSxS\amd64_microsoft-windows-servicingstack_31bf3856ad364e35_10.0.10586.486_none_7640e086266ea227\TiWorker.exe

Enabled Privileges:
			SeSecurityPrivilege

Disabled Privileges:
			-
",0,0,1,0,0,0,0,0,0,0,0
649,1470203965.0,"08/03/2016 11:59:25 AM
LogName=Security
SourceName=Microsoft Windows security auditing.
EventCode=4689
EventType=0
Type=Information
ComputerName=we5214srv.waynecorpinc.local
TaskCategory=Process Termination
OpCode=Info
RecordNumber=545259
Keywords=Audit Success
Message=A process has exited.

Subject:
	Security ID:		WAYNECORPINC\Virgilio.Heil
	Account Name:		Virgilio.Heil
	Account Domain:		WAYNECORPINC
	Logon ID:		0x4ECABD

Process Information:
	Process ID:	0xd9c
	Process Name:	C:\Windows\System32\taskhostw.exe
	Exit Status:	0x0
",1,0,0,0,0,0,0,0,0,0,0
650,1470204317.0,"08/03/2016 12:05:17 PM
LogName=Security
SourceName=Microsoft Windows security auditing.
EventCode=4688
EventType=0
Type=Information
ComputerName=we5214srv.waynecorpinc.local
TaskCategory=Process Creation
OpCode=Info
RecordNumber=46013
Keywords=Audit Success
Message=A new process has been created.

Subject:
	Security ID:		NT AUTHORITY\SYSTEM
	Account Name:		we5214srv$
	Account Domain:		WAYNECORPINC
	Logon ID:		0x3E7

Process Information:
	New Process ID:		0x9a4
	New Process Name:	C:\Program Files\SplunkUniversalForwarder\bin\splunk-powershell.exe
	Token Elevation Type:	TokenElevationTypeDefault (1)
	Creator Process ID:	0xc24
	Process Command Line:	""C:\Program Files\SplunkUniversalForwarder\bin\splunk-powershell.exe""

Token Elevation Type indicates the type of token that was assigned to the new process in accordance with User Account Control policy.

Type 1 is a full token with no privileges removed or groups disabled.  A full token is only used if User Account Control is disabled or if the user is the built-in Administrator account or a service account.

Type 2 is an elevated token with no privileges removed or groups disabled.  An elevated token is used when User Account Control is enabled and the user chooses to start the program using Run as administrator.  An elevated token is also used when an application is configured to always require administrative privilege or to always require maximum privilege, and the user is a member of the Administrators group.

Type 3 is a limited token with administrative privileges removed and administrative groups disabled.  The limited token is used when User Account Control is enabled, the application does not require administrative privilege, and the user does not choose to start the program using Run as administrator.
",0,0,0,0,1,0,0,0,0,0,0
651,1470205204.0,"08/03/2016 12:20:04 PM
LogName=Security
SourceName=Microsoft Windows security auditing.
EventCode=4634
EventType=0
Type=Information
ComputerName=we5214srv.waynecorpinc.local
TaskCategory=Logoff
OpCode=Info
RecordNumber=46132
Keywords=Audit Success
Message=An account was logged off.

Subject:
	Security ID:		NT AUTHORITY\SYSTEM
	Account Name:		we5214srv$
	Account Domain:		WAYNECORPINC
	Logon ID:		0x1C6BD6F

Logon Type:			3

This event is generated when a logon session is destroyed. It may be positively correlated with a logon event using the Logon ID value. Logon IDs are only unique between reboots on the same computer.
",0,0,0,0,0,0,1,0,0,0,0
652,1470205883.0,"08/03/2016 12:31:23 PM
LogName=Security
SourceName=Microsoft Windows security auditing.
EventCode=4672
EventType=0
Type=Information
ComputerName=we5214srv.waynecorpinc.local
TaskCategory=Special Logon
OpCode=Info
RecordNumber=33279
Keywords=Audit Success
Message=Special privileges assigned to new logon.

Subject:
	Security ID:		NT AUTHORITY\SYSTEM
	Account Name:		we5214srv$
	Account Domain:		WAYNECORPINC
	Logon ID:		0x14EA937

Privileges:		SeSecurityPrivilege
			SeBackupPrivilege
			SeRestorePrivilege
			SeTakeOwnershipPrivilege
			SeDebugPrivilege
			SeSystemEnvironmentPrivilege
			SeLoadDriverPrivilege
			SeImpersonatePrivilege
			SeEnableDelegationPrivilege
",0,0,0,1,0,0,0,0,0,0,0
653,1470206040.0,"08/03/2016 12:34:00 PM
LogName=Security
SourceName=Microsoft Windows security auditing.
EventCode=4689
EventType=0
Type=Information
ComputerName=we5214srv.waynecorpinc.local
TaskCategory=Process Termination
OpCode=Info
RecordNumber=545022
Keywords=Audit Success
Message=A process has exited.

Subject:
	Security ID:		NT AUTHORITY\SYSTEM
	Account Name:		we5214srv$
	Account Domain:		WAYNECORPINC
	Logon ID:		0x3E7

Process Information:
	Process ID:	0xe54
	Process Name:	C:\Program Files\SplunkUniversalForwarder\bin\splunk-regmon.exe
	Exit Status:	0x1
",1,0,0,0,0,0,0,0,0,0,0
654,1470206088.0,"08/03/2016 12:34:48 PM
LogName=Security
SourceName=Microsoft Windows security auditing.
EventCode=4689
EventType=0
Type=Information
ComputerName=we5214srv.waynecorpinc.local
TaskCategory=Process Termination
OpCode=Info
RecordNumber=511500
Keywords=Audit Success
Message=A process has exited.

Subject:
	Security ID:		NT AUTHORITY\SYSTEM
	Account Name:		we5214srv$
	Account Domain:		WAYNECORPINC
	Logon ID:		0x3E7

Process Information:
	Process ID:	0x1794
	Process Name:	C:\Program Files\SplunkUniversalForwarder\bin\splunk-winprintmon.exe
	Exit Status:	0x1
",1,0,0,0,0,0,0,0,0,0,0
655,1470206706.0,"08/03/2016 12:45:06 PM
LogName=Security
SourceName=Microsoft Windows security auditing.
EventCode=4688
EventType=0
Type=Information
ComputerName=we5214srv.waynecorpinc.local
TaskCategory=Process Creation
OpCode=Info
RecordNumber=14419
Keywords=Audit Success
Message=A new process has been created.

Subject:
	Security ID:		NT AUTHORITY\SYSTEM
	Account Name:		we5214srv$
	Account Domain:		WAYNECORPINC
	Logon ID:		0x3E7

Process Information:
	New Process ID:		0x8c4
	New Process Name:	C:\Program Files\SplunkUniversalForwarder\bin\splunk-powershell.exe
	Token Elevation Type:	TokenElevationTypeDefault (1)
	Creator Process ID:	0xddc
	Process Command Line:	""C:\Program Files\SplunkUniversalForwarder\bin\splunk-powershell.exe"" --ps2

Token Elevation Type indicates the type of token that was assigned to the new process in accordance with User Account Control policy.

Type 1 is a full token with no privileges removed or groups disabled.  A full token is only used if User Account Control is disabled or if the user is the built-in Administrator account or a service account.

Type 2 is an elevated token with no privileges removed or groups disabled.  An elevated token is used when User Account Control is enabled and the user chooses to start the program using Run as administrator.  An elevated token is also used when an application is configured to always require administrative privilege or to always require maximum privilege, and the user is a member of the Administrators group.

Type 3 is a limited token with administrative privileges removed and administrative groups disabled.  The limited token is used when User Account Control is enabled, the application does not require administrative privilege, and the user does not choose to start the program using Run as administrator.
",0,0,0,0,1,0,0,0,0,0,0
656,1470206942.0,"08/03/2016 12:49:02 PM
LogName=Security
SourceName=Microsoft Windows security auditing.
EventCode=4703
EventType=0
Type=Information
ComputerName=we5214srv.waynecorpinc.local
TaskCategory=Authorization Policy Change
OpCode=Info
RecordNumber=538479
Keywords=Audit Success
Message=A user right was adjusted.

Subject:
	Security ID:		NT AUTHORITY\SYSTEM
	Account Name:		we5214srv$
	Account Domain:		WAYNECORPINC
	Logon ID:		0x3E7

Target Account:
	Security ID:		NT AUTHORITY\SYSTEM
	Account Name:		we5214srv$
	Account Domain:		WAYNECORPINC
	Logon ID:		0x3E7

Process Information:
	Process ID:		0x15c4
	Process Name:		C:\Windows\WinSxS\amd64_microsoft-windows-servicingstack_31bf3856ad364e35_10.0.10586.486_none_7640e086266ea227\TiWorker.exe

Enabled Privileges:
			SeSecurityPrivilege

Disabled Privileges:
			-
",0,0,1,0,0,0,0,0,0,0,0
657,1470207110.0,"08/03/2016 12:51:50 PM
LogName=Security
SourceName=Microsoft Windows security auditing.
EventCode=4703
EventType=0
Type=Information
ComputerName=we5214srv.waynecorpinc.local
TaskCategory=Authorization Policy Change
OpCode=Info
RecordNumber=535577
Keywords=Audit Success
Message=A user right was adjusted.

Subject:
	Security ID:		NT AUTHORITY\SYSTEM
	Account Name:		we5214srv$
	Account Domain:		WAYNECORPINC
	Logon ID:		0x3E7

Target Account:
	Security ID:		NT AUTHORITY\SYSTEM
	Account Name:		we5214srv$
	Account Domain:		WAYNECORPINC
	Logon ID:		0x3E7

Process Information:
	Process ID:		0x15c4
	Process Name:		C:\Windows\WinSxS\amd64_microsoft-windows-servicingstack_31bf3856ad364e35_10.0.10586.486_none_7640e086266ea227\TiWorker.exe

Enabled Privileges:
			SeSecurityPrivilege

Disabled Privileges:
			-
",0,0,1,0,0,0,0,0,0,0,0
658,1470208290.0,"08/03/2016 13:11:30 PM
LogName=Security
SourceName=Microsoft Windows security auditing.
EventCode=4688
EventType=0
Type=Information
ComputerName=we5214srv.waynecorpinc.local
TaskCategory=Process Creation
OpCode=Info
RecordNumber=513901
Keywords=Audit Success
Message=A new process has been created.

Creator Subject:
	Security ID:		NT AUTHORITY\SYSTEM
	Account Name:		we5214srv$
	Account Domain:		WAYNECORPINC
	Logon ID:		0x3E7

Target Subject:
	Security ID:		NULL SID
	Account Name:		-
	Account Domain:		-
	Logon ID:		0x0

Process Information:
	New Process ID:		0x1130
	New Process Name:	C:\Program Files\SplunkUniversalForwarder\bin\splunk-MonitorNoHandle.exe
	Token Elevation Type:	%%1936
	Mandatory Label:		Mandatory Label\System Mandatory Level
	Creator Process ID:	0x1b0
	Creator Process Name:	C:\Program Files\SplunkUniversalForwarder\bin\splunkd.exe
	Process Command Line:	""C:\Program Files\SplunkUniversalForwarder\bin\splunk-MonitorNoHandle.exe""

Token Elevation Type indicates the type of token that was assigned to the new process in accordance with User Account Control policy.

Type 1 is a full token with no privileges removed or groups disabled.  A full token is only used if User Account Control is disabled or if the user is the built-in Administrator account or a service account.

Type 2 is an elevated token with no privileges removed or groups disabled.  An elevated token is used when User Account Control is enabled and the user chooses to start the program using Run as administrator.  An elevated token is also used when an application is configured to always require administrative privilege or to always require maximum privilege, and the user is a member of the Administrators group.

Type 3 is a limited token with administrative privileges removed and administrative groups disabled.  The limited token is used when User Account Control is enabled, the application does not require administrative privilege, and the user does not choose to start the program using Run as administrator.
",0,0,0,0,1,0,0,0,0,0,0
659,1470208295.0,"08/03/2016 13:11:35 PM
LogName=Security
SourceName=Microsoft Windows security auditing.
EventCode=4688
EventType=0
Type=Information
ComputerName=we5214srv.waynecorpinc.local
TaskCategory=Process Creation
OpCode=Info
RecordNumber=521107
Keywords=Audit Success
Message=A new process has been created.

Creator Subject:
	Security ID:		NT AUTHORITY\SYSTEM
	Account Name:		we5214srv$
	Account Domain:		WAYNECORPINC
	Logon ID:		0x3E7

Target Subject:
	Security ID:		NULL SID
	Account Name:		-
	Account Domain:		-
	Logon ID:		0x0

Process Information:
	New Process ID:		0x1274
	New Process Name:	C:\Program Files\SplunkUniversalForwarder\bin\splunk-powershell.exe
	Token Elevation Type:	%%1936
	Mandatory Label:		Mandatory Label\System Mandatory Level
	Creator Process ID:	0x1b0
	Creator Process Name:	C:\Program Files\SplunkUniversalForwarder\bin\splunkd.exe
	Process Command Line:	""C:\Program Files\SplunkUniversalForwarder\bin\splunk-powershell.exe"" --ps2

Token Elevation Type indicates the type of token that was assigned to the new process in accordance with User Account Control policy.

Type 1 is a full token with no privileges removed or groups disabled.  A full token is only used if User Account Control is disabled or if the user is the built-in Administrator account or a service account.

Type 2 is an elevated token with no privileges removed or groups disabled.  An elevated token is used when User Account Control is enabled and the user chooses to start the program using Run as administrator.  An elevated token is also used when an application is configured to always require administrative privilege or to always require maximum privilege, and the user is a member of the Administrators group.

Type 3 is a limited token with administrative privileges removed and administrative groups disabled.  The limited token is used when User Account Control is enabled, the application does not require administrative privilege, and the user does not choose to start the program using Run as administrator.
",0,0,0,0,1,0,0,0,0,0,0
660,1470208362.0,"08/03/2016 13:12:42 PM
LogName=Security
SourceName=Microsoft Windows security auditing.
EventCode=4688
EventType=0
Type=Information
ComputerName=we5214srv.waynecorpinc.local
TaskCategory=Process Creation
OpCode=Info
RecordNumber=33181
Keywords=Audit Success
Message=A new process has been created.

Subject:
	Security ID:		NT AUTHORITY\SYSTEM
	Account Name:		we5214srv$
	Account Domain:		WAYNECORPINC
	Logon ID:		0x3E7

Process Information:
	New Process ID:		0xd7c
	New Process Name:	C:\Program Files\SplunkUniversalForwarder\bin\splunk-MonitorNoHandle.exe
	Token Elevation Type:	TokenElevationTypeDefault (1)
	Creator Process ID:	0xc24
	Process Command Line:	""C:\Program Files\SplunkUniversalForwarder\bin\splunk-MonitorNoHandle.exe""

Token Elevation Type indicates the type of token that was assigned to the new process in accordance with User Account Control policy.

Type 1 is a full token with no privileges removed or groups disabled.  A full token is only used if User Account Control is disabled or if the user is the built-in Administrator account or a service account.

Type 2 is an elevated token with no privileges removed or groups disabled.  An elevated token is used when User Account Control is enabled and the user chooses to start the program using Run as administrator.  An elevated token is also used when an application is configured to always require administrative privilege or to always require maximum privilege, and the user is a member of the Administrators group.

Type 3 is a limited token with administrative privileges removed and administrative groups disabled.  The limited token is used when User Account Control is enabled, the application does not require administrative privilege, and the user does not choose to start the program using Run as administrator.
",0,0,0,0,1,0,0,0,0,0,0
661,1470208366.0,"08/03/2016 13:12:46 PM
LogName=Security
SourceName=Microsoft Windows security auditing.
EventCode=4689
EventType=0
Type=Information
ComputerName=we5214srv.waynecorpinc.local
TaskCategory=Process Termination
OpCode=Info
RecordNumber=520803
Keywords=Audit Success
Message=A process has exited.

Subject:
	Security ID:		NT AUTHORITY\SYSTEM
	Account Name:		we5214srv$
	Account Domain:		WAYNECORPINC
	Logon ID:		0x3E7

Process Information:
	Process ID:	0x161c
	Process Name:	C:\Program Files\SplunkUniversalForwarder\bin\splunk-powershell.exe
	Exit Status:	0x1
",1,0,0,0,0,0,0,0,0,0,0
662,1470208692.0,"08/03/2016 13:18:12 PM
LogName=Security
SourceName=Microsoft Windows security auditing.
EventCode=4689
EventType=0
Type=Information
ComputerName=we5214srv.waynecorpinc.local
TaskCategory=Process Termination
OpCode=Info
RecordNumber=16289
Keywords=Audit Success
Message=A process has exited.

Subject:
	Security ID:		NT AUTHORITY\SYSTEM
	Account Name:		we5214srv$
	Account Domain:		WAYNECORPINC
	Logon ID:		0x3E7

Process Information:
	Process ID:	0x8f4
	Process Name:	C:\Program Files\SplunkUniversalForwarder\bin\splunk-regmon.exe
	Exit Status:	0x1
",1,0,0,0,0,0,0,0,0,0,0
663,1470209499.0,"08/03/2016 13:31:39 PM
LogName=Security
SourceName=Microsoft Windows security auditing.
EventCode=4688
EventType=0
Type=Information
ComputerName=we5214srv.waynecorpinc.local
TaskCategory=Process Creation
OpCode=Info
RecordNumber=34694
Keywords=Audit Success
Message=A new process has been created.

Subject:
	Security ID:		NT AUTHORITY\SYSTEM
	Account Name:		we5214srv$
	Account Domain:		WAYNECORPINC
	Logon ID:		0x3E7

Process Information:
	New Process ID:		0xe3c
	New Process Name:	C:\Program Files\SplunkUniversalForwarder\bin\splunk-powershell.exe
	Token Elevation Type:	TokenElevationTypeDefault (1)
	Creator Process ID:	0xc24
	Process Command Line:	""C:\Program Files\SplunkUniversalForwarder\bin\splunk-powershell.exe"" --ps2

Token Elevation Type indicates the type of token that was assigned to the new process in accordance with User Account Control policy.

Type 1 is a full token with no privileges removed or groups disabled.  A full token is only used if User Account Control is disabled or if the user is the built-in Administrator account or a service account.

Type 2 is an elevated token with no privileges removed or groups disabled.  An elevated token is used when User Account Control is enabled and the user chooses to start the program using Run as administrator.  An elevated token is also used when an application is configured to always require administrative privilege or to always require maximum privilege, and the user is a member of the Administrators group.

Type 3 is a limited token with administrative privileges removed and administrative groups disabled.  The limited token is used when User Account Control is enabled, the application does not require administrative privilege, and the user does not choose to start the program using Run as administrator.
",0,0,0,0,1,0,0,0,0,0,0
664,1470210014.0,"08/03/2016 13:40:14 PM
LogName=Security
SourceName=Microsoft Windows security auditing.
EventCode=4688
EventType=0
Type=Information
ComputerName=we5214srv.waynecorpinc.local
TaskCategory=Process Creation
OpCode=Info
RecordNumber=30509
Keywords=Audit Success
Message=A new process has been created.

Subject:
	Security ID:		NT AUTHORITY\SYSTEM
	Account Name:		we5214srv$
	Account Domain:		WAYNECORPINC
	Logon ID:		0x3E7

Process Information:
	New Process ID:		0x490
	New Process Name:	C:\Program Files\SplunkUniversalForwarder\bin\splunk-regmon.exe
	Token Elevation Type:	TokenElevationTypeDefault (1)
	Creator Process ID:	0xc24
	Process Command Line:	""C:\Program Files\SplunkUniversalForwarder\bin\splunk-regmon.exe""

Token Elevation Type indicates the type of token that was assigned to the new process in accordance with User Account Control policy.

Type 1 is a full token with no privileges removed or groups disabled.  A full token is only used if User Account Control is disabled or if the user is the built-in Administrator account or a service account.

Type 2 is an elevated token with no privileges removed or groups disabled.  An elevated token is used when User Account Control is enabled and the user chooses to start the program using Run as administrator.  An elevated token is also used when an application is configured to always require administrative privilege or to always require maximum privilege, and the user is a member of the Administrators group.

Type 3 is a limited token with administrative privileges removed and administrative groups disabled.  The limited token is used when User Account Control is enabled, the application does not require administrative privilege, and the user does not choose to start the program using Run as administrator.
",0,0,0,0,1,0,0,0,0,0,0
665,1470211929.0,"08/03/2016 14:12:09 PM
LogName=Security
SourceName=Microsoft Windows security auditing.
EventCode=4672
EventType=0
Type=Information
ComputerName=we5214srv.waynecorpinc.local
TaskCategory=Special Logon
OpCode=Info
RecordNumber=47398
Keywords=Audit Success
Message=Special privileges assigned to new logon.

Subject:
	Security ID:		NT AUTHORITY\SYSTEM
	Account Name:		we5214srv$
	Account Domain:		WAYNECORPINC
	Logon ID:		0x1D24BD8

Privileges:		SeSecurityPrivilege
			SeBackupPrivilege
			SeRestorePrivilege
			SeTakeOwnershipPrivilege
			SeDebugPrivilege
			SeSystemEnvironmentPrivilege
			SeLoadDriverPrivilege
			SeImpersonatePrivilege
			SeEnableDelegationPrivilege
",0,0,0,1,0,0,0,0,0,0,0
666,1470212011.0,"08/03/2016 14:13:31 PM
LogName=Security
SourceName=Microsoft Windows security auditing.
EventCode=4688
EventType=0
Type=Information
ComputerName=we5214srv.waynecorpinc.local
TaskCategory=Process Creation
OpCode=Info
RecordNumber=524126
Keywords=Audit Success
Message=A new process has been created.

Creator Subject:
	Security ID:		NT AUTHORITY\SYSTEM
	Account Name:		we5214srv$
	Account Domain:		WAYNECORPINC
	Logon ID:		0x3E7

Target Subject:
	Security ID:		NULL SID
	Account Name:		-
	Account Domain:		-
	Logon ID:		0x0

Process Information:
	New Process ID:		0x2a0
	New Process Name:	C:\Program Files\SplunkUniversalForwarder\bin\splunk-admon.exe
	Token Elevation Type:	%%1936
	Mandatory Label:		Mandatory Label\System Mandatory Level
	Creator Process ID:	0x1b0
	Creator Process Name:	C:\Program Files\SplunkUniversalForwarder\bin\splunkd.exe
	Process Command Line:	""C:\Program Files\SplunkUniversalForwarder\bin\splunk-admon.exe""

Token Elevation Type indicates the type of token that was assigned to the new process in accordance with User Account Control policy.

Type 1 is a full token with no privileges removed or groups disabled.  A full token is only used if User Account Control is disabled or if the user is the built-in Administrator account or a service account.

Type 2 is an elevated token with no privileges removed or groups disabled.  An elevated token is used when User Account Control is enabled and the user chooses to start the program using Run as administrator.  An elevated token is also used when an application is configured to always require administrative privilege or to always require maximum privilege, and the user is a member of the Administrators group.

Type 3 is a limited token with administrative privileges removed and administrative groups disabled.  The limited token is used when User Account Control is enabled, the application does not require administrative privilege, and the user does not choose to start the program using Run as administrator.
",0,0,0,0,1,0,0,0,0,0,0
667,1470212280.0,"08/03/2016 14:18:00 PM
LogName=Security
SourceName=Microsoft Windows security auditing.
EventCode=4689
EventType=0
Type=Information
ComputerName=we5214srv.waynecorpinc.local
TaskCategory=Process Termination
OpCode=Info
RecordNumber=40685
Keywords=Audit Success
Message=A process has exited.

Subject:
	Security ID:		NT AUTHORITY\SYSTEM
	Account Name:		we5214srv$
	Account Domain:		WAYNECORPINC
	Logon ID:		0x3E7

Process Information:
	Process ID:	0x970
	Process Name:	C:\Program Files\SplunkUniversalForwarder\bin\splunk-MonitorNoHandle.exe
	Exit Status:	0x1
",1,0,0,0,0,0,0,0,0,0,0
668,1470212926.0,"08/03/2016 14:28:46 PM
LogName=Security
SourceName=Microsoft Windows security auditing.
EventCode=4703
EventType=0
Type=Information
ComputerName=we5214srv.waynecorpinc.local
TaskCategory=Authorization Policy Change
OpCode=Info
RecordNumber=536742
Keywords=Audit Success
Message=A user right was adjusted.

Subject:
	Security ID:		NT AUTHORITY\SYSTEM
	Account Name:		we5214srv$
	Account Domain:		WAYNECORPINC
	Logon ID:		0x3E7

Target Account:
	Security ID:		NT AUTHORITY\SYSTEM
	Account Name:		we5214srv$
	Account Domain:		WAYNECORPINC
	Logon ID:		0x3E7

Process Information:
	Process ID:		0x15c4
	Process Name:		C:\Windows\WinSxS\amd64_microsoft-windows-servicingstack_31bf3856ad364e35_10.0.10586.486_none_7640e086266ea227\TiWorker.exe

Enabled Privileges:
			SeSecurityPrivilege

Disabled Privileges:
			-
",0,0,1,0,0,0,0,0,0,0,0
669,1470213034.0,"08/03/2016 14:30:34 PM
LogName=Security
SourceName=Microsoft Windows security auditing.
EventCode=4689
EventType=0
Type=Information
ComputerName=we5214srv.waynecorpinc.local
TaskCategory=Process Termination
OpCode=Info
RecordNumber=22621
Keywords=Audit Success
Message=A process has exited.

Subject:
	Security ID:		NT AUTHORITY\SYSTEM
	Account Name:		we5214srv$
	Account Domain:		WAYNECORPINC
	Logon ID:		0x3E7

Process Information:
	Process ID:	0xc34
	Process Name:	C:\Program Files\SplunkUniversalForwarder\bin\splunk-regmon.exe
	Exit Status:	0x1
",1,0,0,0,0,0,0,0,0,0,0
670,1470213040.0,"08/03/2016 14:30:40 PM
LogName=Security
SourceName=Microsoft Windows security auditing.
EventCode=4688
EventType=0
Type=Information
ComputerName=we5214srv.waynecorpinc.local
TaskCategory=Process Creation
OpCode=Info
RecordNumber=520356
Keywords=Audit Success
Message=A new process has been created.

Creator Subject:
	Security ID:		NT AUTHORITY\SYSTEM
	Account Name:		we5214srv$
	Account Domain:		WAYNECORPINC
	Logon ID:		0x3E7

Target Subject:
	Security ID:		NULL SID
	Account Name:		-
	Account Domain:		-
	Logon ID:		0x0

Process Information:
	New Process ID:		0xfe0
	New Process Name:	C:\Program Files\SplunkUniversalForwarder\bin\splunk-powershell.exe
	Token Elevation Type:	%%1936
	Mandatory Label:		Mandatory Label\System Mandatory Level
	Creator Process ID:	0x1b0
	Creator Process Name:	C:\Program Files\SplunkUniversalForwarder\bin\splunkd.exe
	Process Command Line:	""C:\Program Files\SplunkUniversalForwarder\bin\splunk-powershell.exe""

Token Elevation Type indicates the type of token that was assigned to the new process in accordance with User Account Control policy.

Type 1 is a full token with no privileges removed or groups disabled.  A full token is only used if User Account Control is disabled or if the user is the built-in Administrator account or a service account.

Type 2 is an elevated token with no privileges removed or groups disabled.  An elevated token is used when User Account Control is enabled and the user chooses to start the program using Run as administrator.  An elevated token is also used when an application is configured to always require administrative privilege or to always require maximum privilege, and the user is a member of the Administrators group.

Type 3 is a limited token with administrative privileges removed and administrative groups disabled.  The limited token is used when User Account Control is enabled, the application does not require administrative privilege, and the user does not choose to start the program using Run as administrator.
",0,0,0,0,1,0,0,0,0,0,0
671,1470213155.0,"08/03/2016 14:32:35 PM
LogName=Security
SourceName=Microsoft Windows security auditing.
EventCode=4688
EventType=0
Type=Information
ComputerName=we5214srv.waynecorpinc.local
TaskCategory=Process Creation
OpCode=Info
RecordNumber=34996
Keywords=Audit Success
Message=A new process has been created.

Subject:
	Security ID:		NT AUTHORITY\SYSTEM
	Account Name:		we5214srv$
	Account Domain:		WAYNECORPINC
	Logon ID:		0x3E7

Process Information:
	New Process ID:		0x4f8
	New Process Name:	C:\Program Files\SplunkUniversalForwarder\bin\splunk-winprintmon.exe
	Token Elevation Type:	TokenElevationTypeDefault (1)
	Creator Process ID:	0xc24
	Process Command Line:	""C:\Program Files\SplunkUniversalForwarder\bin\splunk-winprintmon.exe""

Token Elevation Type indicates the type of token that was assigned to the new process in accordance with User Account Control policy.

Type 1 is a full token with no privileges removed or groups disabled.  A full token is only used if User Account Control is disabled or if the user is the built-in Administrator account or a service account.

Type 2 is an elevated token with no privileges removed or groups disabled.  An elevated token is used when User Account Control is enabled and the user chooses to start the program using Run as administrator.  An elevated token is also used when an application is configured to always require administrative privilege or to always require maximum privilege, and the user is a member of the Administrators group.

Type 3 is a limited token with administrative privileges removed and administrative groups disabled.  The limited token is used when User Account Control is enabled, the application does not require administrative privilege, and the user does not choose to start the program using Run as administrator.
",0,0,0,0,1,0,0,0,0,0,0
672,1470213270.0,"08/03/2016 14:34:30 PM
LogName=Security
SourceName=Microsoft Windows security auditing.
EventCode=4703
EventType=0
Type=Information
ComputerName=we5214srv.waynecorpinc.local
TaskCategory=Authorization Policy Change
OpCode=Info
RecordNumber=527219
Keywords=Audit Success
Message=A user right was adjusted.

Subject:
	Security ID:		NT AUTHORITY\SYSTEM
	Account Name:		we5214srv$
	Account Domain:		WAYNECORPINC
	Logon ID:		0x3E7

Target Account:
	Security ID:		NT AUTHORITY\SYSTEM
	Account Name:		we5214srv$
	Account Domain:		WAYNECORPINC
	Logon ID:		0x3E7

Process Information:
	Process ID:		0x15c4
	Process Name:		C:\Windows\WinSxS\amd64_microsoft-windows-servicingstack_31bf3856ad364e35_10.0.10586.486_none_7640e086266ea227\TiWorker.exe

Enabled Privileges:
			SeSecurityPrivilege

Disabled Privileges:
			-
",0,0,1,0,0,0,0,0,0,0,0
673,1470213552.0,"08/03/2016 14:39:12 PM
LogName=Security
SourceName=Microsoft Windows security auditing.
EventCode=4688
EventType=0
Type=Information
ComputerName=we5214srv.waynecorpinc.local
TaskCategory=Process Creation
OpCode=Info
RecordNumber=16124
Keywords=Audit Success
Message=A new process has been created.

Subject:
	Security ID:		NT AUTHORITY\SYSTEM
	Account Name:		we5214srv$
	Account Domain:		WAYNECORPINC
	Logon ID:		0x3E7

Process Information:
	New Process ID:		0x5b8
	New Process Name:	C:\Program Files\SplunkUniversalForwarder\bin\splunk-MonitorNoHandle.exe
	Token Elevation Type:	TokenElevationTypeDefault (1)
	Creator Process ID:	0xddc
	Process Command Line:	""C:\Program Files\SplunkUniversalForwarder\bin\splunk-MonitorNoHandle.exe""

Token Elevation Type indicates the type of token that was assigned to the new process in accordance with User Account Control policy.

Type 1 is a full token with no privileges removed or groups disabled.  A full token is only used if User Account Control is disabled or if the user is the built-in Administrator account or a service account.

Type 2 is an elevated token with no privileges removed or groups disabled.  An elevated token is used when User Account Control is enabled and the user chooses to start the program using Run as administrator.  An elevated token is also used when an application is configured to always require administrative privilege or to always require maximum privilege, and the user is a member of the Administrators group.

Type 3 is a limited token with administrative privileges removed and administrative groups disabled.  The limited token is used when User Account Control is enabled, the application does not require administrative privilege, and the user does not choose to start the program using Run as administrator.
",0,0,0,0,1,0,0,0,0,0,0
674,1470214553.0,"08/03/2016 14:55:53 PM
LogName=Security
SourceName=Microsoft Windows security auditing.
EventCode=4688
EventType=0
Type=Information
ComputerName=we5214srv.waynecorpinc.local
TaskCategory=Process Creation
OpCode=Info
RecordNumber=19177
Keywords=Audit Success
Message=A new process has been created.

Subject:
	Security ID:		NT AUTHORITY\SYSTEM
	Account Name:		we5214srv$
	Account Domain:		WAYNECORPINC
	Logon ID:		0x3E7

Process Information:
	New Process ID:		0xf3c
	New Process Name:	C:\Program Files\SplunkUniversalForwarder\bin\splunk-regmon.exe
	Token Elevation Type:	TokenElevationTypeDefault (1)
	Creator Process ID:	0xddc
	Process Command Line:	""C:\Program Files\SplunkUniversalForwarder\bin\splunk-regmon.exe""

Token Elevation Type indicates the type of token that was assigned to the new process in accordance with User Account Control policy.

Type 1 is a full token with no privileges removed or groups disabled.  A full token is only used if User Account Control is disabled or if the user is the built-in Administrator account or a service account.

Type 2 is an elevated token with no privileges removed or groups disabled.  An elevated token is used when User Account Control is enabled and the user chooses to start the program using Run as administrator.  An elevated token is also used when an application is configured to always require administrative privilege or to always require maximum privilege, and the user is a member of the Administrators group.

Type 3 is a limited token with administrative privileges removed and administrative groups disabled.  The limited token is used when User Account Control is enabled, the application does not require administrative privilege, and the user does not choose to start the program using Run as administrator.
",0,0,0,0,1,0,0,0,0,0,0
675,1470215311.0,"08/03/2016 15:08:31 PM
LogName=Security
SourceName=Microsoft Windows security auditing.
EventCode=4624
EventType=0
Type=Information
ComputerName=we5214srv.waynecorpinc.local
TaskCategory=Logon
OpCode=Info
RecordNumber=31583
Keywords=Audit Success
Message=An account was successfully logged on.

Subject:
	Security ID:		NULL SID
	Account Name:		-
	Account Domain:		-
	Logon ID:		0x0

Logon Type:			3

Impersonation Level:		Impersonation

New Logon:
	Security ID:		NT AUTHORITY\SYSTEM
	Account Name:		we5214srv$
	Account Domain:		WAYNECORPINC
	Logon ID:		0x13E8BB9
	Logon GUID:		{9EC02B77-81FE-6254-2BD2-C86DD5926914}

Process Information:
	Process ID:		0x0
	Process Name:		-

Network Information:
	Workstation Name:	
	Source Network Address:	fe80::a971:d247:426d:612c
	Source Port:		63867

Detailed Authentication Information:
	Logon Process:		Kerberos
	Authentication Package:	Kerberos
	Transited Services:	-
	Package Name (NTLM only):	-
	Key Length:		0

This event is generated when a logon session is created. It is generated on the computer that was accessed.

The subject fields indicate the account on the local system which requested the logon. This is most commonly a service such as the Server service, or a local process such as Winlogon.exe or Services.exe.

The logon type field indicates the kind of logon that occurred. The most common types are 2 (interactive) and 3 (network).

The New Logon fields indicate the account for whom the new logon was created, i.e. the account that was logged on.

The network fields indicate where a remote logon request originated. Workstation name is not always available and may be left blank in some cases.

The impersonation level field indicates the extent to which a process in the logon session can impersonate.

The authentication information fields provide detailed information about this specific logon request.
	- Logon GUID is a unique identifier that can be used to correlate this event with a KDC event.
	- Transited services indicate which intermediate services have participated in this logon request.
	- Package name indicates which sub-protocol was used among the NTLM protocols.
	- Key length indicates the length of the generated session key. This will be 0 if no session key was requested.
",0,0,0,0,0,1,0,0,0,0,0
676,1470215704.0,"08/03/2016 15:15:04 PM
LogName=Security
SourceName=Microsoft Windows security auditing.
EventCode=4689
EventType=0
Type=Information
ComputerName=we5214srv.waynecorpinc.local
TaskCategory=Process Termination
OpCode=Info
RecordNumber=47693
Keywords=Audit Success
Message=A process has exited.

Subject:
	Security ID:		NT AUTHORITY\SYSTEM
	Account Name:		we5214srv$
	Account Domain:		WAYNECORPINC
	Logon ID:		0x3E7

Process Information:
	Process ID:	0x5e0
	Process Name:	C:\Program Files\SplunkUniversalForwarder\bin\splunk-winprintmon.exe
	Exit Status:	0x1
",1,0,0,0,0,0,0,0,0,0,0
677,1470215707.0,"08/03/2016 15:15:07 PM
LogName=Security
SourceName=Microsoft Windows security auditing.
EventCode=4688
EventType=0
Type=Information
ComputerName=we5214srv.waynecorpinc.local
TaskCategory=Process Creation
OpCode=Info
RecordNumber=521123
Keywords=Audit Success
Message=A new process has been created.

Creator Subject:
	Security ID:		NT AUTHORITY\SYSTEM
	Account Name:		we5214srv$
	Account Domain:		WAYNECORPINC
	Logon ID:		0x3E7

Target Subject:
	Security ID:		NULL SID
	Account Name:		-
	Account Domain:		-
	Logon ID:		0x0

Process Information:
	New Process ID:		0x1630
	New Process Name:	C:\Program Files\SplunkUniversalForwarder\bin\splunk-winprintmon.exe
	Token Elevation Type:	%%1936
	Mandatory Label:		Mandatory Label\System Mandatory Level
	Creator Process ID:	0x1b0
	Creator Process Name:	C:\Program Files\SplunkUniversalForwarder\bin\splunkd.exe
	Process Command Line:	""C:\Program Files\SplunkUniversalForwarder\bin\splunk-winprintmon.exe""

Token Elevation Type indicates the type of token that was assigned to the new process in accordance with User Account Control policy.

Type 1 is a full token with no privileges removed or groups disabled.  A full token is only used if User Account Control is disabled or if the user is the built-in Administrator account or a service account.

Type 2 is an elevated token with no privileges removed or groups disabled.  An elevated token is used when User Account Control is enabled and the user chooses to start the program using Run as administrator.  An elevated token is also used when an application is configured to always require administrative privilege or to always require maximum privilege, and the user is a member of the Administrators group.

Type 3 is a limited token with administrative privileges removed and administrative groups disabled.  The limited token is used when User Account Control is enabled, the application does not require administrative privilege, and the user does not choose to start the program using Run as administrator.
",0,0,0,0,1,0,0,0,0,0,0
678,1470215941.0,"08/03/2016 15:19:01 PM
LogName=Security
SourceName=Microsoft Windows security auditing.
EventCode=4689
EventType=0
Type=Information
ComputerName=we5214srv.waynecorpinc.local
TaskCategory=Process Termination
OpCode=Info
RecordNumber=47729
Keywords=Audit Success
Message=A process has exited.

Subject:
	Security ID:		NT AUTHORITY\SYSTEM
	Account Name:		we5214srv$
	Account Domain:		WAYNECORPINC
	Logon ID:		0x3E7

Process Information:
	Process ID:	0xe40
	Process Name:	C:\Program Files\SplunkUniversalForwarder\bin\splunk-netmon.exe
	Exit Status:	0x1
",1,0,0,0,0,0,0,0,0,0,0
679,1470216010.0,"08/03/2016 15:20:10 PM
LogName=Security
SourceName=Microsoft Windows security auditing.
EventCode=4688
EventType=0
Type=Information
ComputerName=we5214srv.waynecorpinc.local
TaskCategory=Process Creation
OpCode=Info
RecordNumber=50447
Keywords=Audit Success
Message=A new process has been created.

Subject:
	Security ID:		NT AUTHORITY\SYSTEM
	Account Name:		we5214srv$
	Account Domain:		WAYNECORPINC
	Logon ID:		0x3E7

Process Information:
	New Process ID:		0xe44
	New Process Name:	C:\Program Files\SplunkUniversalForwarder\bin\splunk-admon.exe
	Token Elevation Type:	TokenElevationTypeDefault (1)
	Creator Process ID:	0xc24
	Process Command Line:	""C:\Program Files\SplunkUniversalForwarder\bin\splunk-admon.exe""

Token Elevation Type indicates the type of token that was assigned to the new process in accordance with User Account Control policy.

Type 1 is a full token with no privileges removed or groups disabled.  A full token is only used if User Account Control is disabled or if the user is the built-in Administrator account or a service account.

Type 2 is an elevated token with no privileges removed or groups disabled.  An elevated token is used when User Account Control is enabled and the user chooses to start the program using Run as administrator.  An elevated token is also used when an application is configured to always require administrative privilege or to always require maximum privilege, and the user is a member of the Administrators group.

Type 3 is a limited token with administrative privileges removed and administrative groups disabled.  The limited token is used when User Account Control is enabled, the application does not require administrative privilege, and the user does not choose to start the program using Run as administrator.
",0,0,0,0,1,0,0,0,0,0,0
680,1470216120.0,"08/03/2016 15:22:00 PM
LogName=Security
SourceName=Microsoft Windows security auditing.
EventCode=4703
EventType=0
Type=Information
ComputerName=we5214srv.waynecorpinc.local
TaskCategory=Authorization Policy Change
OpCode=Info
RecordNumber=534600
Keywords=Audit Success
Message=A user right was adjusted.

Subject:
	Security ID:		NT AUTHORITY\SYSTEM
	Account Name:		we5214srv$
	Account Domain:		WAYNECORPINC
	Logon ID:		0x3E7

Target Account:
	Security ID:		NT AUTHORITY\SYSTEM
	Account Name:		we5214srv$
	Account Domain:		WAYNECORPINC
	Logon ID:		0x3E7

Process Information:
	Process ID:		0x15c4
	Process Name:		C:\Windows\WinSxS\amd64_microsoft-windows-servicingstack_31bf3856ad364e35_10.0.10586.486_none_7640e086266ea227\TiWorker.exe

Enabled Privileges:
			SeSecurityPrivilege

Disabled Privileges:
			-
",0,0,1,0,0,0,0,0,0,0,0
681,1470216874.0,"08/03/2016 15:34:34 PM
LogName=Security
SourceName=Microsoft Windows security auditing.
EventCode=4689
EventType=0
Type=Information
ComputerName=we5214srv.waynecorpinc.local
TaskCategory=Process Termination
OpCode=Info
RecordNumber=36125
Keywords=Audit Success
Message=A process has exited.

Subject:
	Security ID:		NT AUTHORITY\SYSTEM
	Account Name:		we5214srv$
	Account Domain:		WAYNECORPINC
	Logon ID:		0x3E7

Process Information:
	Process ID:	0xf94
	Process Name:	C:\Program Files\SplunkUniversalForwarder\bin\splunk-powershell.exe
	Exit Status:	0x1
",1,0,0,0,0,0,0,0,0,0,0
682,1470216915.0,"08/03/2016 15:35:15 PM
LogName=Security
SourceName=Microsoft Windows security auditing.
EventCode=4656
EventType=0
Type=Information
ComputerName=we5214srv.waynecorpinc.local
TaskCategory=Removable Storage
OpCode=Info
RecordNumber=15238
Keywords=Audit Success
Message=A handle to an object was requested.

Subject:
	Security ID:		NT AUTHORITY\SYSTEM
	Account Name:		we5214srv$
	Account Domain:		WAYNECORPINC
	Logon ID:		0x3E7

Object:
	Object Server:		Security
	Object Type:		File
	Object Name:		\Device\Floppy0
	Handle ID:		0x4d4
	Resource Attributes:	-

Process Information:
	Process ID:		0x574
	Process Name:		C:\Program Files\VMware\VMware Tools\vmtoolsd.exe

Access Request Information:
	Transaction ID:		{00000000-0000-0000-0000-000000000000}
	Accesses:		READ_CONTROL
				SYNCHRONIZE
				ReadData (or ListDirectory)
				ReadEA
				ReadAttributes
				
	Access Reasons:		-
	Access Mask:		0x120089
	Privileges Used for Access Check:	-
	Restricted SID Count:	0
",0,1,0,0,0,0,0,0,0,0,0
683,1470217397.0,"08/03/2016 15:43:17 PM
LogName=Security
SourceName=Microsoft Windows security auditing.
EventCode=4703
EventType=0
Type=Information
ComputerName=we5214srv.waynecorpinc.local
TaskCategory=Authorization Policy Change
OpCode=Info
RecordNumber=542561
Keywords=Audit Success
Message=A user right was adjusted.

Subject:
	Security ID:		NT AUTHORITY\SYSTEM
	Account Name:		we5214srv$
	Account Domain:		WAYNECORPINC
	Logon ID:		0x3E7

Target Account:
	Security ID:		NT AUTHORITY\SYSTEM
	Account Name:		we5214srv$
	Account Domain:		WAYNECORPINC
	Logon ID:		0x3E7

Process Information:
	Process ID:		0x15c4
	Process Name:		C:\Windows\WinSxS\amd64_microsoft-windows-servicingstack_31bf3856ad364e35_10.0.10586.486_none_7640e086266ea227\TiWorker.exe

Enabled Privileges:
			SeSecurityPrivilege

Disabled Privileges:
			-
",0,0,1,0,0,0,0,0,0,0,0
684,1470217571.0,"08/03/2016 15:46:11 PM
LogName=Security
SourceName=Microsoft Windows security auditing.
EventCode=4656
EventType=0
Type=Information
ComputerName=we5214srv.waynecorpinc.local
TaskCategory=Removable Storage
OpCode=Info
RecordNumber=12399
Keywords=Audit Success
Message=A handle to an object was requested.

Subject:
	Security ID:		NT AUTHORITY\SYSTEM
	Account Name:		we5214srv$
	Account Domain:		WAYNECORPINC
	Logon ID:		0x3E7

Object:
	Object Server:		Security
	Object Type:		File
	Object Name:		\Device\Floppy0
	Handle ID:		0x154
	Resource Attributes:	-

Process Information:
	Process ID:		0x574
	Process Name:		C:\Program Files\VMware\VMware Tools\vmtoolsd.exe

Access Request Information:
	Transaction ID:		{00000000-0000-0000-0000-000000000000}
	Accesses:		READ_CONTROL
				SYNCHRONIZE
				ReadData (or ListDirectory)
				ReadEA
				ReadAttributes
				
	Access Reasons:		-
	Access Mask:		0x120089
	Privileges Used for Access Check:	-
	Restricted SID Count:	0
",0,1,0,0,0,0,0,0,0,0,0
685,1470217589.0,"08/03/2016 15:46:29 PM
LogName=Security
SourceName=Microsoft Windows security auditing.
EventCode=4703
EventType=0
Type=Information
ComputerName=we5214srv.waynecorpinc.local
TaskCategory=Authorization Policy Change
OpCode=Info
RecordNumber=532548
Keywords=Audit Success
Message=A user right was adjusted.

Subject:
	Security ID:		NT AUTHORITY\SYSTEM
	Account Name:		we5214srv$
	Account Domain:		WAYNECORPINC
	Logon ID:		0x3E7

Target Account:
	Security ID:		NT AUTHORITY\SYSTEM
	Account Name:		we5214srv$
	Account Domain:		WAYNECORPINC
	Logon ID:		0x3E7

Process Information:
	Process ID:		0x15c4
	Process Name:		C:\Windows\WinSxS\amd64_microsoft-windows-servicingstack_31bf3856ad364e35_10.0.10586.486_none_7640e086266ea227\TiWorker.exe

Enabled Privileges:
			SeSecurityPrivilege

Disabled Privileges:
			-
",0,0,1,0,0,0,0,0,0,0,0
686,1470217706.0,"08/03/2016 15:48:26 PM
LogName=Security
SourceName=Microsoft Windows security auditing.
EventCode=4674
EventType=0
Type=Information
ComputerName=we5214srv.waynecorpinc.local
TaskCategory=Sensitive Privilege Use
OpCode=Info
RecordNumber=20731
Keywords=Audit Success
Message=An operation was attempted on a privileged object.

Subject:
	Security ID:		we5214srv\Administrator
	Account Name:		Administrator
	Account Domain:		we5214srv
	Logon ID:		0x50749

Object:
	Object Server:	Security
	Object Type:	File
	Object Name:	C:\Windows\System32\Tasks\Microsoft\Windows\PLA\Server Manager Performance Monitor
	Object Handle:	0x92c

Process Information:
	Process ID:	0x2d4
	Process Name:	C:\Windows\System32\svchost.exe

Requested Operation:
	Desired Access:	READ_CONTROL
				ACCESS_SYS_SEC
				
	Privileges:		SeSecurityPrivilege
",0,0,0,0,0,0,0,1,0,0,0
687,1470218443.0,"08/03/2016 16:00:43 PM
LogName=Security
SourceName=Microsoft Windows security auditing.
EventCode=4689
EventType=0
Type=Information
ComputerName=we5214srv.waynecorpinc.local
TaskCategory=Process Termination
OpCode=Info
RecordNumber=12179
Keywords=Audit Success
Message=A process has exited.

Subject:
	Security ID:		NT AUTHORITY\SYSTEM
	Account Name:		we5214srv$
	Account Domain:		WAYNECORPINC
	Logon ID:		0x3E7

Process Information:
	Process ID:	0xbb4
	Process Name:	C:\Program Files\SplunkUniversalForwarder\bin\splunk-MonitorNoHandle.exe
	Exit Status:	0x1
",1,0,0,0,0,0,0,0,0,0,0
688,1470218451.0,"08/03/2016 16:00:51 PM
LogName=Security
SourceName=Microsoft Windows security auditing.
EventCode=4688
EventType=0
Type=Information
ComputerName=we5214srv.waynecorpinc.local
TaskCategory=Process Creation
OpCode=Info
RecordNumber=518195
Keywords=Audit Success
Message=A new process has been created.

Creator Subject:
	Security ID:		NT AUTHORITY\SYSTEM
	Account Name:		we5214srv$
	Account Domain:		WAYNECORPINC
	Logon ID:		0x3E7

Target Subject:
	Security ID:		NULL SID
	Account Name:		-
	Account Domain:		-
	Logon ID:		0x0

Process Information:
	New Process ID:		0x10c4
	New Process Name:	C:\Program Files\SplunkUniversalForwarder\bin\splunk-netmon.exe
	Token Elevation Type:	%%1936
	Mandatory Label:		Mandatory Label\System Mandatory Level
	Creator Process ID:	0x1b0
	Creator Process Name:	C:\Program Files\SplunkUniversalForwarder\bin\splunkd.exe
	Process Command Line:	""C:\Program Files\SplunkUniversalForwarder\bin\splunk-netmon.exe""

Token Elevation Type indicates the type of token that was assigned to the new process in accordance with User Account Control policy.

Type 1 is a full token with no privileges removed or groups disabled.  A full token is only used if User Account Control is disabled or if the user is the built-in Administrator account or a service account.

Type 2 is an elevated token with no privileges removed or groups disabled.  An elevated token is used when User Account Control is enabled and the user chooses to start the program using Run as administrator.  An elevated token is also used when an application is configured to always require administrative privilege or to always require maximum privilege, and the user is a member of the Administrators group.

Type 3 is a limited token with administrative privileges removed and administrative groups disabled.  The limited token is used when User Account Control is enabled, the application does not require administrative privilege, and the user does not choose to start the program using Run as administrator.
",0,0,0,0,1,0,0,0,0,0,0
689,1470218511.0,"08/03/2016 16:01:51 PM
