LogName=Security
SourceName=Microsoft Windows security auditing.
EventCode=4688
EventType=0
Type=Information
ComputerName=we5214srv.waynecorpinc.local
TaskCategory=Process Creation
OpCode=Info
RecordNumber=524615
Keywords=Audit Success
Message=A new process has been created.

Creator Subject:
	Security ID:		NT AUTHORITY\SYSTEM
	Account Name:		we5214srv$
	Account Domain:		WAYNECORPINC
	Logon ID:		0x3E7

Target Subject:
	Security ID:		NULL SID
	Account Name:		-
	Account Domain:		-
	Logon ID:		0x0

Process Information:
	New Process ID:		0x1170
	New Process Name:	C:\Program Files\SplunkUniversalForwarder\bin\splunk-regmon.exe
	Token Elevation Type:	%%1936
	Mandatory Label:		Mandatory Label\System Mandatory Level
	Creator Process ID:	0x1b0
	Creator Process Name:	C:\Program Files\SplunkUniversalForwarder\bin\splunkd.exe
	Process Command Line:	""C:\Program Files\SplunkUniversalForwarder\bin\splunk-regmon.exe""

Token Elevation Type indicates the type of token that was assigned to the new process in accordance with User Account Control policy.

Type 1 is a full token with no privileges removed or groups disabled.  A full token is only used if User Account Control is disabled or if the user is the built-in Administrator account or a service account.

Type 2 is an elevated token with no privileges removed or groups disabled.  An elevated token is used when User Account Control is enabled and the user chooses to start the program using Run as administrator.  An elevated token is also used when an application is configured to always require administrative privilege or to always require maximum privilege, and the user is a member of the Administrators group.

Type 3 is a limited token with administrative privileges removed and administrative groups disabled.  The limited token is used when User Account Control is enabled, the application does not require administrative privilege, and the user does not choose to start the program using Run as administrator.
",0,0,0,0,1,0,0,0,0,0,0
1643,1470561754.0,"08/07/2016 15:22:34 PM
LogName=Security
SourceName=Microsoft Windows security auditing.
EventCode=4624
EventType=0
Type=Information
ComputerName=we5214srv.waynecorpinc.local
TaskCategory=Logon
OpCode=Info
RecordNumber=49846
Keywords=Audit Success
Message=An account was successfully logged on.

Subject:
	Security ID:		NULL SID
	Account Name:		-
	Account Domain:		-
	Logon ID:		0x0

Logon Type:			3

Impersonation Level:		Delegation

New Logon:
	Security ID:		NT AUTHORITY\SYSTEM
	Account Name:		we5214srv$
	Account Domain:		WAYNECORPINC
	Logon ID:		0x1EA8B3C
	Logon GUID:		{07CD1F19-BEA5-63D0-FEC5-962937A38031}

Process Information:
	Process ID:		0x0
	Process Name:		-

Network Information:
	Workstation Name:	
	Source Network Address:	fe80::a971:d247:426d:612c
	Source Port:		52135

Detailed Authentication Information:
	Logon Process:		Kerberos
	Authentication Package:	Kerberos
	Transited Services:	-
	Package Name (NTLM only):	-
	Key Length:		0

This event is generated when a logon session is created. It is generated on the computer that was accessed.

The subject fields indicate the account on the local system which requested the logon. This is most commonly a service such as the Server service, or a local process such as Winlogon.exe or Services.exe.

The logon type field indicates the kind of logon that occurred. The most common types are 2 (interactive) and 3 (network).

The New Logon fields indicate the account for whom the new logon was created, i.e. the account that was logged on.

The network fields indicate where a remote logon request originated. Workstation name is not always available and may be left blank in some cases.

The impersonation level field indicates the extent to which a process in the logon session can impersonate.

The authentication information fields provide detailed information about this specific logon request.
	- Logon GUID is a unique identifier that can be used to correlate this event with a KDC event.
	- Transited services indicate which intermediate services have participated in this logon request.
	- Package name indicates which sub-protocol was used among the NTLM protocols.
	- Key length indicates the length of the generated session key. This will be 0 if no session key was requested.
",0,0,0,0,0,1,0,0,0,0,0
1644,1470562486.0,"08/07/2016 15:34:46 PM
LogName=Security
SourceName=Microsoft Windows security auditing.
EventCode=4688
EventType=0
Type=Information
ComputerName=we5214srv.waynecorpinc.local
TaskCategory=Process Creation
OpCode=Info
RecordNumber=521462
Keywords=Audit Success
Message=A new process has been created.

Creator Subject:
	Security ID:		NT AUTHORITY\SYSTEM
	Account Name:		we5214srv$
	Account Domain:		WAYNECORPINC
	Logon ID:		0x3E7

Target Subject:
	Security ID:		NULL SID
	Account Name:		-
	Account Domain:		-
	Logon ID:		0x0

Process Information:
	New Process ID:		0x1228
	New Process Name:	C:\Program Files\SplunkUniversalForwarder\bin\splunk-winprintmon.exe
	Token Elevation Type:	%%1936
	Mandatory Label:		Mandatory Label\System Mandatory Level
	Creator Process ID:	0x1b0
	Creator Process Name:	C:\Program Files\SplunkUniversalForwarder\bin\splunkd.exe
	Process Command Line:	""C:\Program Files\SplunkUniversalForwarder\bin\splunk-winprintmon.exe""

Token Elevation Type indicates the type of token that was assigned to the new process in accordance with User Account Control policy.

Type 1 is a full token with no privileges removed or groups disabled.  A full token is only used if User Account Control is disabled or if the user is the built-in Administrator account or a service account.

Type 2 is an elevated token with no privileges removed or groups disabled.  An elevated token is used when User Account Control is enabled and the user chooses to start the program using Run as administrator.  An elevated token is also used when an application is configured to always require administrative privilege or to always require maximum privilege, and the user is a member of the Administrators group.

Type 3 is a limited token with administrative privileges removed and administrative groups disabled.  The limited token is used when User Account Control is enabled, the application does not require administrative privilege, and the user does not choose to start the program using Run as administrator.
",0,0,0,0,1,0,0,0,0,0,0
1645,1470562651.0,"08/07/2016 15:37:31 PM
LogName=Security
SourceName=Microsoft Windows security auditing.
EventCode=4689
EventType=0
Type=Information
ComputerName=we5214srv.waynecorpinc.local
TaskCategory=Process Termination
OpCode=Info
RecordNumber=21697
Keywords=Audit Success
Message=A process has exited.

Subject:
	Security ID:		NT AUTHORITY\SYSTEM
	Account Name:		we5214srv$
	Account Domain:		WAYNECORPINC
	Logon ID:		0x3E7

Process Information:
	Process ID:	0xe08
	Process Name:	C:\Program Files\SplunkUniversalForwarder\bin\splunk-powershell.exe
	Exit Status:	0x1
",1,0,0,0,0,0,0,0,0,0,0
1646,1470562714.0,"08/07/2016 15:38:34 PM
LogName=Security
SourceName=Microsoft Windows security auditing.
EventCode=5140
EventType=0
Type=Information
ComputerName=we5214srv.waynecorpinc.local
TaskCategory=File Share
OpCode=Info
RecordNumber=36808
Keywords=Audit Success
Message=A network share object was accessed.
	
Subject:
	Security ID:		WAYNECORPINC\we5214srv$
	Account Name:		we5214srv$
	Account Domain:		WAYNECORPINC
	Logon ID:		0x170F1FD

Network Information:	
	Object Type:		File
	Source Address:		192.168.250.70
	Source Port:		62483
	
Share Information:
	Share Name:		\\*\IPC$
	Share Path:		

Access Request Information:
	Access Mask:		0x1
	Accesses:		ReadData (or ListDirectory)
",0,0,0,0,0,0,0,0,0,1,0
1647,1470562918.0,"08/07/2016 15:41:58 PM
LogName=Security
SourceName=Microsoft Windows security auditing.
EventCode=4703
EventType=0
Type=Information
ComputerName=we5214srv.waynecorpinc.local
TaskCategory=Authorization Policy Change
OpCode=Info
RecordNumber=534146
Keywords=Audit Success
Message=A user right was adjusted.

Subject:
	Security ID:		NT AUTHORITY\SYSTEM
	Account Name:		we5214srv$
	Account Domain:		WAYNECORPINC
	Logon ID:		0x3E7

Target Account:
	Security ID:		NT AUTHORITY\SYSTEM
	Account Name:		we5214srv$
	Account Domain:		WAYNECORPINC
	Logon ID:		0x3E7

Process Information:
	Process ID:		0x15c4
	Process Name:		C:\Windows\WinSxS\amd64_microsoft-windows-servicingstack_31bf3856ad364e35_10.0.10586.486_none_7640e086266ea227\TiWorker.exe

Enabled Privileges:
			SeSecurityPrivilege

Disabled Privileges:
			-
",0,0,1,0,0,0,0,0,0,0,0
1648,1470562992.0,"08/07/2016 15:43:12 PM
LogName=Security
SourceName=Microsoft Windows security auditing.
EventCode=4689
EventType=0
Type=Information
ComputerName=we5214srv.waynecorpinc.local
TaskCategory=Process Termination
OpCode=Info
RecordNumber=26091
Keywords=Audit Success
Message=A process has exited.

Subject:
	Security ID:		NT AUTHORITY\SYSTEM
	Account Name:		we5214srv$
	Account Domain:		WAYNECORPINC
	Logon ID:		0x3E7

Process Information:
	Process ID:	0x30c
	Process Name:	C:\Program Files\SplunkUniversalForwarder\bin\splunk-admon.exe
	Exit Status:	0x1
",1,0,0,0,0,0,0,0,0,0,0
1649,1470563311.0,"08/07/2016 15:48:31 PM
LogName=Security
SourceName=Microsoft Windows security auditing.
EventCode=4689
EventType=0
Type=Information
ComputerName=we5214srv.waynecorpinc.local
TaskCategory=Process Termination
OpCode=Info
RecordNumber=512292
Keywords=Audit Success
Message=A process has exited.

Subject:
	Security ID:		NT AUTHORITY\SYSTEM
	Account Name:		we5214srv$
	Account Domain:		WAYNECORPINC
	Logon ID:		0x3E7

Process Information:
	Process ID:	0x7bc
	Process Name:	C:\Program Files\SplunkUniversalForwarder\bin\splunk-powershell.exe
	Exit Status:	0x1
",1,0,0,0,0,0,0,0,0,0,0
1650,1470563718.0,"08/07/2016 15:55:18 PM
LogName=Security
SourceName=Microsoft Windows security auditing.
EventCode=4689
EventType=0
Type=Information
ComputerName=we5214srv.waynecorpinc.local
TaskCategory=Process Termination
OpCode=Info
RecordNumber=524499
Keywords=Audit Success
Message=A process has exited.

Subject:
	Security ID:		NT AUTHORITY\SYSTEM
	Account Name:		we5214srv$
	Account Domain:		WAYNECORPINC
	Logon ID:		0x3E7

Process Information:
	Process ID:	0x8b8
	Process Name:	C:\Program Files\SplunkUniversalForwarder\bin\splunk-powershell.exe
	Exit Status:	0x1
",1,0,0,0,0,0,0,0,0,0,0
1651,1470564869.0,"08/07/2016 16:14:29 PM
LogName=Security
SourceName=Microsoft Windows security auditing.
EventCode=4689
EventType=0
Type=Information
ComputerName=we5214srv.waynecorpinc.local
TaskCategory=Process Termination
OpCode=Info
RecordNumber=515017
Keywords=Audit Success
Message=A process has exited.

Subject:
	Security ID:		NT AUTHORITY\SYSTEM
	Account Name:		we5214srv$
	Account Domain:		WAYNECORPINC
	Logon ID:		0x3E7

Process Information:
	Process ID:	0x72c
	Process Name:	C:\Program Files\SplunkUniversalForwarder\bin\splunk-MonitorNoHandle.exe
	Exit Status:	0x1
",1,0,0,0,0,0,0,0,0,0,0
1652,1470565103.0,"08/07/2016 16:18:23 PM
LogName=Security
SourceName=Microsoft Windows security auditing.
EventCode=4688
EventType=0
Type=Information
ComputerName=we5214srv.waynecorpinc.local
TaskCategory=Process Creation
OpCode=Info
RecordNumber=524816
Keywords=Audit Success
Message=A new process has been created.

Creator Subject:
	Security ID:		NT AUTHORITY\SYSTEM
	Account Name:		we5214srv$
	Account Domain:		WAYNECORPINC
	Logon ID:		0x3E7

Target Subject:
	Security ID:		NULL SID
	Account Name:		-
	Account Domain:		-
	Logon ID:		0x0

Process Information:
	New Process ID:		0x8b8
	New Process Name:	C:\Program Files\SplunkUniversalForwarder\bin\splunk-regmon.exe
	Token Elevation Type:	%%1936
	Mandatory Label:		Mandatory Label\System Mandatory Level
	Creator Process ID:	0x1b0
	Creator Process Name:	C:\Program Files\SplunkUniversalForwarder\bin\splunkd.exe
	Process Command Line:	""C:\Program Files\SplunkUniversalForwarder\bin\splunk-regmon.exe""

Token Elevation Type indicates the type of token that was assigned to the new process in accordance with User Account Control policy.

Type 1 is a full token with no privileges removed or groups disabled.  A full token is only used if User Account Control is disabled or if the user is the built-in Administrator account or a service account.

Type 2 is an elevated token with no privileges removed or groups disabled.  An elevated token is used when User Account Control is enabled and the user chooses to start the program using Run as administrator.  An elevated token is also used when an application is configured to always require administrative privilege or to always require maximum privilege, and the user is a member of the Administrators group.

Type 3 is a limited token with administrative privileges removed and administrative groups disabled.  The limited token is used when User Account Control is enabled, the application does not require administrative privilege, and the user does not choose to start the program using Run as administrator.
",0,0,0,0,1,0,0,0,0,0,0
1653,1470565599.0,"08/07/2016 16:26:39 PM
LogName=Security
SourceName=Microsoft Windows security auditing.
EventCode=4688
EventType=0
Type=Information
ComputerName=we5214srv.waynecorpinc.local
TaskCategory=Process Creation
OpCode=Info
RecordNumber=20684
Keywords=Audit Success
Message=A new process has been created.

Subject:
	Security ID:		NT AUTHORITY\SYSTEM
	Account Name:		we5214srv$
	Account Domain:		WAYNECORPINC
	Logon ID:		0x3E7

Process Information:
	New Process ID:		0xee0
	New Process Name:	C:\Program Files\SplunkUniversalForwarder\bin\splunk-regmon.exe
	Token Elevation Type:	TokenElevationTypeDefault (1)
	Creator Process ID:	0xddc
	Process Command Line:	""C:\Program Files\SplunkUniversalForwarder\bin\splunk-regmon.exe""

Token Elevation Type indicates the type of token that was assigned to the new process in accordance with User Account Control policy.

Type 1 is a full token with no privileges removed or groups disabled.  A full token is only used if User Account Control is disabled or if the user is the built-in Administrator account or a service account.

Type 2 is an elevated token with no privileges removed or groups disabled.  An elevated token is used when User Account Control is enabled and the user chooses to start the program using Run as administrator.  An elevated token is also used when an application is configured to always require administrative privilege or to always require maximum privilege, and the user is a member of the Administrators group.

Type 3 is a limited token with administrative privileges removed and administrative groups disabled.  The limited token is used when User Account Control is enabled, the application does not require administrative privilege, and the user does not choose to start the program using Run as administrator.
",0,0,0,0,1,0,0,0,0,0,0
1654,1470566875.0,"08/07/2016 16:47:55 PM
LogName=Security
SourceName=Microsoft Windows security auditing.
EventCode=4688
EventType=0
Type=Information
ComputerName=we5214srv.waynecorpinc.local
TaskCategory=Process Creation
OpCode=Info
RecordNumber=23206
Keywords=Audit Success
Message=A new process has been created.

Subject:
	Security ID:		NT AUTHORITY\SYSTEM
	Account Name:		we5214srv$
	Account Domain:		WAYNECORPINC
	Logon ID:		0x3E7

Process Information:
	New Process ID:		0xb64
	New Process Name:	C:\Program Files\SplunkUniversalForwarder\bin\splunk-winprintmon.exe
	Token Elevation Type:	TokenElevationTypeDefault (1)
	Creator Process ID:	0xddc
	Process Command Line:	""C:\Program Files\SplunkUniversalForwarder\bin\splunk-winprintmon.exe""

Token Elevation Type indicates the type of token that was assigned to the new process in accordance with User Account Control policy.

Type 1 is a full token with no privileges removed or groups disabled.  A full token is only used if User Account Control is disabled or if the user is the built-in Administrator account or a service account.

Type 2 is an elevated token with no privileges removed or groups disabled.  An elevated token is used when User Account Control is enabled and the user chooses to start the program using Run as administrator.  An elevated token is also used when an application is configured to always require administrative privilege or to always require maximum privilege, and the user is a member of the Administrators group.

Type 3 is a limited token with administrative privileges removed and administrative groups disabled.  The limited token is used when User Account Control is enabled, the application does not require administrative privilege, and the user does not choose to start the program using Run as administrator.
",0,0,0,0,1,0,0,0,0,0,0
1655,1470567196.0,"08/07/2016 16:53:16 PM
LogName=Security
SourceName=Microsoft Windows security auditing.
EventCode=4656
EventType=0
Type=Information
ComputerName=we5214srv.waynecorpinc.local
TaskCategory=Removable Storage
OpCode=Info
RecordNumber=25423
Keywords=Audit Success
Message=A handle to an object was requested.

Subject:
	Security ID:		NT AUTHORITY\SYSTEM
	Account Name:		we5214srv$
	Account Domain:		WAYNECORPINC
	Logon ID:		0x3E7

Object:
	Object Server:		Security
	Object Type:		File
	Object Name:		\Device\Floppy0
	Handle ID:		0x320
	Resource Attributes:	-

Process Information:
	Process ID:		0x574
	Process Name:		C:\Program Files\VMware\VMware Tools\vmtoolsd.exe

Access Request Information:
	Transaction ID:		{00000000-0000-0000-0000-000000000000}
	Accesses:		READ_CONTROL
				SYNCHRONIZE
				ReadData (or ListDirectory)
				ReadEA
				ReadAttributes
				
	Access Reasons:		-
	Access Mask:		0x120089
	Privileges Used for Access Check:	-
	Restricted SID Count:	0
",0,1,0,0,0,0,0,0,0,0,0
1656,1470567211.0,"08/07/2016 16:53:31 PM
LogName=Security
SourceName=Microsoft Windows security auditing.
EventCode=4688
EventType=0
Type=Information
ComputerName=we5214srv.waynecorpinc.local
TaskCategory=Process Creation
OpCode=Info
RecordNumber=48785
Keywords=Audit Success
Message=A new process has been created.

Subject:
	Security ID:		NT AUTHORITY\SYSTEM
	Account Name:		we5214srv$
	Account Domain:		WAYNECORPINC
	Logon ID:		0x3E7

Process Information:
	New Process ID:		0xf8c
	New Process Name:	C:\Program Files\SplunkUniversalForwarder\bin\splunk-powershell.exe
	Token Elevation Type:	TokenElevationTypeDefault (1)
	Creator Process ID:	0xc24
	Process Command Line:	""C:\Program Files\SplunkUniversalForwarder\bin\splunk-powershell.exe"" --ps2

Token Elevation Type indicates the type of token that was assigned to the new process in accordance with User Account Control policy.

Type 1 is a full token with no privileges removed or groups disabled.  A full token is only used if User Account Control is disabled or if the user is the built-in Administrator account or a service account.

Type 2 is an elevated token with no privileges removed or groups disabled.  An elevated token is used when User Account Control is enabled and the user chooses to start the program using Run as administrator.  An elevated token is also used when an application is configured to always require administrative privilege or to always require maximum privilege, and the user is a member of the Administrators group.

Type 3 is a limited token with administrative privileges removed and administrative groups disabled.  The limited token is used when User Account Control is enabled, the application does not require administrative privilege, and the user does not choose to start the program using Run as administrator.
",0,0,0,0,1,0,0,0,0,0,0
1657,1470567493.0,"08/07/2016 16:58:13 PM
LogName=Security
SourceName=Microsoft Windows security auditing.
EventCode=4674
EventType=0
Type=Information
ComputerName=we5214srv.waynecorpinc.local
TaskCategory=Sensitive Privilege Use
OpCode=Info
RecordNumber=21455
Keywords=Audit Success
Message=An operation was attempted on a privileged object.

Subject:
	Security ID:		we5214srv\Administrator
	Account Name:		Administrator
	Account Domain:		we5214srv
	Logon ID:		0x50749

Object:
	Object Server:	Security
	Object Type:	File
	Object Name:	C:\Windows\System32\Tasks\Microsoft\Windows\PLA\Server Manager Performance Monitor
	Object Handle:	0x18c

Process Information:
	Process ID:	0x2d4
	Process Name:	C:\Windows\System32\svchost.exe

Requested Operation:
	Desired Access:	READ_CONTROL
				ACCESS_SYS_SEC
				
	Privileges:		SeSecurityPrivilege
",0,0,0,0,0,0,0,1,0,0,0
1658,1470567919.0,"08/07/2016 17:05:19 PM
LogName=Security
SourceName=Microsoft Windows security auditing.
EventCode=4688
EventType=0
Type=Information
ComputerName=we5214srv.waynecorpinc.local
TaskCategory=Process Creation
OpCode=Info
RecordNumber=50635
Keywords=Audit Success
Message=A new process has been created.

Subject:
	Security ID:		NT AUTHORITY\SYSTEM
	Account Name:		we5214srv$
	Account Domain:		WAYNECORPINC
	Logon ID:		0x3E7

Process Information:
	New Process ID:		0xd6c
	New Process Name:	C:\Program Files\SplunkUniversalForwarder\bin\splunk-netmon.exe
	Token Elevation Type:	TokenElevationTypeDefault (1)
	Creator Process ID:	0xc24
	Process Command Line:	""C:\Program Files\SplunkUniversalForwarder\bin\splunk-netmon.exe""

Token Elevation Type indicates the type of token that was assigned to the new process in accordance with User Account Control policy.

Type 1 is a full token with no privileges removed or groups disabled.  A full token is only used if User Account Control is disabled or if the user is the built-in Administrator account or a service account.

Type 2 is an elevated token with no privileges removed or groups disabled.  An elevated token is used when User Account Control is enabled and the user chooses to start the program using Run as administrator.  An elevated token is also used when an application is configured to always require administrative privilege or to always require maximum privilege, and the user is a member of the Administrators group.

Type 3 is a limited token with administrative privileges removed and administrative groups disabled.  The limited token is used when User Account Control is enabled, the application does not require administrative privilege, and the user does not choose to start the program using Run as administrator.
",0,0,0,0,1,0,0,0,0,0,0
1659,1470568217.0,"08/07/2016 17:10:17 PM
LogName=Security
SourceName=Microsoft Windows security auditing.
EventCode=4703
EventType=0
Type=Information
ComputerName=we5214srv.waynecorpinc.local
TaskCategory=Authorization Policy Change
OpCode=Info
RecordNumber=530655
Keywords=Audit Success
Message=A user right was adjusted.

Subject:
	Security ID:		NT AUTHORITY\SYSTEM
	Account Name:		we5214srv$
	Account Domain:		WAYNECORPINC
	Logon ID:		0x3E7

Target Account:
	Security ID:		NT AUTHORITY\SYSTEM
	Account Name:		we5214srv$
	Account Domain:		WAYNECORPINC
	Logon ID:		0x3E7

Process Information:
	Process ID:		0x15c4
	Process Name:		C:\Windows\WinSxS\amd64_microsoft-windows-servicingstack_31bf3856ad364e35_10.0.10586.486_none_7640e086266ea227\TiWorker.exe

Enabled Privileges:
			SeSecurityPrivilege

Disabled Privileges:
			-
",0,0,1,0,0,0,0,0,0,0,0
1660,1470569004.0,"08/07/2016 17:23:24 PM
LogName=Security
SourceName=Microsoft Windows security auditing.
EventCode=4703
EventType=0
Type=Information
ComputerName=we5214srv.waynecorpinc.local
TaskCategory=Authorization Policy Change
OpCode=Info
RecordNumber=540664
Keywords=Audit Success
Message=A user right was adjusted.

Subject:
	Security ID:		NT AUTHORITY\SYSTEM
	Account Name:		we5214srv$
	Account Domain:		WAYNECORPINC
	Logon ID:		0x3E7

Target Account:
	Security ID:		NT AUTHORITY\SYSTEM
	Account Name:		we5214srv$
	Account Domain:		WAYNECORPINC
	Logon ID:		0x3E7

Process Information:
	Process ID:		0x15c4
	Process Name:		C:\Windows\WinSxS\amd64_microsoft-windows-servicingstack_31bf3856ad364e35_10.0.10586.486_none_7640e086266ea227\TiWorker.exe

Enabled Privileges:
			SeSecurityPrivilege

Disabled Privileges:
			-
",0,0,1,0,0,0,0,0,0,0,0
1661,1470569021.0,"08/07/2016 17:23:41 PM
LogName=Security
SourceName=Microsoft Windows security auditing.
EventCode=4672
EventType=0
Type=Information
ComputerName=we5214srv.waynecorpinc.local
TaskCategory=Special Logon
OpCode=Info
RecordNumber=43547
Keywords=Audit Success
Message=Special privileges assigned to new logon.

Subject:
	Security ID:		NT AUTHORITY\SYSTEM
	Account Name:		we5214srv$
	Account Domain:		WAYNECORPINC
	Logon ID:		0x1AE6EBC

Privileges:		SeSecurityPrivilege
			SeBackupPrivilege
			SeRestorePrivilege
			SeTakeOwnershipPrivilege
			SeDebugPrivilege
			SeSystemEnvironmentPrivilege
			SeLoadDriverPrivilege
			SeImpersonatePrivilege
			SeEnableDelegationPrivilege
",0,0,0,1,0,0,0,0,0,0,0
1662,1470569033.0,"08/07/2016 17:23:53 PM
LogName=Security
SourceName=Microsoft Windows security auditing.
EventCode=4688
EventType=0
Type=Information
ComputerName=we5214srv.waynecorpinc.local
TaskCategory=Process Creation
OpCode=Info
RecordNumber=512126
Keywords=Audit Success
Message=A new process has been created.

Creator Subject:
	Security ID:		NT AUTHORITY\SYSTEM
	Account Name:		we5214srv$
	Account Domain:		WAYNECORPINC
	Logon ID:		0x3E7

Target Subject:
	Security ID:		NULL SID
	Account Name:		-
	Account Domain:		-
	Logon ID:		0x0

Process Information:
	New Process ID:		0x11b4
	New Process Name:	C:\Program Files\SplunkUniversalForwarder\bin\splunk-admon.exe
	Token Elevation Type:	%%1936
	Mandatory Label:		Mandatory Label\System Mandatory Level
	Creator Process ID:	0x1b0
	Creator Process Name:	C:\Program Files\SplunkUniversalForwarder\bin\splunkd.exe
	Process Command Line:	""C:\Program Files\SplunkUniversalForwarder\bin\splunk-admon.exe""

Token Elevation Type indicates the type of token that was assigned to the new process in accordance with User Account Control policy.

Type 1 is a full token with no privileges removed or groups disabled.  A full token is only used if User Account Control is disabled or if the user is the built-in Administrator account or a service account.

Type 2 is an elevated token with no privileges removed or groups disabled.  An elevated token is used when User Account Control is enabled and the user chooses to start the program using Run as administrator.  An elevated token is also used when an application is configured to always require administrative privilege or to always require maximum privilege, and the user is a member of the Administrators group.

Type 3 is a limited token with administrative privileges removed and administrative groups disabled.  The limited token is used when User Account Control is enabled, the application does not require administrative privilege, and the user does not choose to start the program using Run as administrator.
",0,0,0,0,1,0,0,0,0,0,0
1663,1470569039.0,"08/07/2016 17:23:59 PM
LogName=Security
SourceName=Microsoft Windows security auditing.
EventCode=4703
EventType=0
Type=Information
ComputerName=we5214srv.waynecorpinc.local
TaskCategory=Authorization Policy Change
OpCode=Info
RecordNumber=532040
Keywords=Audit Success
Message=A user right was adjusted.

Subject:
	Security ID:		NT AUTHORITY\SYSTEM
	Account Name:		we5214srv$
	Account Domain:		WAYNECORPINC
	Logon ID:		0x3E7

Target Account:
	Security ID:		NT AUTHORITY\SYSTEM
	Account Name:		we5214srv$
	Account Domain:		WAYNECORPINC
	Logon ID:		0x3E7

Process Information:
	Process ID:		0x15c4
	Process Name:		C:\Windows\WinSxS\amd64_microsoft-windows-servicingstack_31bf3856ad364e35_10.0.10586.486_none_7640e086266ea227\TiWorker.exe

Enabled Privileges:
			SeSecurityPrivilege

Disabled Privileges:
			-
",0,0,1,0,0,0,0,0,0,0,0
1664,1470569521.0,"08/07/2016 17:32:01 PM
LogName=Security
SourceName=Microsoft Windows security auditing.
EventCode=4703
EventType=0
Type=Information
ComputerName=we5214srv.waynecorpinc.local
TaskCategory=Authorization Policy Change
OpCode=Info
RecordNumber=539128
Keywords=Audit Success
Message=A user right was adjusted.

Subject:
	Security ID:		NT AUTHORITY\SYSTEM
	Account Name:		we5214srv$
	Account Domain:		WAYNECORPINC
	Logon ID:		0x3E7

Target Account:
	Security ID:		NT AUTHORITY\SYSTEM
	Account Name:		we5214srv$
	Account Domain:		WAYNECORPINC
	Logon ID:		0x3E7

Process Information:
	Process ID:		0x15c4
	Process Name:		C:\Windows\WinSxS\amd64_microsoft-windows-servicingstack_31bf3856ad364e35_10.0.10586.486_none_7640e086266ea227\TiWorker.exe

Enabled Privileges:
			SeSecurityPrivilege

Disabled Privileges:
			-
",0,0,1,0,0,0,0,0,0,0,0
1665,1470569806.0,"08/07/2016 17:36:46 PM
LogName=Security
SourceName=Microsoft Windows security auditing.
EventCode=4689
EventType=0
Type=Information
ComputerName=we5214srv.waynecorpinc.local
TaskCategory=Process Termination
OpCode=Info
RecordNumber=524700
Keywords=Audit Success
Message=A process has exited.

Subject:
	Security ID:		NT AUTHORITY\SYSTEM
	Account Name:		we5214srv$
	Account Domain:		WAYNECORPINC
	Logon ID:		0x3E7

Process Information:
	Process ID:	0xb14
	Process Name:	C:\Program Files\SplunkUniversalForwarder\bin\splunk-winprintmon.exe
	Exit Status:	0x1
",1,0,0,0,0,0,0,0,0,0,0
1666,1470570316.0,"08/07/2016 17:45:16 PM
LogName=Security
SourceName=Microsoft Windows security auditing.
EventCode=4703
EventType=0
Type=Information
ComputerName=we5214srv.waynecorpinc.local
TaskCategory=Authorization Policy Change
OpCode=Info
RecordNumber=541899
Keywords=Audit Success
Message=A user right was adjusted.

Subject:
	Security ID:		NT AUTHORITY\SYSTEM
	Account Name:		we5214srv$
	Account Domain:		WAYNECORPINC
	Logon ID:		0x3E7

Target Account:
	Security ID:		NT AUTHORITY\SYSTEM
	Account Name:		we5214srv$
	Account Domain:		WAYNECORPINC
	Logon ID:		0x3E7

Process Information:
	Process ID:		0x15c4
	Process Name:		C:\Windows\WinSxS\amd64_microsoft-windows-servicingstack_31bf3856ad364e35_10.0.10586.486_none_7640e086266ea227\TiWorker.exe

Enabled Privileges:
			SeSecurityPrivilege

Disabled Privileges:
			-
",0,0,1,0,0,0,0,0,0,0,0
1667,1470571139.0,"08/07/2016 17:58:59 PM
LogName=Security
SourceName=Microsoft Windows security auditing.
EventCode=4688
EventType=0
Type=Information
ComputerName=we5214srv.waynecorpinc.local
TaskCategory=Process Creation
OpCode=Info
RecordNumber=22808
Keywords=Audit Success
Message=A new process has been created.

Subject:
	Security ID:		NT AUTHORITY\SYSTEM
	Account Name:		we5214srv$
	Account Domain:		WAYNECORPINC
	Logon ID:		0x3E7

Process Information:
	New Process ID:		0xc6c
	New Process Name:	C:\Program Files\SplunkUniversalForwarder\bin\splunk-admon.exe
	Token Elevation Type:	TokenElevationTypeDefault (1)
	Creator Process ID:	0xddc
	Process Command Line:	""C:\Program Files\SplunkUniversalForwarder\bin\splunk-admon.exe""

Token Elevation Type indicates the type of token that was assigned to the new process in accordance with User Account Control policy.

Type 1 is a full token with no privileges removed or groups disabled.  A full token is only used if User Account Control is disabled or if the user is the built-in Administrator account or a service account.

Type 2 is an elevated token with no privileges removed or groups disabled.  An elevated token is used when User Account Control is enabled and the user chooses to start the program using Run as administrator.  An elevated token is also used when an application is configured to always require administrative privilege or to always require maximum privilege, and the user is a member of the Administrators group.

Type 3 is a limited token with administrative privileges removed and administrative groups disabled.  The limited token is used when User Account Control is enabled, the application does not require administrative privilege, and the user does not choose to start the program using Run as administrator.
",0,0,0,0,1,0,0,0,0,0,0
1668,1470571231.0,"08/07/2016 18:00:31 PM
LogName=Security
SourceName=Microsoft Windows security auditing.
EventCode=4688
EventType=0
Type=Information
ComputerName=we5214srv.waynecorpinc.local
TaskCategory=Process Creation
OpCode=Info
RecordNumber=23911
Keywords=Audit Success
Message=A new process has been created.

Subject:
	Security ID:		NT AUTHORITY\SYSTEM
	Account Name:		we5214srv$
	Account Domain:		WAYNECORPINC
	Logon ID:		0x3E7

Process Information:
	New Process ID:		0xa94
	New Process Name:	C:\Program Files\SplunkUniversalForwarder\bin\splunk-powershell.exe
	Token Elevation Type:	TokenElevationTypeDefault (1)
	Creator Process ID:	0xddc
	Process Command Line:	""C:\Program Files\SplunkUniversalForwarder\bin\splunk-powershell.exe""

Token Elevation Type indicates the type of token that was assigned to the new process in accordance with User Account Control policy.

Type 1 is a full token with no privileges removed or groups disabled.  A full token is only used if User Account Control is disabled or if the user is the built-in Administrator account or a service account.

Type 2 is an elevated token with no privileges removed or groups disabled.  An elevated token is used when User Account Control is enabled and the user chooses to start the program using Run as administrator.  An elevated token is also used when an application is configured to always require administrative privilege or to always require maximum privilege, and the user is a member of the Administrators group.

Type 3 is a limited token with administrative privileges removed and administrative groups disabled.  The limited token is used when User Account Control is enabled, the application does not require administrative privilege, and the user does not choose to start the program using Run as administrator.
",0,0,0,0,1,0,0,0,0,0,0
1669,1470572093.0,"08/07/2016 18:14:53 PM
LogName=Security
SourceName=Microsoft Windows security auditing.
EventCode=4689
EventType=0
Type=Information
ComputerName=we5214srv.waynecorpinc.local
TaskCategory=Process Termination
OpCode=Info
RecordNumber=39081
Keywords=Audit Success
Message=A process has exited.

Subject:
	Security ID:		NT AUTHORITY\SYSTEM
	Account Name:		we5214srv$
	Account Domain:		WAYNECORPINC
	Logon ID:		0x3E7

Process Information:
	Process ID:	0xd8c
	Process Name:	C:\Program Files\SplunkUniversalForwarder\bin\splunk-winprintmon.exe
	Exit Status:	0x1
",1,0,0,0,0,0,0,0,0,0,0
1670,1470572474.0,"08/07/2016 18:21:14 PM
LogName=Security
SourceName=Microsoft Windows security auditing.
EventCode=4689
EventType=0
Type=Information
ComputerName=we5214srv.waynecorpinc.local
TaskCategory=Process Termination
OpCode=Info
RecordNumber=39274
Keywords=Audit Success
Message=A process has exited.

Subject:
	Security ID:		NT AUTHORITY\SYSTEM
	Account Name:		we5214srv$
	Account Domain:		WAYNECORPINC
	Logon ID:		0x3E7

Process Information:
	Process ID:	0xe40
	Process Name:	C:\Program Files\SplunkUniversalForwarder\bin\splunk-powershell.exe
	Exit Status:	0x1
",1,0,0,0,0,0,0,0,0,0,0
1671,1470572673.0,"08/07/2016 18:24:33 PM
LogName=Security
SourceName=Microsoft Windows security auditing.
EventCode=4703
EventType=0
Type=Information
ComputerName=we5214srv.waynecorpinc.local
TaskCategory=Authorization Policy Change
OpCode=Info
RecordNumber=543417
Keywords=Audit Success
Message=A user right was adjusted.

Subject:
	Security ID:		NT AUTHORITY\SYSTEM
	Account Name:		we5214srv$
	Account Domain:		WAYNECORPINC
	Logon ID:		0x3E7

Target Account:
	Security ID:		NT AUTHORITY\SYSTEM
	Account Name:		we5214srv$
	Account Domain:		WAYNECORPINC
	Logon ID:		0x3E7

Process Information:
	Process ID:		0x15c4
	Process Name:		C:\Windows\WinSxS\amd64_microsoft-windows-servicingstack_31bf3856ad364e35_10.0.10586.486_none_7640e086266ea227\TiWorker.exe

Enabled Privileges:
			SeSecurityPrivilege

Disabled Privileges:
			-
",0,0,1,0,0,0,0,0,0,0,0
1672,1470572925.0,"08/07/2016 18:28:45 PM
LogName=Security
SourceName=Microsoft Windows security auditing.
EventCode=4656
EventType=0
Type=Information
ComputerName=we5214srv.waynecorpinc.local
TaskCategory=Removable Storage
OpCode=Info
RecordNumber=17158
Keywords=Audit Success
Message=A handle to an object was requested.

Subject:
	Security ID:		NT AUTHORITY\SYSTEM
	Account Name:		we5214srv$
	Account Domain:		WAYNECORPINC
	Logon ID:		0x3E7

Object:
	Object Server:		Security
	Object Type:		File
	Object Name:		\Device\Floppy0
	Handle ID:		0x330
	Resource Attributes:	-

Process Information:
	Process ID:		0x574
	Process Name:		C:\Program Files\VMware\VMware Tools\vmtoolsd.exe

Access Request Information:
	Transaction ID:		{00000000-0000-0000-0000-000000000000}
	Accesses:		READ_CONTROL
				SYNCHRONIZE
				ReadData (or ListDirectory)
				ReadEA
				ReadAttributes
				
	Access Reasons:		-
	Access Mask:		0x120089
	Privileges Used for Access Check:	-
	Restricted SID Count:	0
",0,1,0,0,0,0,0,0,0,0,0
1673,1470573512.0,"08/07/2016 18:38:32 PM
LogName=Security
SourceName=Microsoft Windows security auditing.
EventCode=4689
EventType=0
Type=Information
ComputerName=we5214srv.waynecorpinc.local
TaskCategory=Process Termination
OpCode=Info
RecordNumber=23121
Keywords=Audit Success
Message=A process has exited.

Subject:
	Security ID:		NT AUTHORITY\SYSTEM
	Account Name:		we5214srv$
	Account Domain:		WAYNECORPINC
	Logon ID:		0x3E7

Process Information:
	Process ID:	0xb1c
	Process Name:	C:\Program Files\SplunkUniversalForwarder\bin\splunk-admon.exe
	Exit Status:	0x1
",1,0,0,0,0,0,0,0,0,0,0
1674,1470573522.0,"08/07/2016 18:38:42 PM
LogName=Security
SourceName=Microsoft Windows security auditing.
EventCode=4703
EventType=0
Type=Information
ComputerName=we5214srv.waynecorpinc.local
TaskCategory=Authorization Policy Change
OpCode=Info
RecordNumber=536800
Keywords=Audit Success
Message=A user right was adjusted.

Subject:
	Security ID:		NT AUTHORITY\SYSTEM
	Account Name:		we5214srv$
	Account Domain:		WAYNECORPINC
	Logon ID:		0x3E7

Target Account:
	Security ID:		NT AUTHORITY\SYSTEM
	Account Name:		we5214srv$
	Account Domain:		WAYNECORPINC
	Logon ID:		0x3E7

Process Information:
	Process ID:		0x15c4
	Process Name:		C:\Windows\WinSxS\amd64_microsoft-windows-servicingstack_31bf3856ad364e35_10.0.10586.486_none_7640e086266ea227\TiWorker.exe

Enabled Privileges:
			SeSecurityPrivilege

Disabled Privileges:
			-
",0,0,1,0,0,0,0,0,0,0,0
1675,1470573886.0,"08/07/2016 18:44:46 PM
LogName=Security
SourceName=Microsoft Windows security auditing.
EventCode=4672
EventType=0
Type=Information
ComputerName=we5214srv.waynecorpinc.local
TaskCategory=Special Logon
OpCode=Info
RecordNumber=49912
Keywords=Audit Success
Message=Special privileges assigned to new logon.

Subject:
	Security ID:		NT AUTHORITY\SYSTEM
	Account Name:		we5214srv$
	Account Domain:		WAYNECORPINC
	Logon ID:		0x1EB70BC

Privileges:		SeSecurityPrivilege
			SeBackupPrivilege
			SeRestorePrivilege
			SeTakeOwnershipPrivilege
			SeDebugPrivilege
			SeSystemEnvironmentPrivilege
			SeLoadDriverPrivilege
			SeImpersonatePrivilege
			SeEnableDelegationPrivilege
",0,0,0,1,0,0,0,0,0,0,0
1676,1470574509.0,"08/07/2016 18:55:09 PM
LogName=Security
SourceName=Microsoft Windows security auditing.
EventCode=4688
EventType=0
Type=Information
ComputerName=we5214srv.waynecorpinc.local
TaskCategory=Process Creation
OpCode=Info
RecordNumber=42924
Keywords=Audit Success
Message=A new process has been created.

Subject:
	Security ID:		NT AUTHORITY\SYSTEM
	Account Name:		we5214srv$
	Account Domain:		WAYNECORPINC
	Logon ID:		0x3E7

Process Information:
	New Process ID:		0xfd8
	New Process Name:	C:\Program Files\SplunkUniversalForwarder\bin\splunk-netmon.exe
	Token Elevation Type:	TokenElevationTypeDefault (1)
	Creator Process ID:	0xc24
	Process Command Line:	""C:\Program Files\SplunkUniversalForwarder\bin\splunk-netmon.exe""

Token Elevation Type indicates the type of token that was assigned to the new process in accordance with User Account Control policy.

Type 1 is a full token with no privileges removed or groups disabled.  A full token is only used if User Account Control is disabled or if the user is the built-in Administrator account or a service account.

Type 2 is an elevated token with no privileges removed or groups disabled.  An elevated token is used when User Account Control is enabled and the user chooses to start the program using Run as administrator.  An elevated token is also used when an application is configured to always require administrative privilege or to always require maximum privilege, and the user is a member of the Administrators group.

Type 3 is a limited token with administrative privileges removed and administrative groups disabled.  The limited token is used when User Account Control is enabled, the application does not require administrative privilege, and the user does not choose to start the program using Run as administrator.
",0,0,0,0,1,0,0,0,0,0,0
1677,1470574727.0,"08/07/2016 18:58:47 PM
LogName=Security
SourceName=Microsoft Windows security auditing.
EventCode=4703
EventType=0
Type=Information
ComputerName=we5214srv.waynecorpinc.local
TaskCategory=Authorization Policy Change
OpCode=Info
RecordNumber=533763
Keywords=Audit Success
Message=A user right was adjusted.

Subject:
	Security ID:		NT AUTHORITY\SYSTEM
	Account Name:		we5214srv$
	Account Domain:		WAYNECORPINC
	Logon ID:		0x3E7

Target Account:
	Security ID:		NT AUTHORITY\SYSTEM
	Account Name:		we5214srv$
	Account Domain:		WAYNECORPINC
	Logon ID:		0x3E7

Process Information:
	Process ID:		0x15c4
	Process Name:		C:\Windows\WinSxS\amd64_microsoft-windows-servicingstack_31bf3856ad364e35_10.0.10586.486_none_7640e086266ea227\TiWorker.exe

Enabled Privileges:
			SeSecurityPrivilege

Disabled Privileges:
			-
",0,0,1,0,0,0,0,0,0,0,0
1678,1470574743.0,"08/07/2016 18:59:03 PM
LogName=Security
SourceName=Microsoft Windows security auditing.
EventCode=4689
EventType=0
Type=Information
ComputerName=we5214srv.waynecorpinc.local
TaskCategory=Process Termination
OpCode=Info
RecordNumber=515496
Keywords=Audit Success
Message=A process has exited.

Subject:
	Security ID:		NT AUTHORITY\SYSTEM
	Account Name:		we5214srv$
	Account Domain:		WAYNECORPINC
	Logon ID:		0x3E7

Process Information:
	Process ID:	0x328
	Process Name:	C:\Program Files\SplunkUniversalForwarder\bin\splunk-MonitorNoHandle.exe
	Exit Status:	0x1
",1,0,0,0,0,0,0,0,0,0,0
1679,1470574800.0,"08/07/2016 19:00:00 PM
LogName=Security
SourceName=Microsoft Windows security auditing.
EventCode=4688
EventType=0
Type=Information
ComputerName=we5214srv.waynecorpinc.local
TaskCategory=Process Creation
OpCode=Info
RecordNumber=11868
Keywords=Audit Success
Message=A new process has been created.

Subject:
	Security ID:		NT AUTHORITY\SYSTEM
	Account Name:		we5214srv$
	Account Domain:		WAYNECORPINC
	Logon ID:		0x3E7

Process Information:
	New Process ID:		0xef0
	New Process Name:	C:\Program Files\SplunkUniversalForwarder\bin\splunk-winprintmon.exe
	Token Elevation Type:	TokenElevationTypeDefault (1)
	Creator Process ID:	0xddc
	Process Command Line:	""C:\Program Files\SplunkUniversalForwarder\bin\splunk-winprintmon.exe""

Token Elevation Type indicates the type of token that was assigned to the new process in accordance with User Account Control policy.

Type 1 is a full token with no privileges removed or groups disabled.  A full token is only used if User Account Control is disabled or if the user is the built-in Administrator account or a service account.

Type 2 is an elevated token with no privileges removed or groups disabled.  An elevated token is used when User Account Control is enabled and the user chooses to start the program using Run as administrator.  An elevated token is also used when an application is configured to always require administrative privilege or to always require maximum privilege, and the user is a member of the Administrators group.

Type 3 is a limited token with administrative privileges removed and administrative groups disabled.  The limited token is used when User Account Control is enabled, the application does not require administrative privilege, and the user does not choose to start the program using Run as administrator.
",0,0,0,0,1,0,0,0,0,0,0
1680,1470574941.0,"08/07/2016 19:02:21 PM
LogName=Security
SourceName=Microsoft Windows security auditing.
EventCode=4688
EventType=0
Type=Information
ComputerName=we5214srv.waynecorpinc.local
TaskCategory=Process Creation
OpCode=Info
RecordNumber=20590
Keywords=Audit Success
Message=A new process has been created.

Subject:
	Security ID:		NT AUTHORITY\SYSTEM
	Account Name:		we5214srv$
	Account Domain:		WAYNECORPINC
	Logon ID:		0x3E7

Process Information:
	New Process ID:		0xd8
	New Process Name:	C:\Program Files\SplunkUniversalForwarder\bin\splunk-netmon.exe
	Token Elevation Type:	TokenElevationTypeDefault (1)
	Creator Process ID:	0xddc
	Process Command Line:	""C:\Program Files\SplunkUniversalForwarder\bin\splunk-netmon.exe""

Token Elevation Type indicates the type of token that was assigned to the new process in accordance with User Account Control policy.

Type 1 is a full token with no privileges removed or groups disabled.  A full token is only used if User Account Control is disabled or if the user is the built-in Administrator account or a service account.

Type 2 is an elevated token with no privileges removed or groups disabled.  An elevated token is used when User Account Control is enabled and the user chooses to start the program using Run as administrator.  An elevated token is also used when an application is configured to always require administrative privilege or to always require maximum privilege, and the user is a member of the Administrators group.

Type 3 is a limited token with administrative privileges removed and administrative groups disabled.  The limited token is used when User Account Control is enabled, the application does not require administrative privilege, and the user does not choose to start the program using Run as administrator.
",0,0,0,0,1,0,0,0,0,0,0
1681,1470575081.0,"08/07/2016 19:04:41 PM
LogName=Security
SourceName=Microsoft Windows security auditing.
EventCode=4689
EventType=0
Type=Information
ComputerName=we5214srv.waynecorpinc.local
TaskCategory=Process Termination
OpCode=Info
RecordNumber=30042
Keywords=Audit Success
Message=A process has exited.

Subject:
	Security ID:		NT AUTHORITY\SYSTEM
	Account Name:		we5214srv$
	Account Domain:		WAYNECORPINC
	Logon ID:		0x3E7

Process Information:
	Process ID:	0x9a0
	Process Name:	C:\Program Files\SplunkUniversalForwarder\bin\splunk-netmon.exe
	Exit Status:	0x1
",1,0,0,0,0,0,0,0,0,0,0
1682,1470575807.0,"08/07/2016 19:16:47 PM
LogName=Security
SourceName=Microsoft Windows security auditing.
EventCode=4672
EventType=0
Type=Information
ComputerName=we5214srv.waynecorpinc.local
TaskCategory=Special Logon
OpCode=Info
RecordNumber=39047
Keywords=Audit Success
Message=Special privileges assigned to new logon.

Subject:
	Security ID:		NT AUTHORITY\SYSTEM
	Account Name:		we5214srv$
	Account Domain:		WAYNECORPINC
	Logon ID:		0x185803E

Privileges:		SeSecurityPrivilege
			SeBackupPrivilege
			SeRestorePrivilege
			SeTakeOwnershipPrivilege
			SeDebugPrivilege
			SeSystemEnvironmentPrivilege
			SeLoadDriverPrivilege
			SeImpersonatePrivilege
			SeEnableDelegationPrivilege
",0,0,0,1,0,0,0,0,0,0,0
1683,1470576104.0,"08/07/2016 19:21:44 PM
LogName=Security
SourceName=Microsoft Windows security auditing.
EventCode=4688
EventType=0
Type=Information
ComputerName=we5214srv.waynecorpinc.local
TaskCategory=Process Creation
OpCode=Info
RecordNumber=516995
Keywords=Audit Success
Message=A new process has been created.

Creator Subject:
	Security ID:		NT AUTHORITY\SYSTEM
	Account Name:		we5214srv$
	Account Domain:		WAYNECORPINC
	Logon ID:		0x3E7

Target Subject:
	Security ID:		NULL SID
	Account Name:		-
	Account Domain:		-
	Logon ID:		0x0

Process Information:
	New Process ID:		0xd4
	New Process Name:	C:\Program Files\SplunkUniversalForwarder\bin\splunk-MonitorNoHandle.exe
	Token Elevation Type:	%%1936
	Mandatory Label:		Mandatory Label\System Mandatory Level
	Creator Process ID:	0x1b0
	Creator Process Name:	C:\Program Files\SplunkUniversalForwarder\bin\splunkd.exe
	Process Command Line:	""C:\Program Files\SplunkUniversalForwarder\bin\splunk-MonitorNoHandle.exe""

Token Elevation Type indicates the type of token that was assigned to the new process in accordance with User Account Control policy.

Type 1 is a full token with no privileges removed or groups disabled.  A full token is only used if User Account Control is disabled or if the user is the built-in Administrator account or a service account.

Type 2 is an elevated token with no privileges removed or groups disabled.  An elevated token is used when User Account Control is enabled and the user chooses to start the program using Run as administrator.  An elevated token is also used when an application is configured to always require administrative privilege or to always require maximum privilege, and the user is a member of the Administrators group.

Type 3 is a limited token with administrative privileges removed and administrative groups disabled.  The limited token is used when User Account Control is enabled, the application does not require administrative privilege, and the user does not choose to start the program using Run as administrator.
",0,0,0,0,1,0,0,0,0,0,0
1684,1470576294.0,"08/07/2016 19:24:54 PM
LogName=Security
SourceName=Microsoft Windows security auditing.
EventCode=4703
EventType=0
Type=Information
ComputerName=we5214srv.waynecorpinc.local
TaskCategory=Authorization Policy Change
OpCode=Info
RecordNumber=540568
Keywords=Audit Success
Message=A user right was adjusted.

Subject:
	Security ID:		NT AUTHORITY\SYSTEM
	Account Name:		we5214srv$
	Account Domain:		WAYNECORPINC
	Logon ID:		0x3E7

Target Account:
	Security ID:		NT AUTHORITY\SYSTEM
	Account Name:		we5214srv$
	Account Domain:		WAYNECORPINC
	Logon ID:		0x3E7

Process Information:
	Process ID:		0x15c4
	Process Name:		C:\Windows\WinSxS\amd64_microsoft-windows-servicingstack_31bf3856ad364e35_10.0.10586.486_none_7640e086266ea227\TiWorker.exe

Enabled Privileges:
			SeSecurityPrivilege

Disabled Privileges:
			-
",0,0,1,0,0,0,0,0,0,0,0
1685,1470577166.0,"08/07/2016 19:39:26 PM
